src/components/admin/AdminAuctionOverview.tsx(2,1): error TS1435: Unknown keyword or identifier. Did you mean 'this'?
src/components/admin/AdminAuctionOverview.tsx(2,6): error TS1434: Unexpected keyword or identifier.
src/components/admin/AdminAuctionOverview.tsx(2,11): error TS1434: Unexpected keyword or identifier.
src/components/admin/AdminAuctionOverview.tsx(2,15): error TS1434: Unexpected keyword or identifier.
src/components/admin/AdminAuctionOverview.tsx(2,20): error TS1434: Unexpected keyword or identifier.
src/components/admin/AdminAuctionOverview.tsx(2,30): error TS1434: Unexpected keyword or identifier.
src/components/admin/AdminAuctionOverview.tsx(2,42): error TS1443: Module declaration names may only use ' or " quoted strings.
src/components/admin/AdminAuctionOverview.tsx(2,54): error TS1434: Unexpected keyword or identifier.
src/components/admin/AdminAuctionOverview.tsx(2,65): error TS1434: Unexpected keyword or identifier.
src/components/admin/AdminAuctionOverview.tsx(2,69): error TS1434: Unexpected keyword or identifier.
src/components/admin/AdminAuctionOverview.tsx(2,74): error TS1434: Unexpected keyword or identifier.
src/components/admin/AdminAuctionOverview.tsx(2,83): error TS1434: Unexpected keyword or identifier.
src/components/admin/AdminAuctionOverview.tsx(2,86): error TS1434: Unexpected keyword or identifier.
src/components/admin/AdminAuctionOverview.tsx(2,95): error TS1434: Unexpected keyword or identifier.
src/components/admin/AdminAuctionOverview.tsx(2,122): error TS1005: ';' expected.
src/components/admin/AdminAuctionOverview.tsx(2,147): error TS1005: '=' expected.
src/components/admin/AdminAuctionOverview.tsx(2,152): error TS1005: ';' expected.
src/components/admin/AdminAuctionOverview.tsx(2,157): error TS1434: Unexpected keyword or identifier.
src/components/admin/AdminAuctionOverview.tsx(2,163): error TS1434: Unexpected keyword or identifier.
src/components/admin/AdminAuctionOverview.tsx(2,166): error TS1434: Unexpected keyword or identifier.
src/components/admin/AdminAuctionOverview.tsx(2,176): error TS1434: Unexpected keyword or identifier.
src/components/admin/AdminAuctionOverview.tsx(2,182): error TS1434: Unexpected keyword or identifier.
src/components/admin/AdminAuctionOverview.tsx(2,186): error TS1434: Unexpected keyword or identifier.
src/components/admin/AdminAuctionOverview.tsx(2,207): error TS1005: ';' expected.
src/components/admin/AdminAuctionOverview.tsx(2,214): error TS1443: Module declaration names may only use ' or " quoted strings.
src/components/admin/AdminAuctionOverview.tsx(2,237): error TS1005: '=' expected.
src/components/admin/AdminAuctionOverview.tsx(2,242): error TS1005: ';' expected.
src/components/admin/AdminAuctionOverview.tsx(2,254): error TS1005: '(' expected.
src/components/admin/AdminAuctionOverview.tsx(2,264): error TS1005: ';' expected.
src/components/admin/AdminAuctionOverview.tsx(2,272): error TS1003: Identifier expected.
src/components/admin/AdminAuctionOverview.tsx(2,272): error TS1109: Expression expected.
src/components/admin/AdminAuctionOverview.tsx(4,1): error TS1005: ')' expected.
src/components/admin/AdminAuctionOverview.tsx(4,1): error TS1005: ';' expected.
src/components/admin/AdminCustomWidgetLibrary.tsx(2,1): error TS1435: Unknown keyword or identifier. Did you mean 'this'?
src/components/admin/AdminCustomWidgetLibrary.tsx(2,6): error TS1434: Unexpected keyword or identifier.
src/components/admin/AdminCustomWidgetLibrary.tsx(2,16): error TS1434: Unexpected keyword or identifier.
src/components/admin/AdminCustomWidgetLibrary.tsx(2,20): error TS1434: Unexpected keyword or identifier.
src/components/admin/AdminCustomWidgetLibrary.tsx(2,25): error TS1434: Unexpected keyword or identifier.
src/components/admin/AdminCustomWidgetLibrary.tsx(2,35): error TS1434: Unexpected keyword or identifier.
src/components/admin/AdminCustomWidgetLibrary.tsx(2,59): error TS1005: ';' expected.
src/components/admin/AdminCustomWidgetLibrary.tsx(2,64): error TS1434: Unexpected keyword or identifier.
src/components/admin/AdminCustomWidgetLibrary.tsx(2,75): error TS1434: Unexpected keyword or identifier.
src/components/admin/AdminCustomWidgetLibrary.tsx(2,84): error TS1435: Unknown keyword or identifier. Did you mean 'interface'?
src/components/admin/AdminCustomWidgetLibrary.tsx(2,95): error TS1434: Unexpected keyword or identifier.
src/components/admin/AdminCustomWidgetLibrary.tsx(2,98): error TS1434: Unexpected keyword or identifier.
src/components/admin/AdminCustomWidgetLibrary.tsx(2,105): error TS1434: Unexpected keyword or identifier.
src/components/admin/AdminCustomWidgetLibrary.tsx(2,109): error TS1434: Unexpected keyword or identifier.
src/components/admin/AdminCustomWidgetLibrary.tsx(2,115): error TS1434: Unexpected keyword or identifier.
src/components/admin/AdminCustomWidgetLibrary.tsx(2,118): error TS1434: Unexpected keyword or identifier.
src/components/admin/AdminCustomWidgetLibrary.tsx(2,122): error TS1434: Unexpected keyword or identifier.
src/components/admin/AdminCustomWidgetLibrary.tsx(2,129): error TS1434: Unexpected keyword or identifier.
src/components/admin/AdminCustomWidgetLibrary.tsx(2,134): error TS1434: Unexpected keyword or identifier.
src/components/admin/AdminCustomWidgetLibrary.tsx(2,138): error TS1434: Unexpected keyword or identifier.
src/components/admin/AdminCustomWidgetLibrary.tsx(2,148): error TS1434: Unexpected keyword or identifier.
src/components/admin/AdminCustomWidgetLibrary.tsx(2,162): error TS1434: Unexpected keyword or identifier.
src/components/admin/AdminCustomWidgetLibrary.tsx(2,169): error TS1434: Unexpected keyword or identifier.
src/components/admin/AdminCustomWidgetLibrary.tsx(2,172): error TS1434: Unexpected keyword or identifier.
src/components/admin/AdminCustomWidgetLibrary.tsx(2,178): error TS1434: Unexpected keyword or identifier.
src/components/admin/AdminCustomWidgetLibrary.tsx(2,189): error TS1434: Unexpected keyword or identifier.
src/components/admin/AdminCustomWidgetLibrary.tsx(2,192): error TS1434: Unexpected keyword or identifier.
src/components/admin/AdminCustomWidgetLibrary.tsx(2,202): error TS1434: Unexpected keyword or identifier.
src/components/admin/AdminCustomWidgetLibrary.tsx(2,209): error TS1434: Unexpected keyword or identifier.
src/components/admin/AdminCustomWidgetLibrary.tsx(2,213): error TS1435: Unknown keyword or identifier. Did you mean 'type'?
src/components/admin/AdminCustomWidgetLibrary.tsx(2,219): error TS1434: Unexpected keyword or identifier.
src/components/admin/AdminCustomWidgetLibrary.tsx(2,226): error TS1434: Unexpected keyword or identifier.
src/components/admin/AdminCustomWidgetLibrary.tsx(2,230): error TS1434: Unexpected keyword or identifier.
src/components/admin/AdminCustomWidgetLibrary.tsx(2,246): error TS1003: Identifier expected.
src/components/admin/AdminCustomWidgetLibrary.tsx(4,1): error TS1127: Invalid character.
src/components/admin/AdminCustomWidgetLibrary.tsx(4,2): error TS1127: Invalid character.
src/components/admin/AdminCustomWidgetLibrary.tsx(4,3): error TS1127: Invalid character.
src/components/admin/AdminCustomWidgetLibrary.tsx(6,3): error TS1443: Module declaration names may only use ' or " quoted strings.
src/components/admin/AdminCustomWidgetLibrary.tsx(79,38): error TS1434: Unexpected keyword or identifier.
src/components/admin/AdminCustomWidgetLibrary.tsx(79,45): error TS1434: Unexpected keyword or identifier.
src/components/admin/AdminCustomWidgetLibrary.tsx(90,23): error TS1005: ';' expected.
src/components/admin/AdminCustomWidgetLibrary.tsx(90,29): error TS1434: Unexpected keyword or identifier.
src/components/admin/AdminCustomWidgetLibrary.tsx(90,47): error TS1434: Unexpected keyword or identifier.
src/components/admin/AdminCustomWidgetLibrary.tsx(104,27): error TS1005: ';' expected.
src/components/admin/AdminCustomWidgetLibrary.tsx(104,34): error TS1434: Unexpected keyword or identifier.
src/components/admin/AdminCustomWidgetLibrary.tsx(113,21): error TS1005: ';' expected.
src/components/admin/AdminCustomWidgetLibrary.tsx(113,27): error TS1434: Unexpected keyword or identifier.
src/components/admin/AdminCustomWidgetLibrary.tsx(113,42): error TS1434: Unexpected keyword or identifier.
src/components/admin/AdminCustomWidgetLibrary.tsx(124,22): error TS1005: ';' expected.
src/components/admin/AdminCustomWidgetLibrary.tsx(124,25): error TS1443: Module declaration names may only use ' or " quoted strings.
src/components/admin/AdminCustomWidgetLibrary.tsx(151,21): error TS1434: Unexpected keyword or identifier.
src/components/admin/AdminCustomWidgetLibrary.tsx(151,27): error TS1435: Unknown keyword or identifier. Did you mean 'export'?
src/components/admin/AdminCustomWidgetLibrary.tsx(151,42): error TS1434: Unexpected keyword or identifier.
src/components/admin/LiveDashboardHealthWidget.tsx(2,1): error TS1435: Unknown keyword or identifier. Did you mean 'this'?
src/components/admin/LiveDashboardHealthWidget.tsx(2,6): error TS1434: Unexpected keyword or identifier.
src/components/admin/LiveDashboardHealthWidget.tsx(2,17): error TS1434: Unexpected keyword or identifier.
src/components/admin/LiveDashboardHealthWidget.tsx(2,35): error TS1005: ';' expected.
src/components/admin/LiveDashboardHealthWidget.tsx(2,45): error TS1435: Unknown keyword or identifier. Did you mean 'interface'?
src/components/admin/LiveDashboardHealthWidget.tsx(2,60): error TS1005: '(' expected.
src/components/admin/LiveDashboardHealthWidget.tsx(2,67): error TS1005: ';' expected.
src/components/admin/LiveDashboardHealthWidget.tsx(2,74): error TS1005: ';' expected.
src/components/admin/LiveDashboardHealthWidget.tsx(2,77): error TS1005: ')' expected.
src/components/admin/LiveDashboardHealthWidget.tsx(2,81): error TS1434: Unexpected keyword or identifier.
src/components/admin/LiveDashboardHealthWidget.tsx(2,85): error TS1434: Unexpected keyword or identifier.
src/components/admin/LiveDashboardHealthWidget.tsx(2,94): error TS1434: Unexpected keyword or identifier.
src/components/admin/LiveDashboardHealthWidget.tsx(2,109): error TS1005: ';' expected.
src/components/admin/LiveDashboardHealthWidget.tsx(2,128): error TS1443: Module declaration names may only use ' or " quoted strings.
src/components/admin/LiveDashboardHealthWidget.tsx(2,145): error TS1005: '(' expected.
src/components/admin/LiveDashboardHealthWidget.tsx(2,152): error TS1005: ';' expected.
src/components/admin/LiveDashboardHealthWidget.tsx(2,158): error TS1005: ';' expected.
src/components/admin/LiveDashboardHealthWidget.tsx(2,167): error TS1005: ')' expected.
src/components/admin/LiveDashboardHealthWidget.tsx(2,175): error TS1434: Unexpected keyword or identifier.
src/components/admin/LiveDashboardHealthWidget.tsx(2,184): error TS1434: Unexpected keyword or identifier.
src/components/admin/LiveDashboardHealthWidget.tsx(2,188): error TS1434: Unexpected keyword or identifier.
src/components/admin/LiveDashboardHealthWidget.tsx(2,205): error TS1003: Identifier expected.
src/components/admin/LiveDashboardHealthWidget.tsx(4,1): error TS1127: Invalid character.
src/components/admin/LiveDashboardHealthWidget.tsx(4,2): error TS1127: Invalid character.
src/components/admin/LiveDashboardHealthWidget.tsx(4,3): error TS1127: Invalid character.
src/components/admin/LiveDashboardHealthWidget.tsx(6,3): error TS1443: Module declaration names may only use ' or " quoted strings.
src/components/admin/LiveDashboardHealthWidget.tsx(82,33): error TS1005: ';' expected.
src/components/ai/AIBadgeOverlay.ts(2,1): error TS1434: Unexpected keyword or identifier.
src/components/ai/AIBadgeOverlay.ts(2,5): error TS1434: Unexpected keyword or identifier.
src/components/ai/AIBadgeOverlay.ts(2,15): error TS1228: A type predicate is only allowed in return type position for functions and methods.
src/components/ai/AIBadgeOverlay.ts(2,18): error TS1434: Unexpected keyword or identifier.
src/components/ai/AIBadgeOverlay.ts(2,28): error TS1434: Unexpected keyword or identifier.
src/components/ai/AIBadgeOverlay.ts(2,38): error TS1005: ';' expected.
src/components/ai/AIBadgeOverlay.ts(2,43): error TS1435: Unknown keyword or identifier. Did you mean 'undefined'?
src/components/ai/AIBadgeOverlay.ts(2,51): error TS1434: Unexpected keyword or identifier.
src/components/ai/AIBadgeOverlay.ts(2,60): error TS1435: Unknown keyword or identifier. Did you mean 'type'?
src/components/ai/AIBadgeOverlay.ts(2,70): error TS1005: '(' expected.
src/components/ai/AIBadgeOverlay.ts(2,74): error TS1005: ';' expected.
src/components/ai/AIBadgeOverlay.ts(2,80): error TS1005: ';' expected.
src/components/ai/AIBadgeOverlay.ts(2,84): error TS1005: ')' expected.
src/components/ai/AIBadgeOverlay.ts(2,116): error TS1005: ';' expected.
src/components/ai/AIBadgeOverlay.ts(2,122): error TS1434: Unexpected keyword or identifier.
src/components/ai/AIBadgeOverlay.ts(2,126): error TS1434: Unexpected keyword or identifier.
src/components/ai/AIBadgeOverlay.ts(2,132): error TS1434: Unexpected keyword or identifier.
src/components/ai/AIBadgeOverlay.ts(2,156): error TS1005: ';' expected.
src/components/ai/AIBadgeOverlay.ts(2,162): error TS1434: Unexpected keyword or identifier.
src/components/ai/AIBadgeOverlay.ts(2,165): error TS1434: Unexpected keyword or identifier.
src/components/ai/AIBadgeOverlay.ts(4,1): error TS1003: Identifier expected.
src/components/ai/AIPredictorDashboard.tsx(2,1): error TS1435: Unknown keyword or identifier. Did you mean 'this'?
src/components/ai/AIPredictorDashboard.tsx(2,6): error TS1434: Unexpected keyword or identifier.
src/components/ai/AIPredictorDashboard.tsx(2,17): error TS1434: Unexpected keyword or identifier.
src/components/ai/AIPredictorDashboard.tsx(2,27): error TS1434: Unexpected keyword or identifier.
src/components/ai/AIPredictorDashboard.tsx(2,31): error TS1434: Unexpected keyword or identifier.
src/components/ai/AIPredictorDashboard.tsx(2,40): error TS1434: Unexpected keyword or identifier.
src/components/ai/AIPredictorDashboard.tsx(2,62): error TS1005: ';' expected.
src/components/ai/AIPredictorDashboard.tsx(2,77): error TS1005: ',' expected.
src/components/ai/AIPredictorDashboard.tsx(2,81): error TS1005: '(' expected.
src/components/ai/AIPredictorDashboard.tsx(2,84): error TS1005: ';' expected.
src/components/ai/AIPredictorDashboard.tsx(2,85): error TS1109: Expression expected.
src/components/ai/AIPredictorDashboard.tsx(2,91): error TS1005: ';' expected.
src/components/ai/AIPredictorDashboard.tsx(2,99): error TS1435: Unknown keyword or identifier. Did you mean 'string'?
src/components/ai/AIPredictorDashboard.tsx(2,106): error TS1434: Unexpected keyword or identifier.
src/components/ai/AIPredictorDashboard.tsx(2,113): error TS1434: Unexpected keyword or identifier.
src/components/ai/AIPredictorDashboard.tsx(2,131): error TS1005: ';' expected.
src/components/ai/AIPredictorDashboard.tsx(2,146): error TS1005: ';' expected.
src/components/ai/AIPredictorDashboard.tsx(2,167): error TS1005: ';' expected.
src/components/ai/AIPredictorDashboard.tsx(2,177): error TS1434: Unexpected keyword or identifier.
src/components/ai/AIPredictorDashboard.tsx(2,198): error TS1003: Identifier expected.
src/components/ai/AIPredictorDashboard.tsx(4,1): error TS1127: Invalid character.
src/components/ai/AIPredictorDashboard.tsx(4,2): error TS1127: Invalid character.
src/components/ai/AIPredictorDashboard.tsx(4,3): error TS1127: Invalid character.
src/components/ai/AIPredictorDashboard.tsx(6,3): error TS1443: Module declaration names may only use ' or " quoted strings.
src/components/ai/AIPredictorDashboard.tsx(68,58): error TS1434: Unexpected keyword or identifier.
src/components/ai/AIPredictorDashboard.tsx(68,65): error TS1434: Unexpected keyword or identifier.
src/components/ai/AIPredictorDashboard.tsx(109,36): error TS1005: ';' expected.
src/components/ai/AIPredictorDashboard.tsx(109,43): error TS1434: Unexpected keyword or identifier.
src/components/ai/AIPredictorDashboard.tsx(135,26): error TS1005: ';' expected.
src/components/ai/AIPredictorDashboard.tsx(146,43): error TS1005: ';' expected.
src/components/ai/AIPredictorDashboard.tsx(146,54): error TS1005: ';' expected.
src/components/ai/AIPredictorDashboard.tsx(146,73): error TS1434: Unexpected keyword or identifier.
src/components/ai/AIPredictorDashboard.tsx(146,95): error TS1434: Unexpected keyword or identifier.
src/components/ai/AIPredictorDashboard.tsx(147,34): error TS1005: ';' expected.
src/components/ai/AIPredictorDashboard.tsx(165,43): error TS1005: ';' expected.
src/components/ai/AIPredictorDashboard.tsx(165,53): error TS1005: ';' expected.
src/components/ai/AIPredictorDashboard.tsx(165,72): error TS1434: Unexpected keyword or identifier.
src/components/ai/AIPredictorDashboard.tsx(165,94): error TS1434: Unexpected keyword or identifier.
src/components/ai/AIPredictorDashboard.tsx(166,34): error TS1005: ';' expected.
src/components/ai/AIPredictorDashboard.tsx(183,27): error TS1005: ';' expected.
src/components/ai/AIPredictorDashboard.tsx(183,61): error TS1005: ';' expected.
src/components/ai/AIScorePanel.ts(2,1): error TS1434: Unexpected keyword or identifier.
src/components/ai/AIScorePanel.ts(2,5): error TS1434: Unexpected keyword or identifier.
src/components/ai/AIScorePanel.ts(2,14): error TS1434: Unexpected keyword or identifier.
src/components/ai/AIScorePanel.ts(2,25): error TS1434: Unexpected keyword or identifier.
src/components/ai/AIScorePanel.ts(2,30): error TS1434: Unexpected keyword or identifier.
src/components/ai/AIScorePanel.ts(2,43): error TS1005: ';' expected.
src/components/ai/AIScorePanel.ts(2,47): error TS1434: Unexpected keyword or identifier.
src/components/ai/AIScorePanel.ts(2,58): error TS1434: Unexpected keyword or identifier.
src/components/ai/AIScorePanel.ts(2,69): error TS1434: Unexpected keyword or identifier.
src/components/ai/AIScorePanel.ts(2,88): error TS1005: ';' expected.
src/components/ai/AIScorePanel.ts(2,122): error TS1005: ';' expected.
src/components/ai/AIScorePanel.ts(2,127): error TS1434: Unexpected keyword or identifier.
src/components/ai/AIScorePanel.ts(2,134): error TS1435: Unknown keyword or identifier. Did you mean 'interface'?
src/components/ai/AIScorePanel.ts(2,149): error TS1005: '(' expected.
src/components/ai/AIScorePanel.ts(2,153): error TS1005: ';' expected.
src/components/ai/AIScorePanel.ts(2,159): error TS1005: ';' expected.
src/components/ai/AIScorePanel.ts(2,163): error TS1005: ')' expected.
src/components/ai/AIScorePanel.ts(2,167): error TS1434: Unexpected keyword or identifier.
src/components/ai/AIScorePanel.ts(2,173): error TS1434: Unexpected keyword or identifier.
src/components/ai/AIScorePanel.ts(2,176): error TS1434: Unexpected keyword or identifier.
src/components/ai/AIScorePanel.ts(2,180): error TS1434: Unexpected keyword or identifier.
src/components/ai/AIScorePanel.ts(2,185): error TS1435: Unknown keyword or identifier. Did you mean 'return'?
src/components/ai/AIScorePanel.ts(2,194): error TS1434: Unexpected keyword or identifier.
src/components/ai/AIScorePanel.ts(2,197): error TS1434: Unexpected keyword or identifier.
src/components/ai/AIScorePanel.ts(4,1): error TS1003: Identifier expected.
src/components/ai/BidConfidenceMeter.tsx(2,1): error TS1434: Unexpected keyword or identifier.
src/components/ai/BidConfidenceMeter.tsx(2,159): error TS1002: Unterminated string literal.
src/components/ai/BidConfidenceMeter.tsx(4,3): error TS1443: Module declaration names may only use ' or " quoted strings.
src/components/ai/BidConfidenceMeter.tsx(42,21): error TS1434: Unexpected keyword or identifier.
src/components/ai/BidConfidenceMeter.tsx(42,28): error TS1434: Unexpected keyword or identifier.
src/components/ai/BidConfidenceMeter.tsx(42,31): error TS1434: Unexpected keyword or identifier.
src/components/ai/BidConfidenceMeter.tsx(42,37): error TS1434: Unexpected keyword or identifier.
src/components/ai/BidConfidenceMeter.tsx(42,52): error TS1005: '(' expected.
src/components/ai/BidConfidenceMeter.tsx(42,60): error TS1005: ';' expected.
src/components/ai/BidConfidenceMeter.tsx(42,61): error TS1005: ';' expected.
src/components/ai/BidConfidenceMeter.tsx(58,21): error TS1005: ')' expected.
src/components/ai/BidConfidenceMeter.tsx(58,28): error TS1434: Unexpected keyword or identifier.
src/components/ai/BidConfidenceMeter.tsx(58,31): error TS1434: Unexpected keyword or identifier.
src/components/ai/BidConfidenceMeter.tsx(58,37): error TS1434: Unexpected keyword or identifier.
src/components/ai/BidConfidenceMeter.tsx(58,48): error TS1005: '(' expected.
src/components/ai/BidConfidenceMeter.tsx(58,56): error TS1005: ';' expected.
src/components/ai/BidConfidenceMeter.tsx(58,57): error TS1005: ';' expected.
src/components/ai/BidConfidenceMeter.tsx(119,1): error TS1127: Invalid character.
src/components/ai/BidConfidenceMeter.tsx(119,2): error TS1127: Invalid character.
src/components/ai/BidConfidenceMeter.tsx(119,3): error TS1127: Invalid character.
src/components/ai/BidConfidenceMeter.tsx(119,5): error TS1005: ';' expected.
src/components/ai/BidConfidenceMeter.tsx(120,17): error TS1005: ';' expected.
src/components/ai/BidConfidenceMeter.tsx(120,29): error TS1109: Expression expected.
src/components/ai/BidConfidenceMeter.tsx(120,31): error TS1434: Unexpected keyword or identifier.
src/components/ai/BidConfidenceMeter.tsx(120,37): error TS1434: Unexpected keyword or identifier.
src/components/ai/BidConfidenceMeter.tsx(120,50): error TS1443: Module declaration names may only use ' or " quoted strings.
src/components/ai/BidConfidenceMeter.tsx(120,76): error TS1434: Unexpected keyword or identifier.
src/components/ai/BidConfidenceMeter.tsx(120,79): error TS1434: Unexpected keyword or identifier.
src/components/ai/BidConfidenceMeter.tsx(120,86): error TS1434: Unexpected keyword or identifier.
src/components/ai/BidConfidenceMeter.tsx(120,90): error TS1434: Unexpected keyword or identifier.
src/components/ai/BidConfidenceMeter.tsx(120,100): error TS1005: '(' expected.
src/components/ai/BidConfidenceMeter.tsx(120,104): error TS1005: ';' expected.
src/components/ai/BidConfidenceMeter.tsx(121,1): error TS1003: Identifier expected.
src/components/ai/BidConfidenceMeter.tsx(121,12): error TS1005: ')' expected.
src/components/ai/BidConfidenceMeter.tsx(121,19): error TS1109: Expression expected.
src/components/ai/BidConfidenceMeter.tsx(121,21): error TS1434: Unexpected keyword or identifier.
src/components/ai/BidConfidenceMeter.tsx(121,31): error TS1435: Unknown keyword or identifier. Did you mean 'type'?
src/components/ai/BidConfidenceMeter.tsx(121,41): error TS1005: '(' expected.
src/components/ai/BidConfidenceMeter.tsx(121,47): error TS1005: ';' expected.
src/components/ai/BidConfidenceMeter.tsx(121,57): error TS1005: ';' expected.
src/components/ai/BidConfidenceMeter.tsx(121,63): error TS1005: ')' expected.
src/components/ai/BidConfidenceMeter.tsx(121,63): error TS1434: Unexpected keyword or identifier.
src/components/ai/BidConfidenceMeter.tsx(121,93): error TS1002: Unterminated string literal.
src/components/ai/BidConfidenceMeter.tsx(122,15): error TS1005: ';' expected.
src/components/ai/BidConfidenceMeter.tsx(122,31): error TS1109: Expression expected.
src/components/ai/BidConfidenceMeter.tsx(122,33): error TS1434: Unexpected keyword or identifier.
src/components/ai/BidConfidenceMeter.tsx(122,43): error TS1434: Unexpected keyword or identifier.
src/components/ai/BidConfidenceMeter.tsx(122,95): error TS1005: ';' expected.
src/components/ai/BidConfidenceMeter.tsx(123,12): error TS1005: ';' expected.
src/components/ai/BidConfidenceMeter.tsx(123,22): error TS1109: Expression expected.
src/components/ai/BidConfidenceMeter.tsx(123,29): error TS1443: Module declaration names may only use ' or " quoted strings.
src/components/ai/BidConfidenceMeter.tsx(123,40): error TS2457: Type alias name cannot be 'for'.
src/components/ai/BidConfidenceMeter.tsx(123,44): error TS1005: '(' expected.
src/components/ai/BidConfidenceMeter.tsx(123,50): error TS1005: ';' expected.
src/components/ai/BidConfidenceMeter.tsx(123,59): error TS1005: ';' expected.
src/components/ai/BidConfidenceMeter.tsx(123,62): error TS1005: ')' expected.
src/components/ai/BidConfidenceMeter.tsx(123,71): error TS1434: Unexpected keyword or identifier.
src/components/ai/BidConfidenceMeter.tsx(123,89): error TS1005: '(' expected.
src/components/ai/BidConfidenceMeter.tsx(123,97): error TS1005: ')' expected.
src/components/ai/BidConfidenceMeter.tsx(124,1): error TS1003: Identifier expected.
src/components/ai/BidConfidenceMeter.tsx(124,10): error TS1005: ';' expected.
src/components/ai/BidConfidenceMeter.tsx(124,26): error TS1109: Expression expected.
src/components/ai/BidConfidenceMeter.tsx(124,28): error TS1434: Unexpected keyword or identifier.
src/components/ai/BidConfidenceMeter.tsx(124,36): error TS1434: Unexpected keyword or identifier.
src/components/ai/BidConfidenceMeter.tsx(124,40): error TS1434: Unexpected keyword or identifier.
src/components/ai/BidConfidenceMeter.tsx(124,45): error TS1434: Unexpected keyword or identifier.
src/components/ai/BidConfidenceMeter.tsx(124,60): error TS1443: Module declaration names may only use ' or " quoted strings.
src/components/ai/BidConfidenceMeter.tsx(124,70): error TS1443: Module declaration names may only use ' or " quoted strings.
src/components/ai/BidConfidenceMeter.tsx(124,77): error TS1434: Unexpected keyword or identifier.
src/components/ai/BidConfidenceMeter.tsx(124,80): error TS1434: Unexpected keyword or identifier.
src/components/ai/BidConfidenceMeter.tsx(124,89): error TS1434: Unexpected keyword or identifier.
src/components/ai/BidConfidenceMeter.tsx(124,94): error TS1434: Unexpected keyword or identifier.
src/components/ai/BidConfidenceMeter.tsx(124,97): error TS1434: Unexpected keyword or identifier.
src/components/ai/BidConfidenceMeter.tsx(124,106): error TS1434: Unexpected keyword or identifier.
src/components/ai/BidConfidenceMeter.tsx(124,117): error TS1434: Unexpected keyword or identifier.
src/components/ai/BidConfidenceMeter.tsx(124,125): error TS1003: Identifier expected.
src/components/ai/BidStrategyAdvisor.tsx(2,1): error TS1434: Unexpected keyword or identifier.
src/components/ai/BidStrategyAdvisor.tsx(2,159): error TS1002: Unterminated string literal.
src/components/ai/BidStrategyAdvisor.tsx(85,1): error TS1127: Invalid character.
src/components/ai/BidStrategyAdvisor.tsx(85,2): error TS1127: Invalid character.
src/components/ai/BidStrategyAdvisor.tsx(85,3): error TS1127: Invalid character.
src/components/ai/BidStrategyAdvisor.tsx(85,5): error TS1005: ';' expected.
src/components/ai/BidStrategyAdvisor.tsx(86,11): error TS1005: ';' expected.
src/components/ai/BidStrategyAdvisor.tsx(86,24): error TS1109: Expression expected.
src/components/ai/BidStrategyAdvisor.tsx(86,26): error TS1434: Unexpected keyword or identifier.
src/components/ai/BidStrategyAdvisor.tsx(86,43): error TS1443: Module declaration names may only use ' or " quoted strings.
src/components/ai/BidStrategyAdvisor.tsx(86,61): error TS1443: Module declaration names may only use ' or " quoted strings.
src/components/ai/BidStrategyAdvisor.tsx(86,87): error TS1434: Unexpected keyword or identifier.
src/components/ai/BidStrategyAdvisor.tsx(86,90): error TS1434: Unexpected keyword or identifier.
src/components/ai/BidStrategyAdvisor.tsx(86,97): error TS1434: Unexpected keyword or identifier.
src/components/ai/BidStrategyAdvisor.tsx(86,101): error TS1435: Unknown keyword or identifier. Did you mean 'type'?
src/components/ai/BidStrategyAdvisor.tsx(86,111): error TS1005: '(' expected.
src/components/ai/BidStrategyAdvisor.tsx(86,115): error TS1005: ';' expected.
src/components/ai/BidStrategyAdvisor.tsx(86,124): error TS1005: ';' expected.
src/components/ai/BidStrategyAdvisor.tsx(86,128): error TS1005: ')' expected.
src/components/ai/BidStrategyAdvisor.tsx(87,1): error TS1003: Identifier expected.
src/components/ai/BidStrategyAdvisor.tsx(87,12): error TS1005: ';' expected.
src/components/ai/BidStrategyAdvisor.tsx(87,19): error TS1109: Expression expected.
src/components/ai/BidStrategyAdvisor.tsx(87,21): error TS1434: Unexpected keyword or identifier.
src/components/ai/BidStrategyAdvisor.tsx(87,31): error TS1435: Unknown keyword or identifier. Did you mean 'type'?
src/components/ai/BidStrategyAdvisor.tsx(87,41): error TS1005: '(' expected.
src/components/ai/BidStrategyAdvisor.tsx(87,45): error TS1005: ';' expected.
src/components/ai/BidStrategyAdvisor.tsx(87,51): error TS1005: ';' expected.
src/components/ai/BidStrategyAdvisor.tsx(87,61): error TS1005: ')' expected.
src/components/ai/BidStrategyAdvisor.tsx(87,77): error TS1005: ',' expected.
src/components/ai/BidStrategyAdvisor.tsx(87,97): error TS1002: Unterminated string literal.
src/components/ai/BidStrategyAdvisor.tsx(88,15): error TS1005: ';' expected.
src/components/ai/BidStrategyAdvisor.tsx(88,25): error TS1109: Expression expected.
src/components/ai/BidStrategyAdvisor.tsx(88,27): error TS1434: Unexpected keyword or identifier.
src/components/ai/BidStrategyAdvisor.tsx(88,32): error TS1434: Unexpected keyword or identifier.
src/components/ai/BidStrategyAdvisor.tsx(88,57): error TS1005: ';' expected.
src/components/ai/BidStrategyAdvisor.tsx(88,60): error TS1434: Unexpected keyword or identifier.
src/components/ai/BidStrategyAdvisor.tsx(88,67): error TS1435: Unknown keyword or identifier. Did you mean 'accessor'?
src/components/ai/BidStrategyAdvisor.tsx(88,74): error TS1434: Unexpected keyword or identifier.
src/components/ai/BidStrategyAdvisor.tsx(88,88): error TS1443: Module declaration names may only use ' or " quoted strings.
src/components/ai/BidStrategyAdvisor.tsx(88,99): error TS1434: Unexpected keyword or identifier.
src/components/ai/BidStrategyAdvisor.tsx(88,105): error TS1434: Unexpected keyword or identifier.
src/components/ai/BidStrategyAdvisor.tsx(89,1): error TS1003: Identifier expected.
src/components/ai/BidStrategyAdvisor.tsx(89,11): error TS1005: ';' expected.
src/components/ai/BidStrategyAdvisor.tsx(89,22): error TS1109: Expression expected.
src/components/ai/BidStrategyAdvisor.tsx(89,24): error TS1434: Unexpected keyword or identifier.
src/components/ai/BidStrategyAdvisor.tsx(89,32): error TS1434: Unexpected keyword or identifier.
src/components/ai/BidStrategyAdvisor.tsx(89,36): error TS1434: Unexpected keyword or identifier.
src/components/ai/BidStrategyAdvisor.tsx(89,41): error TS1434: Unexpected keyword or identifier.
src/components/ai/BidStrategyAdvisor.tsx(89,56): error TS1443: Module declaration names may only use ' or " quoted strings.
src/components/ai/BidStrategyAdvisor.tsx(89,66): error TS1443: Module declaration names may only use ' or " quoted strings.
src/components/ai/BidStrategyAdvisor.tsx(89,73): error TS1434: Unexpected keyword or identifier.
src/components/ai/BidStrategyAdvisor.tsx(89,76): error TS1434: Unexpected keyword or identifier.
src/components/ai/BidStrategyAdvisor.tsx(89,85): error TS1434: Unexpected keyword or identifier.
src/components/ai/BidStrategyAdvisor.tsx(89,90): error TS1434: Unexpected keyword or identifier.
src/components/ai/BidStrategyAdvisor.tsx(89,93): error TS1434: Unexpected keyword or identifier.
src/components/ai/BidStrategyAdvisor.tsx(89,102): error TS1434: Unexpected keyword or identifier.
src/components/ai/BidStrategyAdvisor.tsx(89,113): error TS1434: Unexpected keyword or identifier.
src/components/ai/BidStrategyAdvisor.tsx(89,121): error TS1003: Identifier expected.
src/components/ai/PredictiveComparison.tsx(2,1): error TS1434: Unexpected keyword or identifier.
src/components/ai/PredictiveComparison.tsx(2,129): error TS1002: Unterminated string literal.
src/components/ai/PredictiveComparison.tsx(4,3): error TS1443: Module declaration names may only use ' or " quoted strings.
src/components/ai/PredictiveComparison.tsx(56,23): error TS1434: Unexpected keyword or identifier.
src/components/ai/PredictiveComparison.tsx(56,29): error TS1434: Unexpected keyword or identifier.
src/components/ai/PredictiveComparison.tsx(56,38): error TS1434: Unexpected keyword or identifier.
src/components/ai/PredictiveComparison.tsx(56,48): error TS1434: Unexpected keyword or identifier.
src/components/ai/PredictiveComparison.tsx(56,57): error TS1005: '(' expected.
src/components/ai/PredictiveComparison.tsx(56,65): error TS1005: ';' expected.
src/components/ai/PredictiveComparison.tsx(56,66): error TS1005: ';' expected.
src/components/ai/PredictiveComparison.tsx(56,77): error TS1005: ')' expected.
src/components/ai/PredictiveComparison.tsx(56,79): error TS1434: Unexpected keyword or identifier.
src/components/ai/PredictiveComparison.tsx(73,21): error TS1005: ';' expected.
src/components/ai/PredictiveComparison.tsx(73,31): error TS1434: Unexpected keyword or identifier.
src/components/ai/PredictiveComparison.tsx(73,41): error TS1005: '(' expected.
src/components/ai/PredictiveComparison.tsx(73,49): error TS1005: ';' expected.
src/components/ai/PredictiveComparison.tsx(73,50): error TS1005: ';' expected.
src/components/ai/PredictiveComparison.tsx(73,61): error TS1005: ')' expected.
src/components/ai/PredictiveComparison.tsx(73,63): error TS1434: Unexpected keyword or identifier.
src/components/ai/PredictiveComparison.tsx(83,20): error TS1005: ';' expected.
src/components/ai/PredictiveComparison.tsx(83,29): error TS1434: Unexpected keyword or identifier.
src/components/ai/PredictiveComparison.tsx(83,43): error TS1005: '(' expected.
src/components/ai/PredictiveComparison.tsx(83,51): error TS1005: ';' expected.
src/components/ai/PredictiveComparison.tsx(83,52): error TS1005: ';' expected.
src/components/ai/PredictiveComparison.tsx(85,21): error TS1005: ')' expected.
src/components/ai/PredictiveComparison.tsx(85,28): error TS1434: Unexpected keyword or identifier.
src/components/ai/PredictiveComparison.tsx(85,31): error TS1434: Unexpected keyword or identifier.
src/components/ai/PredictiveComparison.tsx(85,38): error TS1434: Unexpected keyword or identifier.
src/components/ai/PredictiveComparison.tsx(85,51): error TS1005: '(' expected.
src/components/ai/PredictiveComparison.tsx(85,59): error TS1005: ';' expected.
src/components/ai/PredictiveComparison.tsx(85,60): error TS1005: ';' expected.
src/components/ai/PredictiveComparison.tsx(85,71): error TS1005: ')' expected.
src/components/ai/PredictiveComparison.tsx(85,73): error TS1434: Unexpected keyword or identifier.
src/components/ai/PredictiveComparison.tsx(167,1): error TS1127: Invalid character.
src/components/ai/PredictiveComparison.tsx(167,2): error TS1127: Invalid character.
src/components/ai/PredictiveComparison.tsx(167,3): error TS1127: Invalid character.
src/components/ai/PredictiveComparison.tsx(167,5): error TS1005: ';' expected.
src/components/ai/PredictiveComparison.tsx(168,11): error TS1005: ';' expected.
src/components/ai/PredictiveComparison.tsx(168,24): error TS1109: Expression expected.
src/components/ai/PredictiveComparison.tsx(168,26): error TS1434: Unexpected keyword or identifier.
src/components/ai/PredictiveComparison.tsx(168,32): error TS1435: Unknown keyword or identifier. Did you mean 'interface'?
src/components/ai/PredictiveComparison.tsx(168,47): error TS1005: '(' expected.
src/components/ai/PredictiveComparison.tsx(168,51): error TS1005: ';' expected.
src/components/ai/PredictiveComparison.tsx(168,61): error TS1005: ';' expected.
src/components/ai/PredictiveComparison.tsx(168,67): error TS1005: ')' expected.
src/components/ai/PredictiveComparison.tsx(168,71): error TS1434: Unexpected keyword or identifier.
src/components/ai/PredictiveComparison.tsx(169,1): error TS1003: Identifier expected.
src/components/ai/PredictiveComparison.tsx(169,12): error TS1005: ';' expected.
src/components/ai/PredictiveComparison.tsx(169,19): error TS1109: Expression expected.
src/components/ai/PredictiveComparison.tsx(169,21): error TS1434: Unexpected keyword or identifier.
src/components/ai/PredictiveComparison.tsx(169,31): error TS1435: Unknown keyword or identifier. Did you mean 'type'?
src/components/ai/PredictiveComparison.tsx(169,41): error TS1005: '(' expected.
src/components/ai/PredictiveComparison.tsx(169,47): error TS1005: ';' expected.
src/components/ai/PredictiveComparison.tsx(169,57): error TS1005: ';' expected.
src/components/ai/PredictiveComparison.tsx(169,63): error TS1005: ')' expected.
src/components/ai/PredictiveComparison.tsx(169,63): error TS1434: Unexpected keyword or identifier.
src/components/ai/PredictiveComparison.tsx(169,85): error TS1002: Unterminated string literal.
src/components/ai/PredictiveComparison.tsx(170,12): error TS1005: ';' expected.
src/components/ai/PredictiveComparison.tsx(170,24): error TS1109: Expression expected.
src/components/ai/PredictiveComparison.tsx(170,26): error TS1434: Unexpected keyword or identifier.
src/components/ai/PredictiveComparison.tsx(170,36): error TS1435: Unknown keyword or identifier. Did you mean 'type'?
src/components/ai/PredictiveComparison.tsx(170,46): error TS1005: '(' expected.
src/components/ai/PredictiveComparison.tsx(170,50): error TS1005: ';' expected.
src/components/ai/PredictiveComparison.tsx(170,55): error TS1005: ';' expected.
src/components/ai/PredictiveComparison.tsx(170,64): error TS1005: ')' expected.
src/components/ai/PredictiveComparison.tsx(170,69): error TS1434: Unexpected keyword or identifier.
src/components/ai/PredictiveComparison.tsx(171,1): error TS1003: Identifier expected.
src/components/ai/PredictiveComparison.tsx(171,15): error TS1005: ';' expected.
src/components/ai/PredictiveComparison.tsx(171,27): error TS1109: Expression expected.
src/components/ai/PredictiveComparison.tsx(171,29): error TS1434: Unexpected keyword or identifier.
src/components/ai/PredictiveComparison.tsx(171,35): error TS1435: Unknown keyword or identifier. Did you mean 'type'?
src/components/ai/PredictiveComparison.tsx(171,45): error TS1005: '(' expected.
src/components/ai/PredictiveComparison.tsx(171,66): error TS1005: ';' expected.
src/components/ai/PredictiveComparison.tsx(171,84): error TS1005: '(' expected.
src/components/ai/PredictiveComparison.tsx(171,85): error TS1003: Identifier expected.
src/components/ai/PredictiveComparison.tsx(173,1): error TS1005: ';' expected.
src/components/ai/PredictiveComparison.tsx(173,7): error TS1005: ')' expected.
src/components/ai/PredictiveComparison.tsx(173,15): error TS1434: Unexpected keyword or identifier.
src/components/ai/PredictiveComparison.tsx(173,22): error TS1434: Unexpected keyword or identifier.
src/components/ai/PredictiveComparison.tsx(173,27): error TS1434: Unexpected keyword or identifier.
src/components/ai/PredictiveComparison.tsx(173,31): error TS1434: Unexpected keyword or identifier.
src/components/ai/PredictiveComparison.tsx(173,36): error TS1228: A type predicate is only allowed in return type position for functions and methods.
src/components/ai/PredictiveComparison.tsx(173,49): error TS1005: ';' expected.
src/components/ai/PredictiveComparison.tsx(173,55): error TS1005: '(' expected.
src/components/ai/PredictiveComparison.tsx(173,67): error TS1005: ')' expected.
src/components/ai/PredictiveComparison.tsx(173,71): error TS1434: Unexpected keyword or identifier.
src/components/ai/PredictiveComparison.tsx(173,80): error TS1435: Unknown keyword or identifier. Did you mean 'function ality'?
src/components/ai/PredictiveComparison.tsx(173,94): error TS1434: Unexpected keyword or identifier.
src/components/ai/PredictiveComparison.tsx(173,108): error TS1003: Identifier expected.
src/components/ai/SmartInsightsWidget.ts(2,1): error TS1434: Unexpected keyword or identifier.
src/components/ai/SmartInsightsWidget.ts(2,165): error TS1002: Unterminated string literal.
src/components/ai/SmartInsightsWidget.ts(4,3): error TS1443: Module declaration names may only use ' or " quoted strings.
src/components/ai/SmartInsightsWidget.ts(55,51): error TS1005: ';' expected.
src/components/ai/SmartInsightsWidget.ts(65,33): error TS1005: ';' expected.
src/components/ai/SmartInsightsWidget.ts(65,51): error TS1005: ';' expected.
src/components/ai/SmartInsightsWidget.ts(90,1): error TS1434: Unexpected keyword or identifier.
src/components/ai/SmartInsightsWidget.ts(90,5): error TS1434: Unexpected keyword or identifier.
src/components/ai/SmartInsightsWidget.ts(90,13): error TS1434: Unexpected keyword or identifier.
src/components/ai/SmartInsightsWidget.ts(92,4): error TS1005: ';' expected.
src/components/ai/SmartInsightsWidget.ts(92,9): error TS1434: Unexpected keyword or identifier.
src/components/ai/SmartInsightsWidget.ts(92,19): error TS1434: Unexpected keyword or identifier.
src/components/ai/SmartInsightsWidget.ts(92,30): error TS1443: Module declaration names may only use ' or " quoted strings.
src/components/ai/SmartInsightsWidget.ts(92,37): error TS1434: Unexpected keyword or identifier.
src/components/ai/SmartInsightsWidget.ts(92,40): error TS1434: Unexpected keyword or identifier.
src/components/ai/SmartInsightsWidget.ts(92,48): error TS1434: Unexpected keyword or identifier.
src/components/ai/SmartInsightsWidget.ts(92,52): error TS1434: Unexpected keyword or identifier.
src/components/ai/SmartInsightsWidget.ts(92,56): error TS1434: Unexpected keyword or identifier.
src/components/ai/SmartInsightsWidget.ts(94,1): error TS1003: Identifier expected.
src/components/ai/SmartInsightsWidget.ts(94,4): error TS1005: ';' expected.
src/components/ai/SmartInsightsWidget.ts(94,10): error TS1443: Module declaration names may only use ' or " quoted strings.
src/components/ai/SmartInsightsWidget.ts(94,22): error TS1434: Unexpected keyword or identifier.
src/components/ai/SmartInsightsWidget.ts(94,38): error TS1005: '(' expected.
src/components/ai/SmartInsightsWidget.ts(94,48): error TS1005: ';' expected.
src/components/ai/SmartInsightsWidget.ts(94,79): error TS1005: ';' expected.
src/components/ai/SmartInsightsWidget.ts(94,82): error TS1005: ')' expected.
src/components/ai/SmartInsightsWidget.ts(94,91): error TS1005: '=' expected.
src/components/ai/SmartInsightsWidget.ts(94,101): error TS1005: ';' expected.
src/components/ai/SmartInsightsWidget.ts(94,107): error TS1434: Unexpected keyword or identifier.
src/components/ai/SmartInsightsWidget.ts(94,115): error TS1443: Module declaration names may only use ' or " quoted strings.
src/components/ai/SmartInsightsWidget.ts(94,126): error TS1434: Unexpected keyword or identifier.
src/components/ai/SmartInsightsWidget.ts(96,1): error TS1003: Identifier expected.
src/components/ai/SmartInsightsWidget.ts(96,4): error TS1005: ';' expected.
src/components/ai/SmartInsightsWidget.ts(96,12): error TS1434: Unexpected keyword or identifier.
src/components/ai/SmartInsightsWidget.ts(96,16): error TS1434: Unexpected keyword or identifier.
src/components/ai/SmartInsightsWidget.ts(96,26): error TS1434: Unexpected keyword or identifier.
src/components/ai/SmartInsightsWidget.ts(96,38): error TS1434: Unexpected keyword or identifier.
src/components/ai/SmartInsightsWidget.ts(96,45): error TS1443: Module declaration names may only use ' or " quoted strings.
src/components/ai/SmartInsightsWidget.ts(96,86): error TS1005: '(' expected.
src/components/ai/SmartInsightsWidget.ts(96,93): error TS1005: ';' expected.
src/components/ai/SmartInsightsWidget.ts(96,98): error TS1005: ';' expected.
src/components/ai/SmartInsightsWidget.ts(96,108): error TS1005: ')' expected.
src/components/ai/SmartInsightsWidget.ts(96,112): error TS1434: Unexpected keyword or identifier.
src/components/ai/SmartInsightsWidget.ts(98,1): error TS1003: Identifier expected.
src/components/ai/SmartInsightsWidget.ts(98,4): error TS1005: ';' expected.
src/components/ai/SmartInsightsWidget.ts(98,10): error TS1434: Unexpected keyword or identifier.
src/components/ai/SmartInsightsWidget.ts(98,24): error TS1443: Module declaration names may only use ' or " quoted strings.
src/components/ai/SmartInsightsWidget.ts(98,35): error TS1434: Unexpected keyword or identifier.
src/components/ai/SmartInsightsWidget.ts(98,42): error TS1443: Module declaration names may only use ' or " quoted strings.
src/components/ai/SmartInsightsWidget.ts(98,53): error TS1434: Unexpected keyword or identifier.
src/components/ai/SmartInsightsWidget.ts(98,62): error TS1005: '(' expected.
src/components/ai/SmartInsightsWidget.ts(100,1): error TS1003: Identifier expected.
src/components/ai/SmartInsightsWidget.ts(100,4): error TS1005: ';' expected.
src/components/ai/SmartInsightsWidget.ts(100,10): error TS1005: ')' expected.
src/components/ai/SmartInsightsWidget.ts(100,24): error TS1443: Module declaration names may only use ' or " quoted strings.
src/components/ai/SmartInsightsWidget.ts(100,33): error TS1434: Unexpected keyword or identifier.
src/components/ai/SmartInsightsWidget.ts(100,40): error TS1443: Module declaration names may only use ' or " quoted strings.
src/components/ai/SmartInsightsWidget.ts(100,74): error TS1005: '(' expected.
src/components/ai/SmartInsightsWidget.ts(102,4): error TS1005: ';' expected.
src/components/ai/SmartInsightsWidget.ts(102,16): error TS1443: Module declaration names may only use ' or " quoted strings.
src/components/ai/SmartInsightsWidget.ts(102,39): error TS1005: '=' expected.
src/components/ai/SmartInsightsWidget.ts(102,49): error TS1005: ';' expected.
src/components/ai/SmartInsightsWidget.ts(102,51): error TS1434: Unexpected keyword or identifier.
src/components/ai/SmartInsightsWidget.ts(102,54): error TS1434: Unexpected keyword or identifier.
src/components/ai/SmartInsightsWidget.ts(102,65): error TS1434: Unexpected keyword or identifier.
src/components/ai/SmartInsightsWidget.ts(102,94): error TS1005: '=' expected.
src/components/ai/SmartInsightsWidget.ts(104,1): error TS1003: Identifier expected.
src/components/ai/SmartInsightsWidget.ts(104,4): error TS1005: ';' expected.
src/components/ai/SmartInsightsWidget.ts(104,8): error TS1005: 'export' expected.
src/components/ai/SmartInsightsWidget.ts(104,16): error TS1434: Unexpected keyword or identifier.
src/components/ai/SmartInsightsWidget.ts(104,27): error TS1005: '(' expected.
src/components/ai/SmartInsightsWidget.ts(104,38): error TS1005: ';' expected.
src/components/ai/SmartInsightsWidget.ts(104,61): error TS1005: ';' expected.
src/components/ai/SmartInsightsWidget.ts(104,71): error TS1005: ')' expected.
src/components/ai/SmartInsightsWidget.ts(104,82): error TS1434: Unexpected keyword or identifier.
src/components/ai/SmartInsightsWidget.ts(104,85): error TS1435: Unknown keyword or identifier. Did you mean 'catch'?
src/components/ai/SmartInsightsWidget.ts(104,91): error TS1434: Unexpected keyword or identifier.
src/components/ai/SmartInsightsWidget.ts(104,95): error TS1434: Unexpected keyword or identifier.
src/components/ai/SmartInsightsWidget.ts(106,1): error TS1003: Identifier expected.
src/components/ai/SmartInsightsWidget.ts(106,4): error TS1005: ';' expected.
src/components/ai/SmartInsightsWidget.ts(106,14): error TS1434: Unexpected keyword or identifier.
src/components/ai/SmartInsightsWidget.ts(106,18): error TS1434: Unexpected keyword or identifier.
src/components/ai/SmartInsightsWidget.ts(106,49): error TS1005: ';' expected.
src/components/ai/SmartInsightsWidget.ts(106,53): error TS1434: Unexpected keyword or identifier.
src/components/ai/SmartInsightsWidget.ts(106,61): error TS1434: Unexpected keyword or identifier.
src/components/ai/SmartInsightsWidget.ts(106,71): error TS1434: Unexpected keyword or identifier.
src/components/ai/SmartInsightsWidget.ts(106,74): error TS1434: Unexpected keyword or identifier.
src/components/ai/SmartInsightsWidget.ts(106,88): error TS1003: Identifier expected.
src/components/ai/SmartInsightsWidget.ts(108,1): error TS1434: Unexpected keyword or identifier.
src/components/ai/SmartInsightsWidget.ts(108,7): error TS1434: Unexpected keyword or identifier.
src/components/ai/SmartInsightsWidget.ts(108,15): error TS1434: Unexpected keyword or identifier.
src/components/ai/SmartInsightsWidget.ts(108,24): error TS1434: Unexpected keyword or identifier.
src/components/ai/SmartInsightsWidget.ts(108,28): error TS1434: Unexpected keyword or identifier.
src/components/ai/SmartInsightsWidget.ts(108,37): error TS1435: Unknown keyword or identifier. Did you mean 'function ality'?
src/components/ai/SmartInsightsWidget.ts(108,57): error TS1005: '(' expected.
src/components/ai/SmartInsightsWidget.ts(108,64): error TS1005: ')' expected.
src/components/ai/SmartInsightsWidget.ts(108,75): error TS1435: Unknown keyword or identifier. Did you mean 'type'?
src/components/ai/SmartInsightsWidget.ts(108,85): error TS1005: '(' expected.
src/components/ai/SmartInsightsWidget.ts(108,92): error TS1005: ';' expected.
src/components/ai/SmartInsightsWidget.ts(108,97): error TS1005: ';' expected.
src/components/ai/SmartInsightsWidget.ts(108,104): error TS1005: ')' expected.
src/components/ai/SmartInsightsWidget.ts(108,108): error TS1434: Unexpected keyword or identifier.
src/components/ai/SmartInsightsWidget.ts(108,134): error TS1005: ';' expected.
src/components/ai/SmartInsightsWidget.ts(108,142): error TS1434: Unexpected keyword or identifier.
src/components/ai/SmartInsightsWidget.ts(108,151): error TS1434: Unexpected keyword or identifier.
src/components/ai/SmartInsightsWidget.ts(108,169): error TS1003: Identifier expected.
src/components/ai/TrustScoreViewer.tsx(2,1): error TS1434: Unexpected keyword or identifier.
src/components/ai/TrustScoreViewer.tsx(2,4): error TS1434: Unexpected keyword or identifier.
src/components/ai/TrustScoreViewer.tsx(2,17): error TS1005: ';' expected.
src/components/ai/TrustScoreViewer.tsx(2,28): error TS1434: Unexpected keyword or identifier.
src/components/ai/TrustScoreViewer.tsx(2,31): error TS1434: Unexpected keyword or identifier.
src/components/ai/TrustScoreViewer.tsx(2,55): error TS1005: ';' expected.
src/components/ai/TrustScoreViewer.tsx(2,135): error TS1005: ';' expected.
src/components/ai/TrustScoreViewer.tsx(2,137): error TS1434: Unexpected keyword or identifier.
src/components/ai/TrustScoreViewer.tsx(2,141): error TS1434: Unexpected keyword or identifier.
src/components/ai/TrustScoreViewer.tsx(4,3): error TS1443: Module declaration names may only use ' or " quoted strings.
src/components/ai/TrustScoreViewer.tsx(55,21): error TS1434: Unexpected keyword or identifier.
src/components/ai/TrustScoreViewer.tsx(55,28): error TS1434: Unexpected keyword or identifier.
src/components/ai/TrustScoreViewer.tsx(55,31): error TS1434: Unexpected keyword or identifier.
src/components/ai/TrustScoreViewer.tsx(55,37): error TS1434: Unexpected keyword or identifier.
src/components/ai/TrustScoreViewer.tsx(55,43): error TS1434: Unexpected keyword or identifier.
src/components/ai/TrustScoreViewer.tsx(55,53): error TS1005: '(' expected.
src/components/ai/TrustScoreViewer.tsx(55,58): error TS1005: ';' expected.
src/components/ai/TrustScoreViewer.tsx(55,59): error TS1005: ';' expected.
src/components/ai/TrustScoreViewer.tsx(71,21): error TS1005: ')' expected.
src/components/ai/TrustScoreViewer.tsx(71,28): error TS1434: Unexpected keyword or identifier.
src/components/ai/TrustScoreViewer.tsx(71,31): error TS1434: Unexpected keyword or identifier.
src/components/ai/TrustScoreViewer.tsx(71,37): error TS1434: Unexpected keyword or identifier.
src/components/ai/TrustScoreViewer.tsx(71,43): error TS1434: Unexpected keyword or identifier.
src/components/ai/TrustScoreViewer.tsx(71,53): error TS1005: '(' expected.
src/components/ai/TrustScoreViewer.tsx(71,58): error TS1005: ';' expected.
src/components/ai/TrustScoreViewer.tsx(71,59): error TS1005: ';' expected.
src/components/ai/TrustScoreViewer.tsx(133,1): error TS1005: ')' expected.
src/components/ai/TrustScoreViewer.tsx(133,5): error TS1434: Unexpected keyword or identifier.
src/components/ai/TrustScoreViewer.tsx(133,13): error TS1434: Unexpected keyword or identifier.
src/components/ai/TrustScoreViewer.tsx(135,4): error TS1005: ';' expected.
src/components/ai/TrustScoreViewer.tsx(135,9): error TS1434: Unexpected keyword or identifier.
src/components/ai/TrustScoreViewer.tsx(135,19): error TS1434: Unexpected keyword or identifier.
src/components/ai/TrustScoreViewer.tsx(135,32): error TS1443: Module declaration names may only use ' or " quoted strings.
src/components/ai/TrustScoreViewer.tsx(135,42): error TS1443: Module declaration names may only use ' or " quoted strings.
src/components/ai/TrustScoreViewer.tsx(135,49): error TS1434: Unexpected keyword or identifier.
src/components/ai/TrustScoreViewer.tsx(135,52): error TS1434: Unexpected keyword or identifier.
src/components/ai/TrustScoreViewer.tsx(135,60): error TS1434: Unexpected keyword or identifier.
src/components/ai/TrustScoreViewer.tsx(137,1): error TS1003: Identifier expected.
src/components/ai/TrustScoreViewer.tsx(137,4): error TS1005: ';' expected.
src/components/ai/TrustScoreViewer.tsx(137,25): error TS1005: '=' expected.
src/components/ai/TrustScoreViewer.tsx(138,18): error TS1005: ';' expected.
src/components/ai/TrustScoreViewer.tsx(138,21): error TS1434: Unexpected keyword or identifier.
src/components/ai/TrustScoreViewer.tsx(138,31): error TS1434: Unexpected keyword or identifier.
src/components/ai/TrustScoreViewer.tsx(138,35): error TS1434: Unexpected keyword or identifier.
src/components/ai/TrustScoreViewer.tsx(138,45): error TS1434: Unexpected keyword or identifier.
src/components/ai/TrustScoreViewer.tsx(138,48): error TS1434: Unexpected keyword or identifier.
src/components/ai/TrustScoreViewer.tsx(138,52): error TS1434: Unexpected keyword or identifier.
src/components/ai/TrustScoreViewer.tsx(139,4): error TS1003: Identifier expected.
src/components/ai/TrustScoreViewer.tsx(139,18): error TS1005: ';' expected.
src/components/ai/TrustScoreViewer.tsx(139,21): error TS1434: Unexpected keyword or identifier.
src/components/ai/TrustScoreViewer.tsx(139,31): error TS1434: Unexpected keyword or identifier.
src/components/ai/TrustScoreViewer.tsx(139,35): error TS1434: Unexpected keyword or identifier.
src/components/ai/TrustScoreViewer.tsx(139,45): error TS1434: Unexpected keyword or identifier.
src/components/ai/TrustScoreViewer.tsx(139,48): error TS1434: Unexpected keyword or identifier.
src/components/ai/TrustScoreViewer.tsx(139,52): error TS1434: Unexpected keyword or identifier.
src/components/ai/TrustScoreViewer.tsx(140,4): error TS1003: Identifier expected.
src/components/ai/TrustScoreViewer.tsx(140,30): error TS1005: ';' expected.
src/components/ai/TrustScoreViewer.tsx(140,33): error TS1434: Unexpected keyword or identifier.
src/components/ai/TrustScoreViewer.tsx(140,40): error TS1434: Unexpected keyword or identifier.
src/components/ai/TrustScoreViewer.tsx(140,44): error TS1434: Unexpected keyword or identifier.
src/components/ai/TrustScoreViewer.tsx(140,54): error TS1005: '(' expected.
src/components/ai/TrustScoreViewer.tsx(140,58): error TS1005: ';' expected.
src/components/ai/TrustScoreViewer.tsx(142,1): error TS1003: Identifier expected.
src/components/ai/TrustScoreViewer.tsx(142,4): error TS1005: ')' expected.
src/components/ai/TrustScoreViewer.tsx(142,12): error TS1434: Unexpected keyword or identifier.
src/components/ai/TrustScoreViewer.tsx(142,16): error TS1434: Unexpected keyword or identifier.
src/components/ai/TrustScoreViewer.tsx(142,26): error TS1434: Unexpected keyword or identifier.
src/components/ai/TrustScoreViewer.tsx(142,38): error TS1434: Unexpected keyword or identifier.
src/components/ai/TrustScoreViewer.tsx(142,45): error TS1443: Module declaration names may only use ' or " quoted strings.
src/components/ai/TrustScoreViewer.tsx(142,83): error TS1005: '(' expected.
src/components/ai/TrustScoreViewer.tsx(142,90): error TS1005: ';' expected.
src/components/ai/TrustScoreViewer.tsx(142,95): error TS1005: ';' expected.
src/components/ai/TrustScoreViewer.tsx(142,104): error TS1005: ')' expected.
src/components/ai/TrustScoreViewer.tsx(144,1): error TS1003: Identifier expected.
src/components/ai/TrustScoreViewer.tsx(144,4): error TS1005: ';' expected.
src/components/ai/TrustScoreViewer.tsx(144,27): error TS1005: '=' expected.
src/components/ai/TrustScoreViewer.tsx(144,30): error TS1005: ';' expected.
src/components/ai/TrustScoreViewer.tsx(149,4): error TS1005: ';' expected.
src/components/ai/TrustScoreViewer.tsx(149,16): error TS1443: Module declaration names may only use ' or " quoted strings.
src/components/ai/TrustScoreViewer.tsx(149,39): error TS1005: '=' expected.
src/components/ai/TrustScoreViewer.tsx(149,49): error TS1005: ';' expected.
src/components/ai/TrustScoreViewer.tsx(149,51): error TS1434: Unexpected keyword or identifier.
src/components/ai/TrustScoreViewer.tsx(149,54): error TS1434: Unexpected keyword or identifier.
src/components/ai/TrustScoreViewer.tsx(149,65): error TS1434: Unexpected keyword or identifier.
src/components/ai/TrustScoreViewer.tsx(149,87): error TS1005: '=' expected.
src/components/ai/TrustScoreViewer.tsx(151,1): error TS1003: Identifier expected.
src/components/ai/TrustScoreViewer.tsx(151,4): error TS1005: ';' expected.
src/components/ai/TrustScoreViewer.tsx(151,9): error TS1434: Unexpected keyword or identifier.
src/components/ai/TrustScoreViewer.tsx(151,13): error TS1434: Unexpected keyword or identifier.
src/components/ai/TrustScoreViewer.tsx(151,22): error TS1434: Unexpected keyword or identifier.
src/components/ai/TrustScoreViewer.tsx(151,32): error TS1434: Unexpected keyword or identifier.
src/components/ai/TrustScoreViewer.tsx(151,36): error TS1434: Unexpected keyword or identifier.
src/components/ai/TrustScoreViewer.tsx(151,42): error TS1434: Unexpected keyword or identifier.
src/components/ai/TrustScoreViewer.tsx(151,45): error TS1434: Unexpected keyword or identifier.
src/components/ai/TrustScoreViewer.tsx(151,49): error TS1434: Unexpected keyword or identifier.
src/components/ai/TrustScoreViewer.tsx(151,76): error TS1005: ';' expected.
src/components/ai/TrustScoreViewer.tsx(151,79): error TS1434: Unexpected keyword or identifier.
src/components/ai/TrustScoreViewer.tsx(153,1): error TS1003: Identifier expected.
src/components/ai/TrustScoreViewer.tsx(153,4): error TS1005: ';' expected.
src/components/ai/TrustScoreViewer.tsx(153,14): error TS1434: Unexpected keyword or identifier.
src/components/ai/TrustScoreViewer.tsx(153,18): error TS1128: Declaration or statement expected.
src/components/ai/TrustScoreViewer.tsx(153,25): error TS1434: Unexpected keyword or identifier.
src/components/ai/TrustScoreViewer.tsx(153,35): error TS1434: Unexpected keyword or identifier.
src/components/ai/TrustScoreViewer.tsx(153,39): error TS1434: Unexpected keyword or identifier.
src/components/ai/TrustScoreViewer.tsx(153,47): error TS1434: Unexpected keyword or identifier.
src/components/ai/TrustScoreViewer.tsx(155,1): error TS1003: Identifier expected.
src/components/ai/TrustScoreViewer.tsx(155,4): error TS1005: ';' expected.
src/components/ai/TrustScoreViewer.tsx(155,15): error TS1434: Unexpected keyword or identifier.
src/components/ai/TrustScoreViewer.tsx(155,19): error TS1434: Unexpected keyword or identifier.
src/components/ai/TrustScoreViewer.tsx(155,28): error TS1434: Unexpected keyword or identifier.
src/components/ai/TrustScoreViewer.tsx(155,49): error TS1005: '(' expected.
src/components/ai/TrustScoreViewer.tsx(155,52): error TS1434: Unexpected keyword or identifier.
src/components/ai/TrustScoreViewer.tsx(155,56): error TS1434: Unexpected keyword or identifier.
src/components/ai/TrustScoreViewer.tsx(155,60): error TS1434: Unexpected keyword or identifier.
src/components/ai/TrustScoreViewer.tsx(155,63): error TS1434: Unexpected keyword or identifier.
src/components/ai/TrustScoreViewer.tsx(155,72): error TS1003: Identifier expected.
src/components/ai/TrustScoreViewer.tsx(157,1): error TS1435: Unknown keyword or identifier. Did you mean 'this'?
src/components/ai/TrustScoreViewer.tsx(157,6): error TS1434: Unexpected keyword or identifier.
src/components/ai/TrustScoreViewer.tsx(157,17): error TS1434: Unexpected keyword or identifier.
src/components/ai/TrustScoreViewer.tsx(157,25): error TS1434: Unexpected keyword or identifier.
src/components/ai/TrustScoreViewer.tsx(157,34): error TS1434: Unexpected keyword or identifier.
src/components/ai/TrustScoreViewer.tsx(157,53): error TS1005: '=' expected.
src/components/ai/TrustScoreViewer.tsx(157,59): error TS1005: ';' expected.
src/components/ai/TrustScoreViewer.tsx(157,67): error TS1434: Unexpected keyword or identifier.
src/components/ai/TrustScoreViewer.tsx(157,71): error TS1434: Unexpected keyword or identifier.
src/components/ai/TrustScoreViewer.tsx(157,97): error TS1005: ';' expected.
src/components/ai/TrustScoreViewer.tsx(157,106): error TS1434: Unexpected keyword or identifier.
src/components/ai/TrustScoreViewer.tsx(157,127): error TS1003: Identifier expected.
src/components/ai/ValuationAssistant.tsx(2,1): error TS1435: Unknown keyword or identifier. Did you mean 'this'?
src/components/ai/ValuationAssistant.tsx(2,6): error TS1434: Unexpected keyword or identifier.
src/components/ai/ValuationAssistant.tsx(2,11): error TS1434: Unexpected keyword or identifier.
src/components/ai/ValuationAssistant.tsx(2,18): error TS1434: Unexpected keyword or identifier.
src/components/ai/ValuationAssistant.tsx(2,21): error TS1434: Unexpected keyword or identifier.
src/components/ai/ValuationAssistant.tsx(2,34): error TS1443: Module declaration names may only use ' or " quoted strings.
src/components/ai/ValuationAssistant.tsx(2,90): error TS1109: Expression expected.
src/components/ai/ValuationAssistant.tsx(4,1): error TS1003: Identifier expected.
src/components/ai/ValuationLiveFeed.tsx(2,1): error TS1435: Unknown keyword or identifier. Did you mean 'this'?
src/components/ai/ValuationLiveFeed.tsx(2,6): error TS1434: Unexpected keyword or identifier.
src/components/ai/ValuationLiveFeed.tsx(2,17): error TS1434: Unexpected keyword or identifier.
src/components/ai/ValuationLiveFeed.tsx(2,39): error TS1005: ';' expected.
src/components/ai/ValuationLiveFeed.tsx(2,49): error TS1435: Unknown keyword or identifier. Did you mean 'interface'?
src/components/ai/ValuationLiveFeed.tsx(2,64): error TS1005: '(' expected.
src/components/ai/ValuationLiveFeed.tsx(2,70): error TS1005: ';' expected.
src/components/ai/ValuationLiveFeed.tsx(2,74): error TS1005: ';' expected.
src/components/ai/ValuationLiveFeed.tsx(2,79): error TS1005: ')' expected.
src/components/ai/ValuationLiveFeed.tsx(2,95): error TS1005: ';' expected.
src/components/ai/ValuationLiveFeed.tsx(2,104): error TS1443: Module declaration names may only use ' or " quoted strings.
src/components/ai/ValuationLiveFeed.tsx(2,121): error TS1005: '(' expected.
src/components/ai/ValuationLiveFeed.tsx(2,131): error TS1005: ')' expected.
src/components/ai/ValuationLiveFeed.tsx(2,149): error TS1003: Identifier expected.
src/components/ai/ValuationLiveFeed.tsx(4,1): error TS1127: Invalid character.
src/components/ai/ValuationLiveFeed.tsx(4,2): error TS1127: Invalid character.
src/components/ai/ValuationLiveFeed.tsx(4,3): error TS1127: Invalid character.
src/components/ai/ValuationLiveFeed.tsx(6,3): error TS1443: Module declaration names may only use ' or " quoted strings.
src/components/ai/ValuationLiveFeed.tsx(66,39): error TS1443: Module declaration names may only use ' or " quoted strings.
src/components/ai/ValuationLiveFeed.tsx(66,54): error TS1443: Module declaration names may only use ' or " quoted strings.
src/components/ai/ValuationLiveFeed.tsx(91,21): error TS1434: Unexpected keyword or identifier.
src/components/ai/ValuationLiveFeed.tsx(91,28): error TS1434: Unexpected keyword or identifier.
src/components/ai/ValuationLiveFeed.tsx(91,31): error TS1434: Unexpected keyword or identifier.
src/components/ai/ValuationLiveFeed.tsx(91,37): error TS1434: Unexpected keyword or identifier.
src/components/ai/ValuationLiveFeed.tsx(91,45): error TS1434: Unexpected keyword or identifier.
src/components/ai/ValuationLiveFeed.tsx(91,60): error TS1005: '(' expected.
src/components/ai/ValuationLiveFeed.tsx(91,68): error TS1005: ';' expected.
src/components/ai/ValuationLiveFeed.tsx(91,69): error TS1005: ';' expected.
src/components/ai/ValuationLiveFeed.tsx(91,80): error TS1005: ')' expected.
src/components/ai/ValuationLiveFeed.tsx(91,82): error TS1434: Unexpected keyword or identifier.
src/components/ai/ValuationLiveFeed.tsx(119,21): error TS1005: ';' expected.
src/components/ai/ValuationLiveFeed.tsx(119,31): error TS1434: Unexpected keyword or identifier.
src/components/ai/ValuationLiveFeed.tsx(119,41): error TS1005: '(' expected.
src/components/ai/ValuationLiveFeed.tsx(119,49): error TS1005: ';' expected.
src/components/ai/ValuationLiveFeed.tsx(119,50): error TS1005: ';' expected.
src/components/ai/ValuationLiveFeed.tsx(119,61): error TS1005: ')' expected.
src/components/ai/ValuationLiveFeed.tsx(119,63): error TS1434: Unexpected keyword or identifier.
src/components/ai/ValuationLiveFeed.tsx(132,17): error TS1005: ';' expected.
src/components/arbitrator/ArbitratorAnalyticsPanel.tsx(2,1): error TS1435: Unknown keyword or identifier. Did you mean 'this'?
src/components/arbitrator/ArbitratorAnalyticsPanel.tsx(2,6): error TS1434: Unexpected keyword or identifier.
src/components/arbitrator/ArbitratorAnalyticsPanel.tsx(2,17): error TS1434: Unexpected keyword or identifier.
src/components/arbitrator/ArbitratorAnalyticsPanel.tsx(2,26): error TS1435: Unknown keyword or identifier. Did you mean 'interface'?
src/components/arbitrator/ArbitratorAnalyticsPanel.tsx(2,37): error TS1434: Unexpected keyword or identifier.
src/components/arbitrator/ArbitratorAnalyticsPanel.tsx(2,40): error TS1434: Unexpected keyword or identifier.
src/components/arbitrator/ArbitratorAnalyticsPanel.tsx(2,47): error TS1434: Unexpected keyword or identifier.
src/components/arbitrator/ArbitratorAnalyticsPanel.tsx(2,51): error TS1434: Unexpected keyword or identifier.
src/components/arbitrator/ArbitratorAnalyticsPanel.tsx(2,61): error TS1434: Unexpected keyword or identifier.
src/components/arbitrator/ArbitratorAnalyticsPanel.tsx(2,64): error TS1434: Unexpected keyword or identifier.
src/components/arbitrator/ArbitratorAnalyticsPanel.tsx(2,85): error TS1005: ';' expected.
src/components/arbitrator/ArbitratorAnalyticsPanel.tsx(2,89): error TS1434: Unexpected keyword or identifier.
src/components/arbitrator/ArbitratorAnalyticsPanel.tsx(2,97): error TS1434: Unexpected keyword or identifier.
src/components/arbitrator/ArbitratorAnalyticsPanel.tsx(2,107): error TS1434: Unexpected keyword or identifier.
src/components/arbitrator/ArbitratorAnalyticsPanel.tsx(2,123): error TS1005: '(' expected.
src/components/arbitrator/ArbitratorAnalyticsPanel.tsx(2,130): error TS1005: ')' expected.
src/components/arbitrator/ArbitratorAnalyticsPanel.tsx(2,150): error TS1003: Identifier expected.
src/components/arbitrator/ArbitratorAnalyticsPanel.tsx(4,1): error TS1127: Invalid character.
src/components/arbitrator/ArbitratorAnalyticsPanel.tsx(4,2): error TS1127: Invalid character.
src/components/arbitrator/ArbitratorAnalyticsPanel.tsx(4,3): error TS1127: Invalid character.
src/components/arbitrator/ArbitratorAnalyticsPanel.tsx(6,3): error TS1443: Module declaration names may only use ' or " quoted strings.
src/components/arbitrator/ArbitratorDashboard.tsx(2,1): error TS1435: Unknown keyword or identifier. Did you mean 'this'?
src/components/arbitrator/ArbitratorDashboard.tsx(2,6): error TS1434: Unexpected keyword or identifier.
src/components/arbitrator/ArbitratorDashboard.tsx(2,11): error TS1434: Unexpected keyword or identifier.
src/components/arbitrator/ArbitratorDashboard.tsx(2,15): error TS1434: Unexpected keyword or identifier.
src/components/arbitrator/ArbitratorDashboard.tsx(2,20): error TS1434: Unexpected keyword or identifier.
src/components/arbitrator/ArbitratorDashboard.tsx(2,30): error TS1434: Unexpected keyword or identifier.
src/components/arbitrator/ArbitratorDashboard.tsx(2,54): error TS1005: ';' expected.
src/components/arbitrator/ArbitratorDashboard.tsx(2,61): error TS1434: Unexpected keyword or identifier.
src/components/arbitrator/ArbitratorDashboard.tsx(2,71): error TS1435: Unknown keyword or identifier. Did you mean 'interface'?
src/components/arbitrator/ArbitratorDashboard.tsx(2,86): error TS1005: '(' expected.
src/components/arbitrator/ArbitratorDashboard.tsx(2,92): error TS1005: ';' expected.
src/components/arbitrator/ArbitratorDashboard.tsx(2,96): error TS1005: ';' expected.
src/components/arbitrator/ArbitratorDashboard.tsx(2,101): error TS1005: ')' expected.
src/components/arbitrator/ArbitratorDashboard.tsx(2,149): error TS1005: ';' expected.
src/components/arbitrator/ArbitratorDashboard.tsx(2,153): error TS1434: Unexpected keyword or identifier.
src/components/arbitrator/ArbitratorDashboard.tsx(2,159): error TS1434: Unexpected keyword or identifier.
src/components/arbitrator/ArbitratorDashboard.tsx(2,168): error TS1435: Unknown keyword or identifier. Did you mean 'type'?
src/components/arbitrator/ArbitratorDashboard.tsx(2,174): error TS1434: Unexpected keyword or identifier.
src/components/arbitrator/ArbitratorDashboard.tsx(2,177): error TS1434: Unexpected keyword or identifier.
src/components/arbitrator/ArbitratorDashboard.tsx(2,183): error TS1435: Unknown keyword or identifier. Did you mean 'var iables'?
src/components/arbitrator/ArbitratorDashboard.tsx(2,193): error TS1434: Unexpected keyword or identifier.
src/components/arbitrator/ArbitratorDashboard.tsx(2,216): error TS1005: '(' expected.
src/components/arbitrator/ArbitratorDashboard.tsx(2,218): error TS1434: Unexpected keyword or identifier.
src/components/arbitrator/ArbitratorDashboard.tsx(2,239): error TS1005: '=' expected.
src/components/arbitrator/ArbitratorDashboard.tsx(2,247): error TS1005: ';' expected.
src/components/arbitrator/ArbitratorDashboard.tsx(2,256): error TS1434: Unexpected keyword or identifier.
src/components/arbitrator/ArbitratorDashboard.tsx(2,260): error TS1434: Unexpected keyword or identifier.
src/components/arbitrator/ArbitratorDashboard.tsx(2,289): error TS1002: Unterminated string literal.
src/components/arbitrator/ArbitratorDashboard.tsx(4,1): error TS1127: Invalid character.
src/components/arbitrator/ArbitratorDashboard.tsx(4,2): error TS1127: Invalid character.
src/components/arbitrator/ArbitratorDashboard.tsx(4,3): error TS1127: Invalid character.
src/components/arbitrator/ArbitratorDashboard.tsx(6,3): error TS1443: Module declaration names may only use ' or " quoted strings.
src/components/arbitrator/ArbitratorDashboard.tsx(114,13): error TS1434: Unexpected keyword or identifier.
src/components/arbitrator/ArbitratorDashboard.tsx(114,19): error TS1434: Unexpected keyword or identifier.
src/components/arbitrator/ArbitratorDashboard.tsx(114,21): error TS1434: Unexpected keyword or identifier.
src/components/arbitrator/ArbitratorDashboard.tsx(114,26): error TS1443: Module declaration names may only use ' or " quoted strings.
src/components/arbitrator/ArbitratorDashboard.tsx(123,13): error TS1127: Invalid character.
src/components/arbitrator/ArbitratorDashboard.tsx(123,13): error TS1128: Declaration or statement expected.
src/components/arbitrator/ArbitratorDashboard.tsx(123,15): error TS1434: Unexpected keyword or identifier.
src/components/arbitrator/ArbitratorDashboard.tsx(123,28): error TS1109: Expression expected.
src/components/arbitrator/ArbitratorDashboard.tsx(123,30): error TS1127: Invalid character.
src/components/arbitrator/ArbitratorDashboard.tsx(123,32): error TS1434: Unexpected keyword or identifier.
src/components/arbitrator/ArbitratorDashboard.tsx(123,44): error TS1109: Expression expected.
src/components/arbitrator/ArbitratorDashboard.tsx(123,46): error TS1127: Invalid character.
src/components/arbitrator/ArbitratorDashboard.tsx(123,47): error TS1127: Invalid character.
src/components/arbitrator/ArbitratorDashboard.tsx(123,49): error TS1434: Unexpected keyword or identifier.
src/components/arbitrator/ArbitratorDashboard.tsx(185,31): error TS1005: ';' expected.
src/components/arbitrator/ArbitratorDashboard.tsx(185,40): error TS1005: ';' expected.
src/components/arbitrator/ArbitratorDashboard.tsx(185,44): error TS1005: ';' expected.
src/components/arbitrator/ArbitratorDashboard.tsx(185,62): error TS1005: ';' expected.
src/components/arbitrator/ArbitratorDashboard.tsx(185,69): error TS1434: Unexpected keyword or identifier.
src/components/arbitrator/ArbitratorDashboard.tsx(185,78): error TS1434: Unexpected keyword or identifier.
src/components/arbitrator/ArbitratorDashboard.tsx(191,37): error TS1005: ';' expected.
src/components/arbitrator/ArbitratorDashboard.tsx(191,52): error TS1005: ';' expected.
src/components/auction/AuctionAccessibilityWrapper.tsx(2,1): error TS1435: Unknown keyword or identifier. Did you mean 'this'?
src/components/auction/AuctionAccessibilityWrapper.tsx(2,6): error TS1434: Unexpected keyword or identifier.
src/components/auction/AuctionAccessibilityWrapper.tsx(2,16): error TS1228: A type predicate is only allowed in return type position for functions and methods.
src/components/auction/AuctionAccessibilityWrapper.tsx(2,19): error TS1434: Unexpected keyword or identifier.
src/components/auction/AuctionAccessibilityWrapper.tsx(2,29): error TS1434: Unexpected keyword or identifier.
src/components/auction/AuctionAccessibilityWrapper.tsx(2,54): error TS1005: ';' expected.
src/components/auction/AuctionAccessibilityWrapper.tsx(2,58): error TS1005: '(' expected.
src/components/auction/AuctionAccessibilityWrapper.tsx(2,65): error TS1005: ';' expected.
src/components/auction/AuctionAccessibilityWrapper.tsx(2,69): error TS1005: ';' expected.
src/components/auction/AuctionAccessibilityWrapper.tsx(2,91): error TS1005: ')' expected.
src/components/auction/AuctionAccessibilityWrapper.tsx(2,98): error TS1434: Unexpected keyword or identifier.
src/components/auction/AuctionAccessibilityWrapper.tsx(2,113): error TS1005: ';' expected.
src/components/auction/AuctionAccessibilityWrapper.tsx(2,123): error TS1443: Module declaration names may only use ' or " quoted strings.
src/components/auction/AuctionAccessibilityWrapper.tsx(2,137): error TS1005: '(' expected.
src/components/auction/AuctionAccessibilityWrapper.tsx(2,141): error TS1005: ')' expected.
src/components/auction/AuctionAccessibilityWrapper.tsx(2,153): error TS1443: Module declaration names may only use ' or " quoted strings.
src/components/auction/AuctionAccessibilityWrapper.tsx(2,175): error TS1003: Identifier expected.
src/components/auction/AuctionIntelligenceDashboard.tsx(2,1): error TS1435: Unknown keyword or identifier. Did you mean 'this'?
src/components/auction/AuctionIntelligenceDashboard.tsx(2,6): error TS1434: Unexpected keyword or identifier.
src/components/auction/AuctionIntelligenceDashboard.tsx(2,11): error TS1228: A type predicate is only allowed in return type position for functions and methods.
src/components/auction/AuctionIntelligenceDashboard.tsx(2,14): error TS1434: Unexpected keyword or identifier.
src/components/auction/AuctionIntelligenceDashboard.tsx(2,24): error TS1434: Unexpected keyword or identifier.
src/components/auction/AuctionIntelligenceDashboard.tsx(2,36): error TS1443: Module declaration names may only use ' or " quoted strings.
src/components/auction/AuctionIntelligenceDashboard.tsx(2,49): error TS1434: Unexpected keyword or identifier.
src/components/auction/AuctionIntelligenceDashboard.tsx(2,55): error TS1228: A type predicate is only allowed in return type position for functions and methods.
src/components/auction/AuctionIntelligenceDashboard.tsx(2,58): error TS1434: Unexpected keyword or identifier.
src/components/auction/AuctionIntelligenceDashboard.tsx(2,72): error TS1005: '(' expected.
src/components/auction/AuctionIntelligenceDashboard.tsx(2,75): error TS1005: ')' expected.
src/components/auction/AuctionIntelligenceDashboard.tsx(2,84): error TS1434: Unexpected keyword or identifier.
src/components/auction/AuctionIntelligenceDashboard.tsx(2,110): error TS1005: ';' expected.
src/components/auction/AuctionIntelligenceDashboard.tsx(2,116): error TS1435: Unknown keyword or identifier. Did you mean 'var iables'?
src/components/auction/AuctionIntelligenceDashboard.tsx(2,126): error TS1434: Unexpected keyword or identifier.
src/components/auction/AuctionIntelligenceDashboard.tsx(2,130): error TS1434: Unexpected keyword or identifier.
src/components/auction/AuctionIntelligenceDashboard.tsx(2,138): error TS1434: Unexpected keyword or identifier.
src/components/auction/AuctionIntelligenceDashboard.tsx(2,143): error TS1434: Unexpected keyword or identifier.
src/components/auction/AuctionIntelligenceDashboard.tsx(2,154): error TS1434: Unexpected keyword or identifier.
src/components/auction/AuctionIntelligenceDashboard.tsx(2,158): error TS1434: Unexpected keyword or identifier.
src/components/auction/AuctionIntelligenceDashboard.tsx(2,175): error TS1003: Identifier expected.
src/components/auction/AuctionIntelligenceDashboard.tsx(4,1): error TS1127: Invalid character.
src/components/auction/AuctionIntelligenceDashboard.tsx(4,2): error TS1127: Invalid character.
src/components/auction/AuctionIntelligenceDashboard.tsx(4,3): error TS1127: Invalid character.
src/components/auction/AuctionLiveBidTracker.tsx(2,1): error TS1435: Unknown keyword or identifier. Did you mean 'this'?
src/components/auction/AuctionLiveBidTracker.tsx(2,6): error TS1434: Unexpected keyword or identifier.
src/components/auction/AuctionLiveBidTracker.tsx(2,16): error TS1228: A type predicate is only allowed in return type position for functions and methods.
src/components/auction/AuctionLiveBidTracker.tsx(2,19): error TS1434: Unexpected keyword or identifier.
src/components/auction/AuctionLiveBidTracker.tsx(2,29): error TS1434: Unexpected keyword or identifier.
src/components/auction/AuctionLiveBidTracker.tsx(2,53): error TS1005: ';' expected.
src/components/auction/AuctionLiveBidTracker.tsx(2,60): error TS1434: Unexpected keyword or identifier.
src/components/auction/AuctionLiveBidTracker.tsx(2,69): error TS1435: Unknown keyword or identifier. Did you mean 'interface'?
src/components/auction/AuctionLiveBidTracker.tsx(2,84): error TS1005: '(' expected.
src/components/auction/AuctionLiveBidTracker.tsx(2,88): error TS1005: ';' expected.
src/components/auction/AuctionLiveBidTracker.tsx(2,98): error TS1005: ';' expected.
src/components/auction/AuctionLiveBidTracker.tsx(2,104): error TS1005: ')' expected.
src/components/auction/AuctionLiveBidTracker.tsx(2,108): error TS1434: Unexpected keyword or identifier.
src/components/auction/AuctionLiveBidTracker.tsx(2,112): error TS1434: Unexpected keyword or identifier.
src/components/auction/AuctionLiveBidTracker.tsx(2,133): error TS1005: ',' expected.
src/components/auction/AuctionLiveBidTracker.tsx(2,137): error TS1005: ',' expected.
src/components/auction/AuctionLiveBidTracker.tsx(2,145): error TS1005: ',' expected.
src/components/auction/AuctionLiveBidTracker.tsx(2,154): error TS1005: ';' expected.
src/components/auction/AuctionLiveBidTracker.tsx(2,157): error TS1434: Unexpected keyword or identifier.
src/components/auction/AuctionLiveBidTracker.tsx(2,175): error TS1005: '=' expected.
src/components/auction/AuctionLiveBidTracker.tsx(2,177): error TS1434: Unexpected keyword or identifier.
src/components/auction/AuctionLiveBidTracker.tsx(2,181): error TS1434: Unexpected keyword or identifier.
src/components/auction/AuctionLiveBidTracker.tsx(2,188): error TS1434: Unexpected keyword or identifier.
src/components/auction/AuctionLiveBidTracker.tsx(2,213): error TS1003: Identifier expected.
src/components/auction/AuctionLiveBidTracker.tsx(4,1): error TS1127: Invalid character.
src/components/auction/AuctionLiveBidTracker.tsx(4,2): error TS1127: Invalid character.
src/components/auction/AuctionLiveBidTracker.tsx(4,3): error TS1127: Invalid character.
src/components/auction/AuctionPremiumInsightsPanel.tsx(2,1): error TS1435: Unknown keyword or identifier. Did you mean 'this'?
src/components/auction/AuctionPremiumInsightsPanel.tsx(2,6): error TS1434: Unexpected keyword or identifier.
src/components/auction/AuctionPremiumInsightsPanel.tsx(2,11): error TS1434: Unexpected keyword or identifier.
src/components/auction/AuctionPremiumInsightsPanel.tsx(2,15): error TS1434: Unexpected keyword or identifier.
src/components/auction/AuctionPremiumInsightsPanel.tsx(2,20): error TS1434: Unexpected keyword or identifier.
src/components/auction/AuctionPremiumInsightsPanel.tsx(2,30): error TS1434: Unexpected keyword or identifier.
src/components/auction/AuctionPremiumInsightsPanel.tsx(2,45): error TS1005: ';' expected.
src/components/auction/AuctionPremiumInsightsPanel.tsx(2,55): error TS1435: Unknown keyword or identifier. Did you mean 'interface'?
src/components/auction/AuctionPremiumInsightsPanel.tsx(2,70): error TS1005: '(' expected.
src/components/auction/AuctionPremiumInsightsPanel.tsx(2,74): error TS1005: ';' expected.
src/components/auction/AuctionPremiumInsightsPanel.tsx(2,85): error TS1005: ';' expected.
src/components/auction/AuctionPremiumInsightsPanel.tsx(2,89): error TS1005: ')' expected.
src/components/auction/AuctionPremiumInsightsPanel.tsx(2,96): error TS1434: Unexpected keyword or identifier.
src/components/auction/AuctionPremiumInsightsPanel.tsx(2,102): error TS1434: Unexpected keyword or identifier.
src/components/auction/AuctionPremiumInsightsPanel.tsx(2,112): error TS1005: '(' expected.
src/components/auction/AuctionPremiumInsightsPanel.tsx(2,118): error TS1005: ';' expected.
src/components/auction/AuctionPremiumInsightsPanel.tsx(2,129): error TS1003: Identifier expected.
src/components/auction/AuctionPremiumInsightsPanel.tsx(4,1): error TS1005: ';' expected.
src/components/auction/AuctionPremiumInsightsPanel.tsx(4,1): error TS1127: Invalid character.
src/components/auction/AuctionPremiumInsightsPanel.tsx(4,2): error TS1127: Invalid character.
src/components/auction/AuctionPremiumInsightsPanel.tsx(4,3): error TS1127: Invalid character.
src/components/auction/AuctionSEOHead.tsx(2,1): error TS1435: Unknown keyword or identifier. Did you mean 'this'?
src/components/auction/AuctionSEOHead.tsx(2,6): error TS1434: Unexpected keyword or identifier.
src/components/auction/AuctionSEOHead.tsx(2,11): error TS1434: Unexpected keyword or identifier.
src/components/auction/AuctionSEOHead.tsx(2,15): error TS1434: Unexpected keyword or identifier.
src/components/auction/AuctionSEOHead.tsx(2,20): error TS1434: Unexpected keyword or identifier.
src/components/auction/AuctionSEOHead.tsx(2,30): error TS1434: Unexpected keyword or identifier.
src/components/auction/AuctionSEOHead.tsx(2,47): error TS1005: ';' expected.
src/components/auction/AuctionSEOHead.tsx(2,57): error TS1434: Unexpected keyword or identifier.
src/components/auction/AuctionSEOHead.tsx(2,87): error TS1005: ';' expected.
src/components/auction/AuctionSEOHead.tsx(2,91): error TS1005: '(' expected.
src/components/auction/AuctionSEOHead.tsx(2,97): error TS1005: ';' expected.
src/components/auction/AuctionSEOHead.tsx(2,108): error TS1005: ';' expected.
src/components/auction/AuctionSEOHead.tsx(2,126): error TS1005: ')' expected.
src/components/auction/AuctionSEOHead.tsx(2,141): error TS1003: Identifier expected.
src/components/auction/AuctionSEOHead.tsx(4,1): error TS1127: Invalid character.
src/components/auction/AuctionSEOHead.tsx(4,2): error TS1127: Invalid character.
src/components/auction/AuctionSEOHead.tsx(4,3): error TS1127: Invalid character.
src/components/auction/SellerBadgePanel.tsx(2,1): error TS1435: Unknown keyword or identifier. Did you mean 'this'?
src/components/auction/SellerBadgePanel.tsx(2,6): error TS1434: Unexpected keyword or identifier.
src/components/auction/SellerBadgePanel.tsx(2,17): error TS1434: Unexpected keyword or identifier.
src/components/auction/SellerBadgePanel.tsx(2,26): error TS1435: Unknown keyword or identifier. Did you mean 'interface'?
src/components/auction/SellerBadgePanel.tsx(2,37): error TS1434: Unexpected keyword or identifier.
src/components/auction/SellerBadgePanel.tsx(2,40): error TS1434: Unexpected keyword or identifier.
src/components/auction/SellerBadgePanel.tsx(2,47): error TS1434: Unexpected keyword or identifier.
src/components/auction/SellerBadgePanel.tsx(2,70): error TS1005: ';' expected.
src/components/auction/SellerBadgePanel.tsx(2,85): error TS1443: Module declaration names may only use ' or " quoted strings.
src/components/auction/SellerBadgePanel.tsx(2,112): error TS1005: ';' expected.
src/components/auction/SellerBadgePanel.tsx(2,115): error TS1434: Unexpected keyword or identifier.
src/components/auction/SellerBadgePanel.tsx(2,146): error TS1005: ';' expected.
src/components/auction/SellerBadgePanel.tsx(2,157): error TS1434: Unexpected keyword or identifier.
src/components/auction/SellerBadgePanel.tsx(2,175): error TS1003: Identifier expected.
src/components/auction/SellerBadgePanel.tsx(4,1): error TS1127: Invalid character.
src/components/auction/SellerBadgePanel.tsx(4,2): error TS1127: Invalid character.
src/components/auction/SellerBadgePanel.tsx(4,3): error TS1127: Invalid character.
src/components/auth/Login.tsx(2,1): error TS1435: Unknown keyword or identifier. Did you mean 'this'?
src/components/auth/Login.tsx(2,6): error TS1434: Unexpected keyword or identifier.
src/components/auth/Login.tsx(2,11): error TS1434: Unexpected keyword or identifier.
src/components/auth/Login.tsx(2,18): error TS1434: Unexpected keyword or identifier.
src/components/auth/Login.tsx(2,21): error TS1434: Unexpected keyword or identifier.
src/components/auth/Login.tsx(2,34): error TS1443: Module declaration names may only use ' or " quoted strings.
src/components/auth/Login.tsx(4,1): error TS1003: Identifier expected.
src/components/auth/Login.tsx(46,19): error TS1005: ';' expected.
src/components/auth/LoginForm.tsx(2,1): error TS1435: Unknown keyword or identifier. Did you mean 'this'?
src/components/auth/LoginForm.tsx(2,6): error TS1434: Unexpected keyword or identifier.
src/components/auth/LoginForm.tsx(2,16): error TS1228: A type predicate is only allowed in return type position for functions and methods.
src/components/auth/LoginForm.tsx(2,19): error TS1434: Unexpected keyword or identifier.
src/components/auth/LoginForm.tsx(2,29): error TS1434: Unexpected keyword or identifier.
src/components/auth/LoginForm.tsx(2,54): error TS1005: ';' expected.
src/components/auth/LoginForm.tsx(2,58): error TS1005: '(' expected.
src/components/auth/LoginForm.tsx(2,62): error TS1005: ';' expected.
src/components/auth/LoginForm.tsx(2,72): error TS1005: ';' expected.
src/components/auth/LoginForm.tsx(2,82): error TS1005: ')' expected.
src/components/auth/LoginForm.tsx(2,86): error TS1434: Unexpected keyword or identifier.
src/components/auth/LoginForm.tsx(2,97): error TS1434: Unexpected keyword or identifier.
src/components/auth/LoginForm.tsx(2,104): error TS1434: Unexpected keyword or identifier.
src/components/auth/LoginForm.tsx(2,108): error TS1435: Unknown keyword or identifier. Did you mean 'for'?
src/components/auth/LoginForm.tsx(2,113): error TS1434: Unexpected keyword or identifier.
src/components/auth/LoginForm.tsx(2,137): error TS1005: ';' expected.
src/components/auth/LoginForm.tsx(2,140): error TS1434: Unexpected keyword or identifier.
src/components/auth/LoginForm.tsx(2,144): error TS1434: Unexpected keyword or identifier.
src/components/auth/LoginForm.tsx(2,149): error TS1434: Unexpected keyword or identifier.
src/components/auth/LoginForm.tsx(2,158): error TS1434: Unexpected keyword or identifier.
src/components/auth/LoginForm.tsx(2,164): error TS1434: Unexpected keyword or identifier.
src/components/auth/LoginForm.tsx(2,171): error TS1435: Unknown keyword or identifier. Did you mean 'require ment'?
src/components/auth/LoginForm.tsx(4,1): error TS1003: Identifier expected.
src/components/auth/ProtectedRoute.ts(2,1): error TS1435: Unknown keyword or identifier. Did you mean 'this'?
src/components/auth/ProtectedRoute.ts(2,6): error TS1434: Unexpected keyword or identifier.
src/components/auth/ProtectedRoute.ts(2,11): error TS1434: Unexpected keyword or identifier.
src/components/auth/ProtectedRoute.ts(2,18): error TS1434: Unexpected keyword or identifier.
src/components/auth/ProtectedRoute.ts(2,21): error TS1434: Unexpected keyword or identifier.
src/components/auth/ProtectedRoute.ts(4,1): error TS1003: Identifier expected.
src/components/auth/Register.tsx(2,1): error TS1435: Unknown keyword or identifier. Did you mean 'this'?
src/components/auth/Register.tsx(2,6): error TS1434: Unexpected keyword or identifier.
src/components/auth/Register.tsx(2,17): error TS1434: Unexpected keyword or identifier.
src/components/auth/Register.tsx(2,25): error TS1434: Unexpected keyword or identifier.
src/components/auth/Register.tsx(2,29): error TS1434: Unexpected keyword or identifier.
src/components/auth/Register.tsx(2,38): error TS1434: Unexpected keyword or identifier.
src/components/auth/Register.tsx(2,60): error TS1005: ';' expected.
src/components/auth/Register.tsx(2,67): error TS1434: Unexpected keyword or identifier.
src/components/auth/Register.tsx(2,73): error TS1434: Unexpected keyword or identifier.
src/components/auth/Register.tsx(2,118): error TS1005: ';' expected.
src/components/auth/Register.tsx(2,127): error TS1435: Unknown keyword or identifier. Did you mean 'type'?
src/components/auth/Register.tsx(2,137): error TS1005: '(' expected.
src/components/auth/Register.tsx(2,141): error TS1005: ';' expected.
src/components/auth/Register.tsx(2,159): error TS1005: ',' expected.
src/components/auth/Register.tsx(2,163): error TS1005: ',' expected.
src/components/auth/Register.tsx(2,171): error TS1005: ',' expected.
src/components/auth/Register.tsx(2,176): error TS1005: ',' expected.
src/components/auth/Register.tsx(2,189): error TS1005: ';' expected.
src/components/auth/Register.tsx(2,215): error TS1005: ')' expected.
src/components/auth/Register.tsx(2,219): error TS1005: '(' expected.
src/components/auth/Register.tsx(2,226): error TS1005: ';' expected.
src/components/auth/Register.tsx(2,232): error TS1005: ';' expected.
src/components/auth/Register.tsx(2,241): error TS1003: Identifier expected.
src/components/auth/Register.tsx(4,1): error TS1005: ')' expected.
src/components/auth/Register.tsx(4,5): error TS1434: Unexpected keyword or identifier.
src/components/auth/Register.tsx(4,10): error TS1434: Unexpected keyword or identifier.
src/components/auth/Register.tsx(4,17): error TS1434: Unexpected keyword or identifier.
src/components/auth/Register.tsx(4,20): error TS1434: Unexpected keyword or identifier.
src/components/auth/Register.tsx(6,1): error TS1003: Identifier expected.
src/components/auth/Unauthorized.tsx(2,1): error TS1434: Unexpected keyword or identifier.
src/components/auth/Unauthorized.tsx(2,5): error TS1434: Unexpected keyword or identifier.
src/components/auth/Unauthorized.tsx(2,10): error TS1434: Unexpected keyword or identifier.
src/components/auth/Unauthorized.tsx(2,17): error TS1434: Unexpected keyword or identifier.
src/components/auth/Unauthorized.tsx(2,20): error TS1434: Unexpected keyword or identifier.
src/components/auth/Unauthorized.tsx(4,1): error TS1003: Identifier expected.
src/components/blockchain/CryptoPaymentOption.tsx(2,1): error TS1434: Unexpected keyword or identifier.
src/components/blockchain/CryptoPaymentOption.tsx(2,5): error TS1434: Unexpected keyword or identifier.
src/components/blockchain/CryptoPaymentOption.tsx(2,15): error TS1434: Unexpected keyword or identifier.
src/components/blockchain/CryptoPaymentOption.tsx(2,26): error TS1434: Unexpected keyword or identifier.
src/components/blockchain/CryptoPaymentOption.tsx(2,32): error TS1434: Unexpected keyword or identifier.
src/components/blockchain/CryptoPaymentOption.tsx(2,36): error TS1434: Unexpected keyword or identifier.
src/components/blockchain/CryptoPaymentOption.tsx(2,46): error TS1434: Unexpected keyword or identifier.
src/components/blockchain/CryptoPaymentOption.tsx(2,49): error TS1434: Unexpected keyword or identifier.
src/components/blockchain/CryptoPaymentOption.tsx(2,72): error TS1005: ';' expected.
src/components/blockchain/CryptoPaymentOption.tsx(2,74): error TS1435: Unknown keyword or identifier. Did you mean 'string'?
src/components/blockchain/CryptoPaymentOption.tsx(2,91): error TS2427: Interface name cannot be 'for'.
src/components/blockchain/CryptoPaymentOption.tsx(2,95): error TS1005: '(' expected.
src/components/blockchain/CryptoPaymentOption.tsx(2,106): error TS1005: ';' expected.
src/components/blockchain/CryptoPaymentOption.tsx(2,115): error TS1005: ';' expected.
src/components/blockchain/CryptoPaymentOption.tsx(2,123): error TS1005: ')' expected.
src/components/blockchain/CryptoPaymentOption.tsx(2,133): error TS1434: Unexpected keyword or identifier.
src/components/blockchain/CryptoPaymentOption.tsx(2,142): error TS1434: Unexpected keyword or identifier.
src/components/blockchain/CryptoPaymentOption.tsx(2,153): error TS1005: '(' expected.
src/components/blockchain/CryptoPaymentOption.tsx(2,159): error TS1005: ';' expected.
src/components/blockchain/CryptoPaymentOption.tsx(2,169): error TS1109: Expression expected.
src/components/blockchain/CryptoPaymentOption.tsx(2,175): error TS1005: '(' expected.
src/components/blockchain/CryptoPaymentOption.tsx(2,186): error TS1005: ')' expected.
src/components/blockchain/CryptoPaymentOption.tsx(2,207): error TS1005: '{' expected.
src/components/blockchain/CryptoPaymentOption.tsx(2,211): error TS1434: Unexpected keyword or identifier.
src/components/blockchain/CryptoPaymentOption.tsx(2,228): error TS1003: Identifier expected.
src/components/blockchain/CryptoPaymentOption.tsx(4,1): error TS1434: Unexpected keyword or identifier.
src/components/blockchain/CryptoPaymentOption.tsx(4,5): error TS1434: Unexpected keyword or identifier.
src/components/blockchain/CryptoPaymentOption.tsx(4,10): error TS1434: Unexpected keyword or identifier.
src/components/blockchain/CryptoPaymentOption.tsx(4,20): error TS1434: Unexpected keyword or identifier.
src/components/blockchain/CryptoPaymentOption.tsx(4,27): error TS1434: Unexpected keyword or identifier.
src/components/blockchain/CryptoPaymentOption.tsx(4,30): error TS1434: Unexpected keyword or identifier.
src/components/blockchain/CryptoPaymentOption.tsx(4,43): error TS1443: Module declaration names may only use ' or " quoted strings.
src/components/blockchain/CryptoPaymentOption.tsx(6,1): error TS1003: Identifier expected.
src/components/blockchain/CryptoPaymentOption.tsx(44,42): error TS1005: ';' expected.
src/components/blockchain/CryptoPaymentOption.tsx(44,52): error TS1434: Unexpected keyword or identifier.
src/components/blockchain/CryptoPaymentOption.tsx(44,59): error TS1434: Unexpected keyword or identifier.
src/components/blockchain/CryptoPaymentOption.tsx(44,71): error TS1005: '(' expected.
src/components/blockchain/CryptoPaymentOption.tsx(44,77): error TS1005: ';' expected.
src/components/blockchain/CryptoPaymentOption.tsx(44,79): error TS1434: Unexpected keyword or identifier.
src/components/blockchain/CryptoPaymentOption.tsx(44,88): error TS1128: Declaration or statement expected.
src/components/blockchain/CryptoPaymentOption.tsx(44,101): error TS1434: Unexpected keyword or identifier.
src/components/blockchain/CryptoPaymentOption.tsx(49,43): error TS1005: ';' expected.
src/components/blockchain/CryptoPaymentOption.tsx(49,50): error TS1434: Unexpected keyword or identifier.
src/components/blockchain/CryptoPaymentOption.tsx(49,53): error TS1434: Unexpected keyword or identifier.
src/components/blockchain/CryptoPaymentOption.tsx(49,61): error TS1434: Unexpected keyword or identifier.
src/components/blockchain/CryptoPaymentOption.tsx(49,68): error TS1434: Unexpected keyword or identifier.
src/components/blockchain/CryptoPaymentOption.tsx(49,80): error TS1005: '(' expected.
src/components/blockchain/CryptoPaymentOption.tsx(49,87): error TS1005: ';' expected.
src/components/blockchain/CryptoPaymentOption.tsx(49,88): error TS1005: ';' expected.
src/components/blockchain/CryptoPaymentOption.tsx(49,96): error TS1005: ')' expected.
src/components/blockchain/CryptoPaymentOption.tsx(49,98): error TS1434: Unexpected keyword or identifier.
src/components/blockchain/CryptoPaymentOption.tsx(86,25): error TS1005: ';' expected.
src/components/blockchain/CryptoPaymentOption.tsx(86,32): error TS1005: ';' expected.
src/components/blockchain/CryptoPaymentOption.tsx(86,44): error TS1005: ';' expected.
src/components/blockchain/CryptoPaymentOption.tsx(86,62): error TS1005: ';' expected.
src/components/blockchain/CryptoPaymentOption.tsx(86,73): error TS1005: ';' expected.
src/components/blockchain/CryptoPaymentOption.tsx(86,87): error TS1005: ';' expected.
src/components/blockchain/CryptoPaymentOption.tsx(86,92): error TS1005: ';' expected.
src/components/blockchain/CryptoPaymentOption.tsx(86,97): error TS1005: ';' expected.
src/components/blockchain/CryptoPaymentOption.tsx(86,108): error TS1005: ';' expected.
src/components/buyer/AdminSmartAlertEngine.tsx(2,1): error TS1435: Unknown keyword or identifier. Did you mean 'this'?
src/components/buyer/AdminSmartAlertEngine.tsx(2,6): error TS1434: Unexpected keyword or identifier.
src/components/buyer/AdminSmartAlertEngine.tsx(2,11): error TS1228: A type predicate is only allowed in return type position for functions and methods.
src/components/buyer/AdminSmartAlertEngine.tsx(2,14): error TS1434: Unexpected keyword or identifier.
src/components/buyer/AdminSmartAlertEngine.tsx(2,24): error TS1434: Unexpected keyword or identifier.
src/components/buyer/AdminSmartAlertEngine.tsx(2,35): error TS1005: ';' expected.
src/components/buyer/AdminSmartAlertEngine.tsx(2,42): error TS1434: Unexpected keyword or identifier.
src/components/buyer/AdminSmartAlertEngine.tsx(2,52): error TS1435: Unknown keyword or identifier. Did you mean 'interface'?
src/components/buyer/AdminSmartAlertEngine.tsx(2,67): error TS1005: '(' expected.
src/components/buyer/AdminSmartAlertEngine.tsx(2,71): error TS1005: ';' expected.
src/components/buyer/AdminSmartAlertEngine.tsx(2,81): error TS1005: ';' expected.
src/components/buyer/AdminSmartAlertEngine.tsx(2,87): error TS1005: ')' expected.
src/components/buyer/AdminSmartAlertEngine.tsx(2,91): error TS1434: Unexpected keyword or identifier.
src/components/buyer/AdminSmartAlertEngine.tsx(2,95): error TS1434: Unexpected keyword or identifier.
src/components/buyer/AdminSmartAlertEngine.tsx(2,104): error TS1434: Unexpected keyword or identifier.
src/components/buyer/AdminSmartAlertEngine.tsx(2,109): error TS1434: Unexpected keyword or identifier.
src/components/buyer/AdminSmartAlertEngine.tsx(2,119): error TS1434: Unexpected keyword or identifier.
src/components/buyer/AdminSmartAlertEngine.tsx(2,122): error TS1434: Unexpected keyword or identifier.
src/components/buyer/AdminSmartAlertEngine.tsx(2,129): error TS1435: Unknown keyword or identifier. Did you mean 'string'?
src/components/buyer/AdminSmartAlertEngine.tsx(2,149): error TS1005: '=' expected.
src/components/buyer/AdminSmartAlertEngine.tsx(2,150): error TS1003: Identifier expected.
src/components/buyer/AdminSmartAlertEngine.tsx(4,1): error TS1127: Invalid character.
src/components/buyer/AdminSmartAlertEngine.tsx(4,2): error TS1127: Invalid character.
src/components/buyer/AdminSmartAlertEngine.tsx(4,3): error TS1127: Invalid character.
src/components/buyer/AdminSmartAlertEngine.tsx(60,36): error TS1005: ';' expected.
src/components/buyer/AdminSmartAlertEngine.tsx(60,43): error TS1434: Unexpected keyword or identifier.
src/components/buyer/AdminSmartAlertEngine.tsx(121,32): error TS1005: ';' expected.
src/components/buyer/AdminSmartAlertEngine.tsx(121,39): error TS1434: Unexpected keyword or identifier.
src/components/buyer/AdminSmartAlertEngine.tsx(129,35): error TS1005: ';' expected.
src/components/buyer/AdminSmartAlertEngine.tsx(129,40): error TS1005: ';' expected.
src/components/buyer/AdminSmartAlertEngine.tsx(129,45): error TS1005: ';' expected.
src/components/buyer/AdminSmartAlertEngine.tsx(129,58): error TS1005: ';' expected.
src/components/buyer/AdminSmartAlertEngine.tsx(129,66): error TS1005: ';' expected.
src/components/buyer/AdminSmartAlertEngine.tsx(129,78): error TS1005: ';' expected.
src/components/buyer/AdminSmartAlertEngine.tsx(144,36): error TS1005: ';' expected.
src/components/buyer/AdminSmartAlertEngine.tsx(144,41): error TS1434: Unexpected keyword or identifier.
src/components/buyer/AdminSmartAlertEngine.tsx(144,53): error TS1005: '(' expected.
src/components/buyer/AdminSmartAlertEngine.tsx(144,54): error TS1005: ';' expected.
src/components/buyer/AdminSmartAlertEngine.tsx(144,60): error TS1005: ',' expected.
src/components/buyer/AdminSmartAlertEngine.tsx(158,11): error TS1005: ';' expected.
src/components/buyer/AdminSmartAlertEngine.tsx(158,21): error TS1109: Expression expected.
src/components/buyer/AdminSmartAlertEngine.tsx(158,22): error TS1005: ')' expected.
src/components/buyer/AdminSmartAlertEngine.tsx(159,28): error TS1005: ',' expected.
src/components/buyer/AdminSmartAlertEngine.tsx(159,54): error TS1351: An identifier or keyword cannot immediately follow a numeric literal.
src/components/buyer/AdminSmartAlertEngine.tsx(159,57): error TS1005: ',' expected.
src/components/buyer/AdminSmartAlertEngine.tsx(160,30): error TS1005: ',' expected.
src/components/buyer/AdminSmartAlertEngine.tsx(160,56): error TS1005: ',' expected.
src/components/buyer/AdminSmartAlertEngine.tsx(162,11): error TS1128: Declaration or statement expected.
src/components/buyer/AdminSmartAlertEngine.tsx(162,27): error TS1005: ';' expected.
src/components/buyer/AdminSmartAlertEngine.tsx(163,24): error TS1434: Unexpected keyword or identifier.
src/components/buyer/AdminSmartAlertEngine.tsx(163,34): error TS1005: ';' expected.
src/components/buyer/AdminSmartAlertEngine.tsx(163,34): error TS1351: An identifier or keyword cannot immediately follow a numeric literal.
src/components/buyer/ARCarPreview.tsx(2,1): error TS1435: Unknown keyword or identifier. Did you mean 'this'?
src/components/buyer/ARCarPreview.tsx(2,6): error TS1434: Unexpected keyword or identifier.
src/components/buyer/ARCarPreview.tsx(2,16): error TS1434: Unexpected keyword or identifier.
src/components/buyer/ARCarPreview.tsx(2,21): error TS1434: Unexpected keyword or identifier.
src/components/buyer/ARCarPreview.tsx(2,25): error TS1434: Unexpected keyword or identifier.
src/components/buyer/ARCarPreview.tsx(2,33): error TS1434: Unexpected keyword or identifier.
src/components/buyer/ARCarPreview.tsx(2,36): error TS1434: Unexpected keyword or identifier.
src/components/buyer/ARCarPreview.tsx(2,44): error TS1434: Unexpected keyword or identifier.
src/components/buyer/ARCarPreview.tsx(2,69): error TS1005: ';' expected.
src/components/buyer/ARCarPreview.tsx(2,80): error TS1005: ';' expected.
src/components/buyer/ARCarPreview.tsx(2,89): error TS1434: Unexpected keyword or identifier.
src/components/buyer/ARCarPreview.tsx(2,115): error TS1005: '=' expected.
src/components/buyer/ARCarPreview.tsx(2,119): error TS1005: ';' expected.
src/components/buyer/ARCarPreview.tsx(2,137): error TS1005: ';' expected.
src/components/buyer/ARCarPreview.tsx(4,1): error TS1003: Identifier expected.
src/components/buyer/ARCarPreview.tsx(4,3): error TS1443: Module declaration names may only use ' or " quoted strings.
src/components/buyer/ARCarPreview.tsx(90,27): error TS1434: Unexpected keyword or identifier.
src/components/buyer/ARCarPreview.tsx(90,30): error TS1434: Unexpected keyword or identifier.
src/components/buyer/ARCarPreview.tsx(90,38): error TS1434: Unexpected keyword or identifier.
src/components/buyer/ARCarPreview.tsx(90,50): error TS1005: '(' expected.
src/components/buyer/ARCarPreview.tsx(90,54): error TS1005: ';' expected.
src/components/buyer/ARCarPreview.tsx(90,55): error TS1005: ';' expected.
src/components/buyer/ARCarPreview.tsx(95,27): error TS1005: ')' expected.
src/components/buyer/ARCarPreview.tsx(95,30): error TS1434: Unexpected keyword or identifier.
src/components/buyer/ARCarPreview.tsx(95,38): error TS1434: Unexpected keyword or identifier.
src/components/buyer/ARCarPreview.tsx(95,48): error TS1005: '(' expected.
src/components/buyer/ARCarPreview.tsx(95,52): error TS1005: ';' expected.
src/components/buyer/ARCarPreview.tsx(95,53): error TS1005: ';' expected.
src/components/buyer/ARCarPreview.tsx(101,28): error TS1005: ')' expected.
src/components/buyer/ARCarPreview.tsx(101,31): error TS1434: Unexpected keyword or identifier.
src/components/buyer/ARCarPreview.tsx(101,41): error TS1005: '(' expected.
src/components/buyer/ARCarPreview.tsx(101,45): error TS1005: ';' expected.
src/components/buyer/ARCarPreview.tsx(101,46): error TS1005: ';' expected.
src/components/buyer/ARCarPreview.tsx(101,53): error TS1005: ')' expected.
src/components/buyer/ARCarPreview.tsx(101,55): error TS1434: Unexpected keyword or identifier.
src/components/buyer/ARCarPreview.tsx(111,26): error TS1005: ';' expected.
src/components/buyer/ARCarPreview.tsx(111,34): error TS1005: ';' expected.
src/components/buyer/ARCarPreview.tsx(115,18): error TS1005: ';' expected.
src/components/buyer/ARCarPreview.tsx(115,36): error TS1005: ',' expected.
src/components/buyer/ARCarPreview.tsx(115,41): error TS1005: ',' expected.
src/components/buyer/ARCarPreview.tsx(115,44): error TS1005: ',' expected.
src/components/buyer/ARCarPreview.tsx(115,52): error TS1443: Module declaration names may only use ' or " quoted strings.
src/components/buyer/ARCarPreview.tsx(126,31): error TS1434: Unexpected keyword or identifier.
src/components/buyer/ARCarPreview.tsx(126,38): error TS1434: Unexpected keyword or identifier.
src/components/buyer/ARCarPreview.tsx(126,50): error TS1005: '(' expected.
src/components/buyer/ARCarPreview.tsx(126,64): error TS1005: ';' expected.
src/components/buyer/ARCarPreview.tsx(126,65): error TS1005: ';' expected.
src/components/buyer/ARCarPreview.tsx(129,29): error TS1005: ')' expected.
src/components/buyer/ARCarPreview.tsx(129,43): error TS1434: Unexpected keyword or identifier.
src/components/buyer/ARCarPreview.tsx(129,55): error TS1005: '(' expected.
src/components/buyer/ARCarPreview.tsx(129,59): error TS1005: ';' expected.
src/components/buyer/ARCarPreview.tsx(129,60): error TS1005: ';' expected.
src/components/buyer/ARCarPreview.tsx(129,67): error TS1005: ')' expected.
src/components/buyer/ARCarPreview.tsx(129,69): error TS1434: Unexpected keyword or identifier.
src/components/buyer/ARCarPreview.tsx(129,76): error TS2809: Declaration or statement expected. This '=' follows a block of statements, so if you intended to write a destructuring assignment, you might need to wrap the whole assignment in parentheses.
src/components/buyer/ARCarPreview.tsx(129,78): error TS1434: Unexpected keyword or identifier.
src/components/buyer/ARCarPreview.tsx(133,30): error TS1005: ';' expected.
src/components/buyer/ARCarPreview.tsx(133,36): error TS1434: Unexpected keyword or identifier.
src/components/buyer/ARCarPreview.tsx(133,45): error TS1434: Unexpected keyword or identifier.
src/components/buyer/ARCarPreview.tsx(133,59): error TS1434: Unexpected keyword or identifier.
src/components/buyer/ARCarPreview.tsx(133,65): error TS1128: Declaration or statement expected.
src/components/buyer/ARCarPreview.tsx(133,67): error TS1434: Unexpected keyword or identifier.
src/components/buyer/ARCarPreview.tsx(230,30): error TS1005: ';' expected.
src/components/buyer/ARCarPreview.tsx(230,38): error TS1434: Unexpected keyword or identifier.
src/components/buyer/ARCarPreview.tsx(230,55): error TS1005: ')' expected.
src/components/buyer/ARCarPreview.tsx(230,71): error TS1434: Unexpected keyword or identifier.
src/components/buyer/ARCarPreview.tsx(230,77): error TS1128: Declaration or statement expected.
src/components/buyer/AuctionResultsViewer.tsx(2,1): error TS1435: Unknown keyword or identifier. Did you mean 'this'?
src/components/buyer/AuctionResultsViewer.tsx(2,6): error TS1434: Unexpected keyword or identifier.
src/components/buyer/AuctionResultsViewer.tsx(2,17): error TS1434: Unexpected keyword or identifier.
src/components/buyer/AuctionResultsViewer.tsx(2,26): error TS1434: Unexpected keyword or identifier.
src/components/buyer/AuctionResultsViewer.tsx(2,37): error TS1435: Unknown keyword or identifier. Did you mean 'interface'?
src/components/buyer/AuctionResultsViewer.tsx(2,48): error TS1434: Unexpected keyword or identifier.
src/components/buyer/AuctionResultsViewer.tsx(2,51): error TS1434: Unexpected keyword or identifier.
src/components/buyer/AuctionResultsViewer.tsx(2,58): error TS1434: Unexpected keyword or identifier.
src/components/buyer/AuctionResultsViewer.tsx(2,62): error TS1434: Unexpected keyword or identifier.
src/components/buyer/AuctionResultsViewer.tsx(2,143): error TS1002: Unterminated string literal.
src/components/buyer/AuctionResultsViewer.tsx(4,1): error TS1127: Invalid character.
src/components/buyer/AuctionResultsViewer.tsx(4,2): error TS1127: Invalid character.
src/components/buyer/AuctionResultsViewer.tsx(4,3): error TS1127: Invalid character.
src/components/buyer/BidAssistantSimulator.tsx(2,1): error TS1435: Unknown keyword or identifier. Did you mean 'this'?
src/components/buyer/BidAssistantSimulator.tsx(2,6): error TS1434: Unexpected keyword or identifier.
src/components/buyer/BidAssistantSimulator.tsx(2,11): error TS1228: A type predicate is only allowed in return type position for functions and methods.
src/components/buyer/BidAssistantSimulator.tsx(2,14): error TS1434: Unexpected keyword or identifier.
src/components/buyer/BidAssistantSimulator.tsx(2,24): error TS1434: Unexpected keyword or identifier.
src/components/buyer/BidAssistantSimulator.tsx(2,54): error TS1005: ';' expected.
src/components/buyer/BidAssistantSimulator.tsx(2,58): error TS1434: Unexpected keyword or identifier.
src/components/buyer/BidAssistantSimulator.tsx(2,70): error TS1435: Unknown keyword or identifier. Did you mean 'type'?
src/components/buyer/BidAssistantSimulator.tsx(2,80): error TS1005: '(' expected.
src/components/buyer/BidAssistantSimulator.tsx(2,98): error TS1005: ';' expected.
src/components/buyer/BidAssistantSimulator.tsx(2,107): error TS1005: ';' expected.
src/components/buyer/BidAssistantSimulator.tsx(2,112): error TS1005: ')' expected.
src/components/buyer/BidAssistantSimulator.tsx(2,123): error TS1003: Identifier expected.
src/components/buyer/BidAssistantSimulator.tsx(4,1): error TS1127: Invalid character.
src/components/buyer/BidAssistantSimulator.tsx(4,2): error TS1127: Invalid character.
src/components/buyer/BidAssistantSimulator.tsx(4,3): error TS1127: Invalid character.
src/components/buyer/BidAssistantSimulator.tsx(4,5): error TS1005: ';' expected.
src/components/buyer/BidAssistantSimulator.tsx(6,3): error TS1443: Module declaration names may only use ' or " quoted strings.
src/components/buyer/BidAssistantSimulator.tsx(54,13): error TS1434: Unexpected keyword or identifier.
src/components/buyer/BidAssistantSimulator.tsx(54,19): error TS1434: Unexpected keyword or identifier.
src/components/buyer/BidAssistantSimulator.tsx(70,17): error TS1005: ';' expected.
src/components/buyer/BidAssistantSimulator.tsx(70,81): error TS1443: Module declaration names may only use ' or " quoted strings.
src/components/buyer/BidAssistantSimulator.tsx(95,28): error TS1434: Unexpected keyword or identifier.
src/components/buyer/BidAssistantSimulator.tsx(103,33): error TS1005: ';' expected.
src/components/buyer/BuyerAISuggestionEngine.tsx(2,1): error TS1435: Unknown keyword or identifier. Did you mean 'this'?
src/components/buyer/BuyerAISuggestionEngine.tsx(2,6): error TS1434: Unexpected keyword or identifier.
src/components/buyer/BuyerAISuggestionEngine.tsx(2,11): error TS1434: Unexpected keyword or identifier.
src/components/buyer/BuyerAISuggestionEngine.tsx(2,15): error TS1434: Unexpected keyword or identifier.
src/components/buyer/BuyerAISuggestionEngine.tsx(2,20): error TS1434: Unexpected keyword or identifier.
src/components/buyer/BuyerAISuggestionEngine.tsx(2,30): error TS1434: Unexpected keyword or identifier.
src/components/buyer/BuyerAISuggestionEngine.tsx(2,40): error TS1005: ';' expected.
src/components/buyer/BuyerAISuggestionEngine.tsx(2,275): error TS1002: Unterminated string literal.
src/components/buyer/BuyerAISuggestionEngine.tsx(4,1): error TS1127: Invalid character.
src/components/buyer/BuyerAISuggestionEngine.tsx(4,2): error TS1127: Invalid character.
src/components/buyer/BuyerAISuggestionEngine.tsx(4,3): error TS1127: Invalid character.
src/components/buyer/BuyerAISuggestionEngine.tsx(62,70): error TS1005: ';' expected.
src/components/buyer/BuyerAISuggestionEngine.tsx(62,79): error TS1161: Unterminated regular expression literal.
src/components/buyer/BuyerAISuggestionEngine.tsx(63,54): error TS1128: Declaration or statement expected.
src/components/buyer/BuyerAISuggestionEngine.tsx(64,7): error TS1128: Declaration or statement expected.
src/components/buyer/BuyerAISuggestionEngine.tsx(64,8): error TS1128: Declaration or statement expected.
src/components/buyer/BuyerAISuggestionEngine.tsx(68,5): error TS1128: Declaration or statement expected.
src/components/buyer/BuyerAISuggestionEngine.tsx(68,7): error TS1005: 'try' expected.
src/components/buyer/BuyerAISuggestionEngine.tsx(82,3): error TS1128: Declaration or statement expected.
src/components/buyer/BuyerAISuggestionEngine.tsx(166,1): error TS1128: Declaration or statement expected.
src/components/buyer/BuyerAISuggestionEngine.tsx(169,4): error TS1160: Unterminated template literal.
src/components/buyer/BuyerAnalyticsDashboard.tsx(2,1): error TS1435: Unknown keyword or identifier. Did you mean 'this'?
src/components/buyer/BuyerAnalyticsDashboard.tsx(2,6): error TS1434: Unexpected keyword or identifier.
src/components/buyer/BuyerAnalyticsDashboard.tsx(2,17): error TS1434: Unexpected keyword or identifier.
src/components/buyer/BuyerAnalyticsDashboard.tsx(2,26): error TS1434: Unexpected keyword or identifier.
src/components/buyer/BuyerAnalyticsDashboard.tsx(2,33): error TS1434: Unexpected keyword or identifier.
src/components/buyer/BuyerAnalyticsDashboard.tsx(2,66): error TS1005: ';' expected.
src/components/buyer/BuyerAnalyticsDashboard.tsx(2,75): error TS1434: Unexpected keyword or identifier.
src/components/buyer/BuyerAnalyticsDashboard.tsx(2,100): error TS1005: ';' expected.
src/components/buyer/BuyerAnalyticsDashboard.tsx(2,106): error TS1434: Unexpected keyword or identifier.
src/components/buyer/BuyerAnalyticsDashboard.tsx(2,109): error TS1434: Unexpected keyword or identifier.
src/components/buyer/BuyerAnalyticsDashboard.tsx(2,115): error TS1434: Unexpected keyword or identifier.
src/components/buyer/BuyerAnalyticsDashboard.tsx(2,121): error TS1434: Unexpected keyword or identifier.
src/components/buyer/BuyerAnalyticsDashboard.tsx(2,136): error TS1005: ';' expected.
src/components/buyer/BuyerAnalyticsDashboard.tsx(2,144): error TS1434: Unexpected keyword or identifier.
src/components/buyer/BuyerAnalyticsDashboard.tsx(2,159): error TS1443: Module declaration names may only use ' or " quoted strings.
src/components/buyer/BuyerAnalyticsDashboard.tsx(2,183): error TS1003: Identifier expected.
src/components/buyer/BuyerAnalyticsDashboard.tsx(4,1): error TS1127: Invalid character.
src/components/buyer/BuyerAnalyticsDashboard.tsx(4,2): error TS1127: Invalid character.
src/components/buyer/BuyerAnalyticsDashboard.tsx(4,3): error TS1127: Invalid character.
src/components/buyer/BuyerAnalyticsDashboard.tsx(79,46): error TS1005: ';' expected.
src/components/buyer/BuyerAnalyticsDashboard.tsx(79,55): error TS1161: Unterminated regular expression literal.
src/components/buyer/BuyerAnalyticsDashboard.tsx(79,66): error TS1005: ';' expected.
src/components/buyer/BuyerAnalyticsDashboard.tsx(86,7): error TS1128: Declaration or statement expected.
src/components/buyer/BuyerAnalyticsDashboard.tsx(86,9): error TS1005: 'try' expected.
src/components/buyer/BuyerAnalyticsDashboard.tsx(93,5): error TS1128: Declaration or statement expected.
src/components/buyer/BuyerAnalyticsDashboard.tsx(95,3): error TS1128: Declaration or statement expected.
src/components/buyer/BuyerAnalyticsDashboard.tsx(95,4): error TS1128: Declaration or statement expected.
src/components/buyer/BuyerAnalyticsDashboard.tsx(95,15): error TS1005: ';' expected.
src/components/buyer/BuyerAnalyticsDashboard.tsx(227,1): error TS1128: Declaration or statement expected.
src/components/buyer/BuyerAnalyticsDashboard.tsx(230,4): error TS1160: Unterminated template literal.
src/components/buyer/BuyerAuctionHistory.ts(2,1): error TS1435: Unknown keyword or identifier. Did you mean 'this'?
src/components/buyer/BuyerAuctionHistory.ts(2,6): error TS1434: Unexpected keyword or identifier.
src/components/buyer/BuyerAuctionHistory.ts(2,11): error TS1228: A type predicate is only allowed in return type position for functions and methods.
src/components/buyer/BuyerAuctionHistory.ts(2,14): error TS1434: Unexpected keyword or identifier.
src/components/buyer/BuyerAuctionHistory.ts(2,24): error TS1434: Unexpected keyword or identifier.
src/components/buyer/BuyerAuctionHistory.ts(2,27): error TS1434: Unexpected keyword or identifier.
src/components/buyer/BuyerAuctionHistory.ts(2,31): error TS1434: Unexpected keyword or identifier.
src/components/buyer/BuyerAuctionHistory.ts(2,34): error TS1434: Unexpected keyword or identifier.
src/components/buyer/BuyerAuctionHistory.ts(2,42): error TS1434: Unexpected keyword or identifier.
src/components/buyer/BuyerAuctionHistory.ts(2,46): error TS1434: Unexpected keyword or identifier.
src/components/buyer/BuyerAuctionHistory.ts(2,53): error TS1434: Unexpected keyword or identifier.
src/components/buyer/BuyerAuctionHistory.ts(2,57): error TS1434: Unexpected keyword or identifier.
src/components/buyer/BuyerAuctionHistory.ts(2,82): error TS1005: ';' expected.
src/components/buyer/BuyerAuctionHistory.ts(2,86): error TS1434: Unexpected keyword or identifier.
src/components/buyer/BuyerAuctionHistory.ts(2,96): error TS1434: Unexpected keyword or identifier.
src/components/buyer/BuyerAuctionHistory.ts(2,99): error TS1434: Unexpected keyword or identifier.
src/components/buyer/BuyerAuctionHistory.ts(2,103): error TS1434: Unexpected keyword or identifier.
src/components/buyer/BuyerAuctionHistory.ts(2,112): error TS1434: Unexpected keyword or identifier.
src/components/buyer/BuyerAuctionHistory.ts(2,158): error TS1005: ';' expected.
src/components/buyer/BuyerAuctionHistory.ts(2,161): error TS1434: Unexpected keyword or identifier.
src/components/buyer/BuyerAuctionHistory.ts(2,173): error TS1005: '(' expected.
src/components/buyer/BuyerAuctionHistory.ts(2,182): error TS1005: ';' expected.
src/components/buyer/BuyerAuctionHistory.ts(2,188): error TS1005: ';' expected.
src/components/buyer/BuyerAuctionHistory.ts(2,203): error TS1005: ')' expected.
src/components/buyer/BuyerAuctionHistory.ts(2,208): error TS1434: Unexpected keyword or identifier.
src/components/buyer/BuyerAuctionHistory.ts(2,215): error TS1434: Unexpected keyword or identifier.
src/components/buyer/BuyerAuctionHistory.ts(2,219): error TS1434: Unexpected keyword or identifier.
src/components/buyer/BuyerAuctionHistory.ts(2,228): error TS1435: Unknown keyword or identifier. Did you mean 'type'?
src/components/buyer/BuyerAuctionHistory.ts(2,238): error TS1005: '(' expected.
src/components/buyer/BuyerAuctionHistory.ts(2,242): error TS1005: ';' expected.
src/components/buyer/BuyerAuctionHistory.ts(2,247): error TS1005: ';' expected.
src/components/buyer/BuyerAuctionHistory.ts(2,281): error TS1005: ',' expected.
src/components/buyer/BuyerAuctionHistory.ts(2,302): error TS1003: Identifier expected.
src/components/buyer/BuyerAuctionHistory.ts(4,1): error TS1005: ')' expected.
src/components/buyer/BuyerAuctionHistory.ts(4,1): error TS1127: Invalid character.
src/components/buyer/BuyerAuctionHistory.ts(4,2): error TS1127: Invalid character.
src/components/buyer/BuyerAuctionHistory.ts(4,3): error TS1127: Invalid character.
src/components/buyer/BuyerBehaviorTracker.tsx(2,1): error TS1435: Unknown keyword or identifier. Did you mean 'this'?
src/components/buyer/BuyerBehaviorTracker.tsx(2,6): error TS1434: Unexpected keyword or identifier.
src/components/buyer/BuyerBehaviorTracker.tsx(2,11): error TS1434: Unexpected keyword or identifier.
src/components/buyer/BuyerBehaviorTracker.tsx(2,18): error TS1434: Unexpected keyword or identifier.
src/components/buyer/BuyerBehaviorTracker.tsx(2,21): error TS1434: Unexpected keyword or identifier.
src/components/buyer/BuyerBehaviorTracker.tsx(2,53): error TS1005: ',' expected.
src/components/buyer/BuyerBehaviorTracker.tsx(2,62): error TS1005: ';' expected.
src/components/buyer/BuyerBehaviorTracker.tsx(2,67): error TS1434: Unexpected keyword or identifier.
src/components/buyer/BuyerBehaviorTracker.tsx(2,74): error TS1435: Unknown keyword or identifier. Did you mean 'interface'?
src/components/buyer/BuyerBehaviorTracker.tsx(2,89): error TS1005: '(' expected.
src/components/buyer/BuyerBehaviorTracker.tsx(2,93): error TS1005: ';' expected.
src/components/buyer/BuyerBehaviorTracker.tsx(2,103): error TS1005: ';' expected.
src/components/buyer/BuyerBehaviorTracker.tsx(2,109): error TS1005: ')' expected.
src/components/buyer/BuyerBehaviorTracker.tsx(2,113): error TS1434: Unexpected keyword or identifier.
src/components/buyer/BuyerBehaviorTracker.tsx(2,117): error TS1434: Unexpected keyword or identifier.
src/components/buyer/BuyerBehaviorTracker.tsx(2,127): error TS1434: Unexpected keyword or identifier.
src/components/buyer/BuyerBehaviorTracker.tsx(2,130): error TS1434: Unexpected keyword or identifier.
src/components/buyer/BuyerBehaviorTracker.tsx(4,1): error TS1003: Identifier expected.
src/components/buyer/BuyerBehaviorTracker.tsx(62,40): error TS1005: ';' expected.
src/components/buyer/BuyerBehaviorTracker.tsx(62,47): error TS1434: Unexpected keyword or identifier.
src/components/buyer/BuyerBehaviorTracker.tsx(103,42): error TS1005: ';' expected.
src/components/buyer/BuyerBehaviorTracker.tsx(103,49): error TS1434: Unexpected keyword or identifier.
src/components/buyer/BuyerBidHistory.tsx(2,1): error TS1435: Unknown keyword or identifier. Did you mean 'this'?
src/components/buyer/BuyerBidHistory.tsx(2,6): error TS1434: Unexpected keyword or identifier.
src/components/buyer/BuyerBidHistory.tsx(2,17): error TS1434: Unexpected keyword or identifier.
src/components/buyer/BuyerBidHistory.tsx(2,22): error TS1434: Unexpected keyword or identifier.
src/components/buyer/BuyerBidHistory.tsx(2,32): error TS1434: Unexpected keyword or identifier.
src/components/buyer/BuyerBidHistory.tsx(2,43): error TS1434: Unexpected keyword or identifier.
src/components/buyer/BuyerBidHistory.tsx(2,52): error TS1434: Unexpected keyword or identifier.
src/components/buyer/BuyerBidHistory.tsx(2,57): error TS1435: Unknown keyword or identifier. Did you mean 'interface'?
src/components/buyer/BuyerBidHistory.tsx(2,72): error TS1005: '(' expected.
src/components/buyer/BuyerBidHistory.tsx(2,77): error TS1005: ';' expected.
src/components/buyer/BuyerBidHistory.tsx(2,88): error TS1005: ';' expected.
src/components/buyer/BuyerBidHistory.tsx(2,92): error TS1005: ')' expected.
src/components/buyer/BuyerBidHistory.tsx(2,108): error TS1005: ';' expected.
src/components/buyer/BuyerBidHistory.tsx(2,119): error TS1005: '(' expected.
src/components/buyer/BuyerBidHistory.tsx(2,130): error TS1005: ';' expected.
src/components/buyer/BuyerBidHistory.tsx(2,141): error TS1005: ';' expected.
src/components/buyer/BuyerBidHistory.tsx(2,148): error TS1005: ')' expected.
src/components/buyer/BuyerBidHistory.tsx(2,159): error TS1005: '(' expected.
src/components/buyer/BuyerBidHistory.tsx(2,165): error TS1005: ';' expected.
src/components/buyer/BuyerBidHistory.tsx(2,171): error TS1005: ';' expected.
src/components/buyer/BuyerBidHistory.tsx(2,181): error TS1109: Expression expected.
src/components/buyer/BuyerBidHistory.tsx(2,187): error TS1005: '(' expected.
src/components/buyer/BuyerBidHistory.tsx(2,198): error TS1005: ')' expected.
src/components/buyer/BuyerBidHistory.tsx(2,202): error TS1434: Unexpected keyword or identifier.
src/components/buyer/BuyerBidHistory.tsx(2,211): error TS1434: Unexpected keyword or identifier.
src/components/buyer/BuyerBidHistory.tsx(2,215): error TS1434: Unexpected keyword or identifier.
src/components/buyer/BuyerBidHistory.tsx(2,225): error TS1434: Unexpected keyword or identifier.
src/components/buyer/BuyerBidHistory.tsx(2,243): error TS1003: Identifier expected.
src/components/buyer/BuyerBidHistory.tsx(4,1): error TS1127: Invalid character.
src/components/buyer/BuyerBidHistory.tsx(4,2): error TS1127: Invalid character.
src/components/buyer/BuyerBidHistory.tsx(4,3): error TS1127: Invalid character.
src/components/buyer/BuyerBidHistory.tsx(67,62): error TS1005: ';' expected.
src/components/buyer/BuyerBidHistory.tsx(67,71): error TS1161: Unterminated regular expression literal.
src/components/buyer/BuyerBidHistory.tsx(68,56): error TS1128: Declaration or statement expected.
src/components/buyer/BuyerBidHistory.tsx(69,9): error TS1128: Declaration or statement expected.
src/components/buyer/BuyerBidHistory.tsx(69,10): error TS1128: Declaration or statement expected.
src/components/buyer/BuyerBidHistory.tsx(74,7): error TS1128: Declaration or statement expected.
src/components/buyer/BuyerBidHistory.tsx(74,9): error TS1005: 'try' expected.
src/components/buyer/BuyerBidHistory.tsx(84,5): error TS1128: Declaration or statement expected.
src/components/buyer/BuyerBidHistory.tsx(87,3): error TS1128: Declaration or statement expected.
src/components/buyer/BuyerBidHistory.tsx(87,4): error TS1128: Declaration or statement expected.
src/components/buyer/BuyerBidHistory.tsx(87,15): error TS1005: ';' expected.
src/components/buyer/BuyerBidHistory.tsx(192,1): error TS1128: Declaration or statement expected.
src/components/buyer/BuyerBidHistory.tsx(195,4): error TS1160: Unterminated template literal.
src/components/buyer/BuyerBidModal.tsx(2,1): error TS1435: Unknown keyword or identifier. Did you mean 'this'?
src/components/buyer/BuyerBidModal.tsx(2,6): error TS1434: Unexpected keyword or identifier.
src/components/buyer/BuyerBidModal.tsx(2,16): error TS1228: A type predicate is only allowed in return type position for functions and methods.
src/components/buyer/BuyerBidModal.tsx(2,19): error TS1434: Unexpected keyword or identifier.
src/components/buyer/BuyerBidModal.tsx(2,28): error TS1434: Unexpected keyword or identifier.
src/components/buyer/BuyerBidModal.tsx(2,42): error TS1005: ';' expected.
src/components/buyer/BuyerBidModal.tsx(2,55): error TS2427: Interface name cannot be 'for'.
src/components/buyer/BuyerBidModal.tsx(2,59): error TS1005: '(' expected.
src/components/buyer/BuyerBidModal.tsx(2,65): error TS1005: ';' expected.
src/components/buyer/BuyerBidModal.tsx(2,76): error TS1005: ';' expected.
src/components/buyer/BuyerBidModal.tsx(2,80): error TS1005: ')' expected.
src/components/buyer/BuyerBidModal.tsx(2,90): error TS1434: Unexpected keyword or identifier.
src/components/buyer/BuyerBidModal.tsx(2,99): error TS1435: Unknown keyword or identifier. Did you mean 'type'?
src/components/buyer/BuyerBidModal.tsx(2,109): error TS1005: '(' expected.
src/components/buyer/BuyerBidModal.tsx(2,115): error TS1005: ';' expected.
src/components/buyer/BuyerBidModal.tsx(2,125): error TS1005: ';' expected.
src/components/buyer/BuyerBidModal.tsx(2,129): error TS1005: ')' expected.
src/components/buyer/BuyerBidModal.tsx(2,149): error TS1005: ';' expected.
src/components/buyer/BuyerBidModal.tsx(2,157): error TS1434: Unexpected keyword or identifier.
src/components/buyer/BuyerBidModal.tsx(2,171): error TS1443: Module declaration names may only use ' or " quoted strings.
src/components/buyer/BuyerBidModal.tsx(2,183): error TS1434: Unexpected keyword or identifier.
src/components/buyer/BuyerBidModal.tsx(2,187): error TS1434: Unexpected keyword or identifier.
src/components/buyer/BuyerBidModal.tsx(2,209): error TS1005: ';' expected.
src/components/buyer/BuyerBidModal.tsx(2,232): error TS1005: '=' expected.
src/components/buyer/BuyerBidModal.tsx(4,1): error TS1003: Identifier expected.
src/components/buyer/BuyerCarCompare.ts(2,1): error TS1435: Unknown keyword or identifier. Did you mean 'this'?
src/components/buyer/BuyerCarCompare.ts(2,6): error TS1434: Unexpected keyword or identifier.
src/components/buyer/BuyerCarCompare.ts(2,16): error TS1434: Unexpected keyword or identifier.
src/components/buyer/BuyerCarCompare.ts(2,21): error TS1434: Unexpected keyword or identifier.
src/components/buyer/BuyerCarCompare.ts(2,36): error TS1005: ';' expected.
src/components/buyer/BuyerCarCompare.ts(2,39): error TS1434: Unexpected keyword or identifier.
src/components/buyer/BuyerCarCompare.ts(2,44): error TS1434: Unexpected keyword or identifier.
src/components/buyer/BuyerCarCompare.ts(2,52): error TS1434: Unexpected keyword or identifier.
src/components/buyer/BuyerCarCompare.ts(2,79): error TS1005: ';' expected.
src/components/buyer/BuyerCarCompare.ts(2,89): error TS1434: Unexpected keyword or identifier.
src/components/buyer/BuyerCarCompare.ts(2,99): error TS1435: Unknown keyword or identifier. Did you mean 'interface'?
src/components/buyer/BuyerCarCompare.ts(2,110): error TS1434: Unexpected keyword or identifier.
src/components/buyer/BuyerCarCompare.ts(2,113): error TS1434: Unexpected keyword or identifier.
src/components/buyer/BuyerCarCompare.ts(2,120): error TS1434: Unexpected keyword or identifier.
src/components/buyer/BuyerCarCompare.ts(2,124): error TS1434: Unexpected keyword or identifier.
src/components/buyer/BuyerCarCompare.ts(2,130): error TS1434: Unexpected keyword or identifier.
src/components/buyer/BuyerCarCompare.ts(2,133): error TS1434: Unexpected keyword or identifier.
src/components/buyer/BuyerCarCompare.ts(2,137): error TS1434: Unexpected keyword or identifier.
src/components/buyer/BuyerCarCompare.ts(2,142): error TS1434: Unexpected keyword or identifier.
src/components/buyer/BuyerCarCompare.ts(2,151): error TS1434: Unexpected keyword or identifier.
src/components/buyer/BuyerCarCompare.ts(2,156): error TS1434: Unexpected keyword or identifier.
src/components/buyer/BuyerCarCompare.ts(2,160): error TS1434: Unexpected keyword or identifier.
src/components/buyer/BuyerCarCompare.ts(2,180): error TS1005: ';' expected.
src/components/buyer/BuyerCarCompare.ts(2,192): error TS1005: '=' expected.
src/components/buyer/BuyerCarCompare.ts(2,203): error TS1005: ';' expected.
src/components/buyer/BuyerCarCompare.ts(2,207): error TS1434: Unexpected keyword or identifier.
src/components/buyer/BuyerCarCompare.ts(2,217): error TS1434: Unexpected keyword or identifier.
src/components/buyer/BuyerCarCompare.ts(2,223): error TS1434: Unexpected keyword or identifier.
src/components/buyer/BuyerCarCompare.ts(4,1): error TS1003: Identifier expected.
src/components/buyer/BuyerCarCompare.ts(4,3): error TS1443: Module declaration names may only use ' or " quoted strings.
src/components/buyer/BuyerCarCompare.ts(81,49): error TS1434: Unexpected keyword or identifier.
src/components/buyer/BuyerCarCompare.ts(81,68): error TS1443: Module declaration names may only use ' or " quoted strings.
src/components/buyer/BuyerCarCompare.ts(82,38): error TS1434: Unexpected keyword or identifier.
src/components/buyer/BuyerCarCompare.ts(82,45): error TS1434: Unexpected keyword or identifier.
src/components/buyer/BuyerCarCompare.ts(87,58): error TS1005: ';' expected.
src/components/buyer/BuyerCarCompare.ts(87,65): error TS1434: Unexpected keyword or identifier.
src/components/buyer/BuyerCarCompare.ts(92,62): error TS1005: ';' expected.
src/components/buyer/BuyerCarCompare.ts(103,28): error TS1005: ';' expected.
src/components/buyer/BuyerCarCompare.ts(103,35): error TS1434: Unexpected keyword or identifier.
src/components/buyer/BuyerCarCompare.ts(103,38): error TS1434: Unexpected keyword or identifier.
src/components/buyer/BuyerCarCompare.ts(103,44): error TS1434: Unexpected keyword or identifier.
src/components/buyer/BuyerCarCompare.ts(103,58): error TS1005: '(' expected.
src/components/buyer/BuyerCarCompare.ts(103,62): error TS1005: ';' expected.
src/components/buyer/BuyerCarCompare.ts(103,63): error TS1005: ';' expected.
src/components/buyer/BuyerCarCompare.ts(103,67): error TS1005: ',' expected.
src/components/buyer/BuyerCarCompare.ts(119,57): error TS1005: ')' expected.
src/components/buyer/BuyerCarCompare.ts(119,79): error TS1005: ';' expected.
src/components/buyer/BuyerCarCompare.ts(119,93): error TS1161: Unterminated regular expression literal.
src/components/buyer/BuyerCarCompare.ts(119,114): error TS1005: ';' expected.
src/components/buyer/BuyerCarCompare.ts(121,11): error TS1128: Declaration or statement expected.
src/components/buyer/BuyerCarCompare.ts(121,13): error TS1005: 'try' expected.
src/components/buyer/BuyerCarCompare.ts(125,9): error TS1128: Declaration or statement expected.
src/components/buyer/BuyerCarCompare.ts(125,10): error TS1128: Declaration or statement expected.
src/components/buyer/BuyerCarCompare.ts(155,7): error TS1128: Declaration or statement expected.
src/components/buyer/BuyerCarCompare.ts(155,9): error TS1005: 'try' expected.
src/components/buyer/BuyerCarCompare.ts(161,5): error TS1128: Declaration or statement expected.
src/components/buyer/BuyerCarCompare.ts(165,3): error TS1128: Declaration or statement expected.
src/components/buyer/BuyerCarCompare.ts(165,4): error TS1128: Declaration or statement expected.
src/components/buyer/BuyerCarCompare.ts(165,22): error TS1005: ';' expected.
src/components/buyer/BuyerCarCompare.ts(176,28): error TS1005: '>' expected.
src/components/buyer/BuyerCarCompare.ts(176,37): error TS1005: ';' expected.
src/components/buyer/BuyerCarCompare.ts(176,64): error TS1005: ';' expected.
src/components/buyer/BuyerCarCompare.ts(176,68): error TS1128: Declaration or statement expected.
src/components/buyer/BuyerCarCompare.ts(176,72): error TS1110: Type expected.
src/components/buyer/BuyerCarCompare.ts(177,26): error TS1005: '>' expected.
src/components/buyer/BuyerCarCompare.ts(177,35): error TS1005: ';' expected.
src/components/buyer/BuyerCarCompare.ts(177,75): error TS1161: Unterminated regular expression literal.
src/components/buyer/BuyerCarCompare.ts(178,38): error TS1005: '>' expected.
src/components/buyer/BuyerCarCompare.ts(178,47): error TS1005: ';' expected.
src/components/buyer/BuyerCarCompare.ts(178,69): error TS1005: ';' expected.
src/components/buyer/BuyerCarCompare.ts(178,74): error TS1434: Unexpected keyword or identifier.
src/components/buyer/BuyerCarCompare.ts(178,84): error TS1434: Unexpected keyword or identifier.
src/components/buyer/BuyerCarCompare.ts(178,95): error TS1003: Identifier expected.
src/components/buyer/BuyerCarCompare.ts(178,96): error TS1161: Unterminated regular expression literal.
src/components/buyer/BuyerCarCompare.ts(181,10): error TS1005: '>' expected.
src/components/buyer/BuyerCarCompare.ts(181,19): error TS1005: ')' expected.
src/components/buyer/BuyerCarCompare.ts(182,15): error TS1005: '>' expected.
src/components/buyer/BuyerCarCompare.ts(183,11): error TS1005: ';' expected.
src/components/buyer/BuyerCarCompare.ts(183,47): error TS1127: Invalid character.
src/components/buyer/BuyerCarCompare.ts(183,50): error TS1434: Unexpected keyword or identifier.
src/components/buyer/BuyerCarCompare.ts(183,63): error TS1161: Unterminated regular expression literal.
src/components/buyer/BuyerCarCompare.ts(185,12): error TS1005: ';' expected.
src/components/buyer/BuyerCarCompare.ts(186,14): error TS1005: ',' expected.
src/components/buyer/BuyerCarCompare.ts(193,15): error TS1005: '>' expected.
src/components/buyer/BuyerCarCompare.ts(193,18): error TS1005: ')' expected.
src/components/buyer/BuyerCarCompare.ts(193,23): error TS1005: ',' expected.
src/components/buyer/BuyerCarCompare.ts(194,26): error TS1136: Property assignment expected.
src/components/buyer/BuyerCarCompare.ts(197,13): error TS1005: ',' expected.
src/components/buyer/BuyerCarCompare.ts(198,19): error TS1005: '>' expected.
src/components/buyer/BuyerCarCompare.ts(198,28): error TS1005: ',' expected.
src/components/buyer/BuyerCarCompare.ts(198,57): error TS1005: ',' expected.
src/components/buyer/BuyerCarCompare.ts(198,64): error TS1005: ',' expected.
src/components/buyer/BuyerCarCompare.ts(198,68): error TS1005: ',' expected.
src/components/buyer/BuyerCarCompare.ts(198,81): error TS1005: ',' expected.
src/components/buyer/BuyerCarCompare.ts(198,89): error TS1161: Unterminated regular expression literal.
src/components/buyer/BuyerCarCompare.ts(199,18): error TS1005: ',' expected.
src/components/buyer/BuyerCarCompare.ts(199,43): error TS1005: ',' expected.
src/components/buyer/BuyerCarCompare.ts(199,46): error TS1005: ',' expected.
src/components/buyer/BuyerCarCompare.ts(199,50): error TS1005: ',' expected.
src/components/buyer/BuyerCarCompare.ts(199,75): error TS1161: Unterminated regular expression literal.
src/components/buyer/BuyerCarCompare.ts(200,18): error TS1005: ',' expected.
src/components/buyer/BuyerCarCompare.ts(200,45): error TS1005: ',' expected.
src/components/buyer/BuyerCarCompare.ts(200,51): error TS1005: ',' expected.
src/components/buyer/BuyerCarCompare.ts(200,88): error TS1005: ',' expected.
src/components/buyer/BuyerCarCompare.ts(200,91): error TS1161: Unterminated regular expression literal.
src/components/buyer/BuyerCarCompare.ts(201,18): error TS1005: ',' expected.
src/components/buyer/BuyerCarCompare.ts(201,43): error TS1005: ',' expected.
src/components/buyer/BuyerCarCompare.ts(201,49): error TS1005: ',' expected.
src/components/buyer/BuyerCarCompare.ts(201,76): error TS1161: Unterminated regular expression literal.
src/components/buyer/BuyerCarCompare.ts(202,18): error TS1005: ',' expected.
src/components/buyer/BuyerCarCompare.ts(202,45): error TS1005: ',' expected.
src/components/buyer/BuyerCarCompare.ts(202,51): error TS1005: ',' expected.
src/components/buyer/BuyerCarCompare.ts(202,57): error TS1005: ',' expected.
src/components/buyer/BuyerCarCompare.ts(202,81): error TS1161: Unterminated regular expression literal.
src/components/buyer/BuyerCarCompare.ts(203,18): error TS1005: ',' expected.
src/components/buyer/BuyerCarCompare.ts(204,24): error TS1005: ',' expected.
src/components/buyer/BuyerCarCompare.ts(204,30): error TS1005: ',' expected.
src/components/buyer/BuyerCarCompare.ts(205,31): error TS1005: ',' expected.
src/components/buyer/BuyerCarCompare.ts(205,45): error TS1005: ':' expected.
src/components/buyer/BuyerCarCompare.ts(209,16): error TS1161: Unterminated regular expression literal.
src/components/buyer/BuyerCarCompare.ts(210,18): error TS1005: ',' expected.
src/components/buyer/BuyerCarCompare.ts(210,41): error TS1005: ',' expected.
src/components/buyer/BuyerCarCompare.ts(210,45): error TS1005: ',' expected.
src/components/buyer/BuyerCarCompare.ts(210,60): error TS1005: ',' expected.
src/components/buyer/BuyerCarCompare.ts(210,95): error TS1161: Unterminated regular expression literal.
src/components/buyer/BuyerCarCompare.ts(212,17): error TS1005: ',' expected.
src/components/buyer/BuyerCarCompare.ts(212,26): error TS1136: Property assignment expected.
src/components/buyer/BuyerCarCompare.ts(212,29): error TS1005: ',' expected.
src/components/buyer/BuyerCarCompare.ts(212,52): error TS1005: ',' expected.
src/components/buyer/BuyerCarCompare.ts(215,30): error TS1005: ',' expected.
src/components/buyer/BuyerCarCompare.ts(216,16): error TS1161: Unterminated regular expression literal.
src/components/buyer/BuyerCarCompare.ts(217,14): error TS1161: Unterminated regular expression literal.
src/components/buyer/BuyerCarCompare.ts(218,11): error TS1128: Declaration or statement expected.
src/components/buyer/BuyerCarCompare.ts(219,9): error TS1128: Declaration or statement expected.
src/components/buyer/BuyerCarCompare.ts(219,10): error TS1128: Declaration or statement expected.
src/components/buyer/BuyerCarCompare.ts(219,11): error TS1128: Declaration or statement expected.
src/components/buyer/BuyerCarCompare.ts(220,8): error TS1110: Type expected.
src/components/buyer/BuyerCarCompare.ts(223,14): error TS1005: '>' expected.
src/components/buyer/BuyerCarCompare.ts(223,23): error TS1005: ')' expected.
src/components/buyer/BuyerCarCompare.ts(224,15): error TS1005: '>' expected.
src/components/buyer/BuyerCarCompare.ts(224,24): error TS1005: ';' expected.
src/components/buyer/BuyerCarCompare.ts(224,50): error TS1127: Invalid character.
src/components/buyer/BuyerCarCompare.ts(224,53): error TS1434: Unexpected keyword or identifier.
src/components/buyer/BuyerCarCompare.ts(224,70): error TS1161: Unterminated regular expression literal.
src/components/buyer/BuyerCarCompare.ts(225,18): error TS1005: ';' expected.
src/components/buyer/BuyerCarCompare.ts(227,19): error TS1005: '>' expected.
src/components/buyer/BuyerCarCompare.ts(227,28): error TS1005: ';' expected.
src/components/buyer/BuyerCarCompare.ts(228,21): error TS1005: '>' expected.
src/components/buyer/BuyerCarCompare.ts(228,30): error TS1005: ';' expected.
src/components/buyer/BuyerCarCompare.ts(228,57): error TS1161: Unterminated regular expression literal.
src/components/buyer/BuyerCarCompare.ts(230,23): error TS1005: '>' expected.
src/components/buyer/BuyerCarCompare.ts(230,26): error TS1005: ')' expected.
src/components/buyer/BuyerCarCompare.ts(230,31): error TS1005: ',' expected.
src/components/buyer/BuyerCarCompare.ts(230,37): error TS1005: ',' expected.
src/components/buyer/BuyerCarCompare.ts(231,25): error TS1005: ',' expected.
src/components/buyer/BuyerCarCompare.ts(231,32): error TS1005: ',' expected.
src/components/buyer/BuyerCarCompare.ts(231,36): error TS1005: ',' expected.
src/components/buyer/BuyerCarCompare.ts(232,20): error TS1161: Unterminated regular expression literal.
src/components/buyer/BuyerCarCompare.ts(233,18): error TS1005: ';' expected.
src/components/buyer/BuyerCarCompare.ts(234,16): error TS1110: Type expected.
src/components/buyer/BuyerCarCompare.ts(235,14): error TS1161: Unterminated regular expression literal.
src/components/buyer/BuyerCarCompare.ts(238,21): error TS1005: '>' expected.
src/components/buyer/BuyerCarCompare.ts(238,30): error TS1005: ';' expected.
src/components/buyer/BuyerCarCompare.ts(238,56): error TS1161: Unterminated regular expression literal.
src/components/buyer/BuyerCarCompare.ts(240,23): error TS1005: '>' expected.
src/components/buyer/BuyerCarCompare.ts(240,26): error TS1005: ')' expected.
src/components/buyer/BuyerCarCompare.ts(240,31): error TS1005: ',' expected.
src/components/buyer/BuyerCarCompare.ts(240,37): error TS1005: ',' expected.
src/components/buyer/BuyerCarCompare.ts(240,67): error TS1005: ',' expected.
src/components/buyer/BuyerCarCompare.ts(240,71): error TS1005: ',' expected.
src/components/buyer/BuyerCarCompare.ts(240,96): error TS1161: Unterminated regular expression literal.
src/components/buyer/BuyerCarCompare.ts(241,18): error TS1005: ';' expected.
src/components/buyer/BuyerCarCompare.ts(242,16): error TS1110: Type expected.
src/components/buyer/BuyerCarCompare.ts(244,21): error TS1005: '>' expected.
src/components/buyer/BuyerCarCompare.ts(244,30): error TS1005: ';' expected.
src/components/buyer/BuyerCarCompare.ts(244,55): error TS1005: ';' expected.
src/components/buyer/BuyerCarCompare.ts(244,67): error TS1109: Expression expected.
src/components/buyer/BuyerCarCompare.ts(244,69): error TS1161: Unterminated regular expression literal.
src/components/buyer/BuyerCarCompare.ts(246,23): error TS1005: '>' expected.
src/components/buyer/BuyerCarCompare.ts(246,26): error TS1005: ')' expected.
src/components/buyer/BuyerCarCompare.ts(246,31): error TS1005: ',' expected.
src/components/buyer/BuyerCarCompare.ts(246,37): error TS1005: ',' expected.
src/components/buyer/BuyerCarCompare.ts(246,67): error TS1005: ',' expected.
src/components/buyer/BuyerCarCompare.ts(246,68): error TS1136: Property assignment expected.
src/components/buyer/BuyerCarCompare.ts(246,102): error TS1005: ',' expected.
src/components/buyer/BuyerCarCompare.ts(246,104): error TS1110: Type expected.
src/components/buyer/BuyerCarCompare.ts(247,17): error TS1128: Declaration or statement expected.
src/components/buyer/BuyerCarCompare.ts(247,18): error TS1128: Declaration or statement expected.
src/components/buyer/BuyerCarCompare.ts(248,16): error TS1110: Type expected.
src/components/buyer/BuyerCarCompare.ts(250,21): error TS1005: '>' expected.
src/components/buyer/BuyerCarCompare.ts(250,30): error TS1005: ';' expected.
src/components/buyer/BuyerCarCompare.ts(250,58): error TS1161: Unterminated regular expression literal.
src/components/buyer/BuyerCarCompare.ts(252,23): error TS1005: '>' expected.
src/components/buyer/BuyerCarCompare.ts(252,26): error TS1005: ')' expected.
src/components/buyer/BuyerCarCompare.ts(252,31): error TS1005: ',' expected.
src/components/buyer/BuyerCarCompare.ts(252,37): error TS1005: ',' expected.
src/components/buyer/BuyerCarCompare.ts(252,70): error TS1005: ',' expected.
src/components/buyer/BuyerCarCompare.ts(252,107): error TS1005: ',' expected.
src/components/buyer/BuyerCarCompare.ts(252,110): error TS1161: Unterminated regular expression literal.
src/components/buyer/BuyerCarCompare.ts(253,18): error TS1005: ';' expected.
src/components/buyer/BuyerCarCompare.ts(254,16): error TS1110: Type expected.
src/components/buyer/BuyerCarCompare.ts(256,21): error TS1005: '>' expected.
src/components/buyer/BuyerCarCompare.ts(256,30): error TS1005: ';' expected.
src/components/buyer/BuyerCarCompare.ts(256,55): error TS1005: ';' expected.
src/components/buyer/BuyerCarCompare.ts(256,64): error TS1434: Unexpected keyword or identifier.
src/components/buyer/BuyerCarCompare.ts(256,75): error TS1161: Unterminated regular expression literal.
src/components/buyer/BuyerCarCompare.ts(258,23): error TS1005: '>' expected.
src/components/buyer/BuyerCarCompare.ts(258,26): error TS1005: ')' expected.
src/components/buyer/BuyerCarCompare.ts(258,31): error TS1005: ',' expected.
src/components/buyer/BuyerCarCompare.ts(258,37): error TS1005: ',' expected.
src/components/buyer/BuyerCarCompare.ts(259,37): error TS1005: ',' expected.
src/components/buyer/BuyerCarCompare.ts(259,47): error TS1005: ':' expected.
src/components/buyer/BuyerCarCompare.ts(260,20): error TS1161: Unterminated regular expression literal.
src/components/buyer/BuyerCarCompare.ts(261,18): error TS1005: ';' expected.
src/components/buyer/BuyerCarCompare.ts(262,16): error TS1110: Type expected.
src/components/buyer/BuyerCarCompare.ts(264,21): error TS1005: '>' expected.
src/components/buyer/BuyerCarCompare.ts(264,30): error TS1005: ';' expected.
src/components/buyer/BuyerCarCompare.ts(264,57): error TS1005: ';' expected.
src/components/buyer/BuyerCarCompare.ts(264,64): error TS1161: Unterminated regular expression literal.
src/components/buyer/BuyerCarCompare.ts(266,23): error TS1005: '>' expected.
src/components/buyer/BuyerCarCompare.ts(266,26): error TS1005: ')' expected.
src/components/buyer/BuyerCarCompare.ts(266,31): error TS1005: ',' expected.
src/components/buyer/BuyerCarCompare.ts(266,37): error TS1005: ',' expected.
src/components/buyer/BuyerCarCompare.ts(266,70): error TS1005: ',' expected.
src/components/buyer/BuyerCarCompare.ts(266,94): error TS1161: Unterminated regular expression literal.
src/components/buyer/BuyerCarCompare.ts(267,18): error TS1005: ';' expected.
src/components/buyer/BuyerCarCompare.ts(268,16): error TS1110: Type expected.
src/components/buyer/BuyerCarCompare.ts(270,21): error TS1005: '>' expected.
src/components/buyer/BuyerCarCompare.ts(270,30): error TS1005: ';' expected.
src/components/buyer/BuyerCarCompare.ts(270,57): error TS1005: ';' expected.
src/components/buyer/BuyerCarCompare.ts(270,64): error TS1161: Unterminated regular expression literal.
src/components/buyer/BuyerCarCompare.ts(272,23): error TS1005: '>' expected.
src/components/buyer/BuyerCarCompare.ts(272,26): error TS1005: ')' expected.
src/components/buyer/BuyerCarCompare.ts(272,31): error TS1005: ',' expected.
src/components/buyer/BuyerCarCompare.ts(272,37): error TS1005: ',' expected.
src/components/buyer/BuyerCarCompare.ts(273,34): error TS1005: ',' expected.
src/components/buyer/BuyerCarCompare.ts(273,48): error TS1005: ':' expected.
src/components/buyer/BuyerCarCompare.ts(274,20): error TS1161: Unterminated regular expression literal.
src/components/buyer/BuyerCarCompare.ts(275,18): error TS1005: ';' expected.
src/components/buyer/BuyerCarCompare.ts(276,16): error TS1110: Type expected.
src/components/buyer/BuyerCarCompare.ts(278,21): error TS1005: '>' expected.
src/components/buyer/BuyerCarCompare.ts(278,30): error TS1005: ';' expected.
src/components/buyer/BuyerCarCompare.ts(278,56): error TS1005: ';' expected.
src/components/buyer/BuyerCarCompare.ts(278,63): error TS1161: Unterminated regular expression literal.
src/components/buyer/BuyerCarCompare.ts(280,23): error TS1005: '>' expected.
src/components/buyer/BuyerCarCompare.ts(280,26): error TS1005: ')' expected.
src/components/buyer/BuyerCarCompare.ts(280,31): error TS1005: ',' expected.
src/components/buyer/BuyerCarCompare.ts(280,37): error TS1005: ',' expected.
src/components/buyer/BuyerCarCompare.ts(280,70): error TS1005: ',' expected.
src/components/buyer/BuyerCarCompare.ts(280,97): error TS1161: Unterminated regular expression literal.
src/components/buyer/BuyerCarCompare.ts(281,18): error TS1005: ';' expected.
src/components/buyer/BuyerCarCompare.ts(282,16): error TS1110: Type expected.
src/components/buyer/BuyerCarCompare.ts(284,21): error TS1005: '>' expected.
src/components/buyer/BuyerCarCompare.ts(284,30): error TS1005: ';' expected.
src/components/buyer/BuyerCarCompare.ts(284,53): error TS1005: ';' expected.
src/components/buyer/BuyerCarCompare.ts(284,64): error TS1161: Unterminated regular expression literal.
src/components/buyer/BuyerCarCompare.ts(290,25): error TS1005: '>' expected.
src/components/buyer/BuyerCarCompare.ts(290,28): error TS1005: ')' expected.
src/components/buyer/BuyerCarCompare.ts(290,33): error TS1005: ',' expected.
src/components/buyer/BuyerCarCompare.ts(290,39): error TS1005: ';' expected.
src/components/buyer/BuyerCarCompare.ts(292,25): error TS1003: Identifier expected.
src/components/buyer/BuyerCarCompare.ts(292,35): error TS1005: ',' expected.
src/components/buyer/BuyerCarCompare.ts(292,58): error TS1109: Expression expected.
src/components/buyer/BuyerCarCompare.ts(293,23): error TS1109: Expression expected.
src/components/buyer/BuyerCarCompare.ts(294,22): error TS1161: Unterminated regular expression literal.
src/components/buyer/BuyerCarCompare.ts(295,19): error TS1128: Declaration or statement expected.
src/components/buyer/BuyerCarCompare.ts(296,18): error TS1128: Declaration or statement expected.
src/components/buyer/BuyerCarCompare.ts(296,19): error TS1128: Declaration or statement expected.
src/components/buyer/BuyerCarCompare.ts(297,16): error TS1110: Type expected.
src/components/buyer/BuyerCarCompare.ts(298,14): error TS1161: Unterminated regular expression literal.
src/components/buyer/BuyerCarCompare.ts(299,12): error TS1161: Unterminated regular expression literal.
src/components/buyer/BuyerCarCompare.ts(300,10): error TS1161: Unterminated regular expression literal.
src/components/buyer/BuyerCarCompare.ts(301,7): error TS1128: Declaration or statement expected.
src/components/buyer/BuyerCarCompare.ts(301,8): error TS1128: Declaration or statement expected.
src/components/buyer/BuyerCarCompare.ts(302,6): error TS1110: Type expected.
src/components/buyer/BuyerCarCompare.ts(303,3): error TS1128: Declaration or statement expected.
src/components/buyer/BuyerCarCompare.ts(304,1): error TS1128: Declaration or statement expected.
src/components/buyer/BuyerCarCompare.ts(307,4): error TS1160: Unterminated template literal.
src/components/buyer/BuyerCommunityForum.tsx(3,88): error TS1434: Unexpected keyword or identifier.
src/components/buyer/BuyerCommunityForum.tsx(3,91): error TS1434: Unexpected keyword or identifier.
src/components/buyer/BuyerCommunityForum.tsx(3,104): error TS1005: ';' expected.
src/components/buyer/BuyerCommunityForum.tsx(3,115): error TS1434: Unexpected keyword or identifier.
src/components/buyer/BuyerCommunityForum.tsx(3,120): error TS1434: Unexpected keyword or identifier.
src/components/buyer/BuyerCommunityForum.tsx(3,123): error TS1434: Unexpected keyword or identifier.
src/components/buyer/BuyerCommunityForum.tsx(3,147): error TS1005: ';' expected.
src/components/buyer/BuyerCommunityForum.tsx(3,242): error TS1005: ';' expected.
src/components/buyer/BuyerCommunityForum.tsx(3,244): error TS1434: Unexpected keyword or identifier.
src/components/buyer/BuyerCommunityForum.tsx(3,248): error TS1434: Unexpected keyword or identifier.
src/components/buyer/BuyerCommunityForum.tsx(5,3): error TS1443: Module declaration names may only use ' or " quoted strings.
src/components/buyer/BuyerCommunityForum.tsx(108,47): error TS1434: Unexpected keyword or identifier.
src/components/buyer/BuyerCommunityForum.tsx(117,1): error TS1434: Unexpected keyword or identifier.
src/components/buyer/BuyerCommunityForum.tsx(117,5): error TS1434: Unexpected keyword or identifier.
src/components/buyer/BuyerCommunityForum.tsx(117,13): error TS1434: Unexpected keyword or identifier.
src/components/buyer/BuyerCommunityForum.tsx(119,4): error TS1005: ';' expected.
src/components/buyer/BuyerCommunityForum.tsx(119,9): error TS1434: Unexpected keyword or identifier.
src/components/buyer/BuyerCommunityForum.tsx(119,19): error TS1434: Unexpected keyword or identifier.
src/components/buyer/BuyerCommunityForum.tsx(119,32): error TS1443: Module declaration names may only use ' or " quoted strings.
src/components/buyer/BuyerCommunityForum.tsx(119,42): error TS1443: Module declaration names may only use ' or " quoted strings.
src/components/buyer/BuyerCommunityForum.tsx(119,49): error TS1434: Unexpected keyword or identifier.
src/components/buyer/BuyerCommunityForum.tsx(119,52): error TS1434: Unexpected keyword or identifier.
src/components/buyer/BuyerCommunityForum.tsx(119,60): error TS1434: Unexpected keyword or identifier.
src/components/buyer/BuyerCommunityForum.tsx(119,71): error TS1434: Unexpected keyword or identifier.
src/components/buyer/BuyerCommunityForum.tsx(119,82): error TS1005: '(' expected.
src/components/buyer/BuyerCommunityForum.tsx(121,1): error TS1003: Identifier expected.
src/components/buyer/BuyerCommunityForum.tsx(121,4): error TS1005: ';' expected.
src/components/buyer/BuyerCommunityForum.tsx(121,27): error TS1005: '=' expected.
src/components/buyer/BuyerCommunityForum.tsx(121,30): error TS1005: ';' expected.
src/components/buyer/BuyerCommunityForum.tsx(121,34): error TS1443: Module declaration names may only use ' or " quoted strings.
src/components/buyer/BuyerCommunityForum.tsx(121,60): error TS1359: Identifier expected. 'in' is a reserved word that cannot be used here.
src/components/buyer/BuyerCommunityForum.tsx(121,67): error TS1005: ';' expected.
src/components/buyer/BuyerCommunityForum.tsx(121,76): error TS1005: '(' expected.
src/components/buyer/BuyerCommunityForum.tsx(121,122): error TS1005: ';' expected.
src/components/buyer/BuyerCommunityForum.tsx(121,132): error TS1005: ';' expected.
src/components/buyer/BuyerCommunityForum.tsx(121,135): error TS1005: ')' expected.
src/components/buyer/BuyerCommunityForum.tsx(121,152): error TS1005: ';' expected.
src/components/buyer/BuyerCommunityForum.tsx(123,4): error TS1005: ';' expected.
src/components/buyer/BuyerCommunityForum.tsx(123,7): error TS1434: Unexpected keyword or identifier.
src/components/buyer/BuyerCommunityForum.tsx(123,13): error TS1434: Unexpected keyword or identifier.
src/components/buyer/BuyerCommunityForum.tsx(123,39): error TS1005: '=' expected.
src/components/buyer/BuyerCommunityForum.tsx(123,44): error TS1005: ';' expected.
src/components/buyer/BuyerCommunityForum.tsx(123,57): error TS1005: ';' expected.
src/components/buyer/BuyerCommunityForum.tsx(123,66): error TS1434: Unexpected keyword or identifier.
src/components/buyer/BuyerCommunityForum.tsx(123,71): error TS1434: Unexpected keyword or identifier.
src/components/buyer/BuyerCommunityForum.tsx(123,178): error TS1002: Unterminated string literal.
src/components/buyer/BuyerCommunityForum.tsx(125,4): error TS1005: ';' expected.
src/components/buyer/BuyerCommunityForum.tsx(125,32): error TS1005: ';' expected.
src/components/buyer/BuyerCommunityForum.tsx(125,40): error TS1434: Unexpected keyword or identifier.
src/components/buyer/BuyerCommunityForum.tsx(125,47): error TS1434: Unexpected keyword or identifier.
src/components/buyer/BuyerCommunityForum.tsx(125,57): error TS1434: Unexpected keyword or identifier.
src/components/buyer/BuyerCommunityForum.tsx(125,60): error TS1434: Unexpected keyword or identifier.
src/components/buyer/BuyerCommunityForum.tsx(125,69): error TS1434: Unexpected keyword or identifier.
src/components/buyer/BuyerCommunityForum.tsx(125,73): error TS1434: Unexpected keyword or identifier.
src/components/buyer/BuyerCommunityForum.tsx(125,77): error TS1434: Unexpected keyword or identifier.
src/components/buyer/BuyerCommunityForum.tsx(125,83): error TS1434: Unexpected keyword or identifier.
src/components/buyer/BuyerCommunityForum.tsx(127,1): error TS1003: Identifier expected.
src/components/buyer/BuyerCommunityForum.tsx(127,4): error TS1005: ';' expected.
src/components/buyer/BuyerCommunityForum.tsx(127,7): error TS1434: Unexpected keyword or identifier.
src/components/buyer/BuyerCommunityForum.tsx(127,15): error TS1434: Unexpected keyword or identifier.
src/components/buyer/BuyerCommunityForum.tsx(127,23): error TS1434: Unexpected keyword or identifier.
src/components/buyer/BuyerCommunityForum.tsx(127,34): error TS1434: Unexpected keyword or identifier.
src/components/buyer/BuyerCommunityForum.tsx(127,38): error TS1434: Unexpected keyword or identifier.
src/components/buyer/BuyerCommunityForum.tsx(127,47): error TS1434: Unexpected keyword or identifier.
src/components/buyer/BuyerCommunityForum.tsx(127,50): error TS1434: Unexpected keyword or identifier.
src/components/buyer/BuyerCommunityForum.tsx(127,54): error TS1434: Unexpected keyword or identifier.
src/components/buyer/BuyerCommunityForum.tsx(127,60): error TS1434: Unexpected keyword or identifier.
src/components/buyer/BuyerCommunityForum.tsx(127,67): error TS1434: Unexpected keyword or identifier.
src/components/buyer/BuyerCommunityForum.tsx(127,74): error TS1434: Unexpected keyword or identifier.
src/components/buyer/BuyerCommunityForum.tsx(127,84): error TS1434: Unexpected keyword or identifier.
src/components/buyer/BuyerCommunityForum.tsx(127,87): error TS1434: Unexpected keyword or identifier.
src/components/buyer/BuyerCommunityForum.tsx(127,91): error TS1434: Unexpected keyword or identifier.
src/components/buyer/BuyerCommunityForum.tsx(127,100): error TS1434: Unexpected keyword or identifier.
src/components/buyer/BuyerCommunityForum.tsx(127,119): error TS1003: Identifier expected.
src/components/buyer/BuyerCommunityForum.tsx(129,1): error TS1435: Unknown keyword or identifier. Did you mean 'this'?
src/components/buyer/BuyerCommunityForum.tsx(129,6): error TS1434: Unexpected keyword or identifier.
src/components/buyer/BuyerCommunityForum.tsx(129,17): error TS1434: Unexpected keyword or identifier.
src/components/buyer/BuyerCommunityForum.tsx(129,27): error TS1434: Unexpected keyword or identifier.
src/components/buyer/BuyerCommunityForum.tsx(129,31): error TS1434: Unexpected keyword or identifier.
src/components/buyer/BuyerCommunityForum.tsx(129,40): error TS1435: Unknown keyword or identifier. Did you mean 'function ality'?
src/components/buyer/BuyerCommunityForum.tsx(129,60): error TS1005: '(' expected.
src/components/buyer/BuyerCommunityForum.tsx(129,67): error TS1005: ')' expected.
src/components/buyer/BuyerCommunityForum.tsx(129,75): error TS1434: Unexpected keyword or identifier.
src/components/buyer/BuyerCommunityForum.tsx(129,86): error TS1434: Unexpected keyword or identifier.
src/components/buyer/BuyerCommunityForum.tsx(129,93): error TS1434: Unexpected keyword or identifier.
src/components/buyer/BuyerCommunityForum.tsx(129,114): error TS1005: ';' expected.
src/components/buyer/BuyerCommunityForum.tsx(129,119): error TS1434: Unexpected keyword or identifier.
src/components/buyer/BuyerCommunityForum.tsx(129,127): error TS1434: Unexpected keyword or identifier.
src/components/buyer/BuyerCommunityForum.tsx(129,137): error TS1434: Unexpected keyword or identifier.
src/components/buyer/BuyerCommunityForum.tsx(129,148): error TS1434: Unexpected keyword or identifier.
src/components/buyer/BuyerCommunityForum.tsx(129,152): error TS1434: Unexpected keyword or identifier.
src/components/buyer/BuyerCommunityForum.tsx(129,159): error TS1434: Unexpected keyword or identifier.
src/components/buyer/BuyerCommunityForum.tsx(129,167): error TS1435: Unknown keyword or identifier. Did you mean 'with out'?
src/components/buyer/BuyerCommunityForum.tsx(129,175): error TS1434: Unexpected keyword or identifier.
src/components/buyer/BuyerCommunityForum.tsx(129,182): error TS1434: Unexpected keyword or identifier.
src/components/buyer/BuyerCommunityForum.tsx(129,204): error TS1005: ';' expected.
src/components/buyer/BuyerCommunityForum.tsx(129,208): error TS1434: Unexpected keyword or identifier.
src/components/buyer/BuyerCommunityForum.tsx(129,219): error TS1434: Unexpected keyword or identifier.
src/components/buyer/BuyerCommunityForum.tsx(129,230): error TS1434: Unexpected keyword or identifier.
src/components/buyer/BuyerCommunityForum.tsx(129,234): error TS1435: Unknown keyword or identifier. Did you mean 'module'?
src/components/buyer/BuyerCommunityForum.tsx(129,242): error TS1434: Unexpected keyword or identifier.
src/components/buyer/BuyerCommunityForum.tsx(129,246): error TS1434: Unexpected keyword or identifier.
src/components/buyer/BuyerCommunityForum.tsx(129,261): error TS1003: Identifier expected.
src/components/buyer/BuyerContractPreviewer.tsx(2,1): error TS1434: Unexpected keyword or identifier.
src/components/buyer/BuyerContractPreviewer.tsx(2,4): error TS1434: Unexpected keyword or identifier.
src/components/buyer/BuyerContractPreviewer.tsx(2,17): error TS1005: ';' expected.
src/components/buyer/BuyerContractPreviewer.tsx(2,28): error TS1434: Unexpected keyword or identifier.
src/components/buyer/BuyerContractPreviewer.tsx(2,33): error TS1434: Unexpected keyword or identifier.
src/components/buyer/BuyerContractPreviewer.tsx(2,36): error TS1434: Unexpected keyword or identifier.
src/components/buyer/BuyerContractPreviewer.tsx(2,60): error TS1005: ';' expected.
src/components/buyer/BuyerContractPreviewer.tsx(2,154): error TS1005: ';' expected.
src/components/buyer/BuyerContractPreviewer.tsx(2,156): error TS1434: Unexpected keyword or identifier.
src/components/buyer/BuyerContractPreviewer.tsx(2,160): error TS1434: Unexpected keyword or identifier.
src/components/buyer/BuyerContractPreviewer.tsx(58,48): error TS1005: ';' expected.
src/components/buyer/BuyerContractPreviewer.tsx(116,24): error TS1005: ';' expected.
src/components/buyer/BuyerContractPreviewer.tsx(116,32): error TS1005: ';' expected.
src/components/buyer/BuyerContractPreviewer.tsx(178,1): error TS1434: Unexpected keyword or identifier.
src/components/buyer/BuyerContractPreviewer.tsx(178,5): error TS1434: Unexpected keyword or identifier.
src/components/buyer/BuyerContractPreviewer.tsx(178,13): error TS1434: Unexpected keyword or identifier.
src/components/buyer/BuyerContractPreviewer.tsx(180,4): error TS1005: ';' expected.
src/components/buyer/BuyerContractPreviewer.tsx(180,9): error TS1434: Unexpected keyword or identifier.
src/components/buyer/BuyerContractPreviewer.tsx(180,19): error TS1434: Unexpected keyword or identifier.
src/components/buyer/BuyerContractPreviewer.tsx(180,30): error TS1443: Module declaration names may only use ' or " quoted strings.
src/components/buyer/BuyerContractPreviewer.tsx(180,37): error TS1434: Unexpected keyword or identifier.
src/components/buyer/BuyerContractPreviewer.tsx(180,40): error TS1434: Unexpected keyword or identifier.
src/components/buyer/BuyerContractPreviewer.tsx(180,48): error TS1434: Unexpected keyword or identifier.
src/components/buyer/BuyerContractPreviewer.tsx(180,64): error TS1005: '(' expected.
src/components/buyer/BuyerContractPreviewer.tsx(182,1): error TS1003: Identifier expected.
src/components/buyer/BuyerContractPreviewer.tsx(182,4): error TS1005: ';' expected.
src/components/buyer/BuyerContractPreviewer.tsx(182,26): error TS1005: '=' expected.
src/components/buyer/BuyerContractPreviewer.tsx(182,30): error TS1005: ';' expected.
src/components/buyer/BuyerContractPreviewer.tsx(182,90): error TS1005: ';' expected.
src/components/buyer/BuyerContractPreviewer.tsx(182,93): error TS1434: Unexpected keyword or identifier.
src/components/buyer/BuyerContractPreviewer.tsx(182,100): error TS1434: Unexpected keyword or identifier.
src/components/buyer/BuyerContractPreviewer.tsx(182,104): error TS1434: Unexpected keyword or identifier.
src/components/buyer/BuyerContractPreviewer.tsx(182,114): error TS1434: Unexpected keyword or identifier.
src/components/buyer/BuyerContractPreviewer.tsx(182,117): error TS1434: Unexpected keyword or identifier.
src/components/buyer/BuyerContractPreviewer.tsx(182,121): error TS1434: Unexpected keyword or identifier.
src/components/buyer/BuyerContractPreviewer.tsx(182,138): error TS1005: ';' expected.
src/components/buyer/BuyerContractPreviewer.tsx(184,1): error TS1003: Identifier expected.
src/components/buyer/BuyerContractPreviewer.tsx(184,4): error TS1005: ';' expected.
src/components/buyer/BuyerContractPreviewer.tsx(184,12): error TS1434: Unexpected keyword or identifier.
src/components/buyer/BuyerContractPreviewer.tsx(184,16): error TS1434: Unexpected keyword or identifier.
src/components/buyer/BuyerContractPreviewer.tsx(184,26): error TS1434: Unexpected keyword or identifier.
src/components/buyer/BuyerContractPreviewer.tsx(184,38): error TS1434: Unexpected keyword or identifier.
src/components/buyer/BuyerContractPreviewer.tsx(184,45): error TS1443: Module declaration names may only use ' or " quoted strings.
src/components/buyer/BuyerContractPreviewer.tsx(184,89): error TS1005: '(' expected.
src/components/buyer/BuyerContractPreviewer.tsx(184,96): error TS1005: ';' expected.
src/components/buyer/BuyerContractPreviewer.tsx(184,101): error TS1005: ';' expected.
src/components/buyer/BuyerContractPreviewer.tsx(186,1): error TS1003: Identifier expected.
src/components/buyer/BuyerContractPreviewer.tsx(186,4): error TS1005: ';' expected.
src/components/buyer/BuyerContractPreviewer.tsx(186,27): error TS1005: '=' expected.
src/components/buyer/BuyerContractPreviewer.tsx(186,30): error TS1005: ';' expected.
src/components/buyer/BuyerContractPreviewer.tsx(186,41): error TS1005: ';' expected.
src/components/buyer/BuyerContractPreviewer.tsx(191,4): error TS1005: ';' expected.
src/components/buyer/BuyerContractPreviewer.tsx(191,38): error TS1005: ';' expected.
src/components/buyer/BuyerContractPreviewer.tsx(191,47): error TS1434: Unexpected keyword or identifier.
src/components/buyer/BuyerContractPreviewer.tsx(191,68): error TS1005: '=' expected.
src/components/buyer/BuyerContractPreviewer.tsx(191,71): error TS1005: ';' expected.
src/components/buyer/BuyerContractPreviewer.tsx(193,1): error TS1003: Identifier expected.
src/components/buyer/BuyerContractPreviewer.tsx(193,4): error TS1005: ';' expected.
src/components/buyer/BuyerContractPreviewer.tsx(193,9): error TS1434: Unexpected keyword or identifier.
src/components/buyer/BuyerContractPreviewer.tsx(193,13): error TS1434: Unexpected keyword or identifier.
src/components/buyer/BuyerContractPreviewer.tsx(193,21): error TS1434: Unexpected keyword or identifier.
src/components/buyer/BuyerContractPreviewer.tsx(193,31): error TS1434: Unexpected keyword or identifier.
src/components/buyer/BuyerContractPreviewer.tsx(193,35): error TS1435: Unknown keyword or identifier. Did you mean 'function ality'?
src/components/buyer/BuyerContractPreviewer.tsx(193,66): error TS1005: ';' expected.
src/components/buyer/BuyerContractPreviewer.tsx(193,69): error TS1434: Unexpected keyword or identifier.
src/components/buyer/BuyerContractPreviewer.tsx(195,1): error TS1003: Identifier expected.
src/components/buyer/BuyerContractPreviewer.tsx(195,4): error TS1005: ';' expected.
src/components/buyer/BuyerContractPreviewer.tsx(195,9): error TS1434: Unexpected keyword or identifier.
src/components/buyer/BuyerContractPreviewer.tsx(195,34): error TS1005: ';' expected.
src/components/buyer/BuyerContractPreviewer.tsx(195,38): error TS1435: Unknown keyword or identifier. Did you mean 'null ish'?
src/components/buyer/BuyerContractPreviewer.tsx(195,64): error TS1005: ';' expected.
src/components/buyer/BuyerContractPreviewer.tsx(195,74): error TS1434: Unexpected keyword or identifier.
src/components/buyer/BuyerContractPreviewer.tsx(195,80): error TS1434: Unexpected keyword or identifier.
src/components/buyer/BuyerContractPreviewer.tsx(195,92): error TS1434: Unexpected keyword or identifier.
src/components/buyer/BuyerContractPreviewer.tsx(195,95): error TS1434: Unexpected keyword or identifier.
src/components/buyer/BuyerContractPreviewer.tsx(195,104): error TS1434: Unexpected keyword or identifier.
src/components/buyer/BuyerContractPreviewer.tsx(195,108): error TS1434: Unexpected keyword or identifier.
src/components/buyer/BuyerContractPreviewer.tsx(195,117): error TS1434: Unexpected keyword or identifier.
src/components/buyer/BuyerContractPreviewer.tsx(195,132): error TS1005: '(' expected.
src/components/buyer/BuyerContractPreviewer.tsx(195,142): error TS1005: ')' expected.
src/components/buyer/BuyerContractPreviewer.tsx(195,153): error TS1005: '=' expected.
src/components/buyer/BuyerContractPreviewer.tsx(197,1): error TS1003: Identifier expected.
src/components/buyer/BuyerContractPreviewer.tsx(197,4): error TS1005: ';' expected.
src/components/buyer/BuyerContractPreviewer.tsx(197,8): error TS1443: Module declaration names may only use ' or " quoted strings.
src/components/buyer/BuyerContractPreviewer.tsx(197,41): error TS1005: '(' expected.
src/components/buyer/BuyerContractPreviewer.tsx(197,46): error TS1434: Unexpected keyword or identifier.
src/components/buyer/BuyerContractPreviewer.tsx(197,55): error TS1434: Unexpected keyword or identifier.
src/components/buyer/BuyerContractPreviewer.tsx(197,68): error TS1005: '(' expected.
src/components/buyer/BuyerContractPreviewer.tsx(197,93): error TS1005: ';' expected.
src/components/buyer/BuyerContractPreviewer.tsx(197,96): error TS1005: ';' expected.
src/components/buyer/BuyerContractPreviewer.tsx(197,103): error TS1005: ')' expected.
src/components/buyer/BuyerContractPreviewer.tsx(197,103): error TS1434: Unexpected keyword or identifier.
src/components/buyer/BuyerContractPreviewer.tsx(197,158): error TS1002: Unterminated string literal.
src/components/buyer/BuyerContractPreviewer.tsx(199,1): error TS1434: Unexpected keyword or identifier.
src/components/buyer/BuyerContractPreviewer.tsx(199,7): error TS1434: Unexpected keyword or identifier.
src/components/buyer/BuyerContractPreviewer.tsx(199,15): error TS1434: Unexpected keyword or identifier.
src/components/buyer/BuyerContractPreviewer.tsx(199,23): error TS1434: Unexpected keyword or identifier.
src/components/buyer/BuyerContractPreviewer.tsx(199,42): error TS1005: '=' expected.
src/components/buyer/BuyerContractPreviewer.tsx(199,46): error TS1005: ';' expected.
src/components/buyer/BuyerContractPreviewer.tsx(199,68): error TS1005: '(' expected.
src/components/buyer/BuyerContractPreviewer.tsx(199,79): error TS1005: ')' expected.
src/components/buyer/BuyerContractPreviewer.tsx(199,83): error TS1434: Unexpected keyword or identifier.
src/components/buyer/BuyerContractPreviewer.tsx(199,92): error TS1435: Unknown keyword or identifier. Did you mean 'function ality'?
src/components/buyer/BuyerContractPreviewer.tsx(199,106): error TS1434: Unexpected keyword or identifier.
src/components/buyer/BuyerContractPreviewer.tsx(199,110): error TS1434: Unexpected keyword or identifier.
src/components/buyer/BuyerContractPreviewer.tsx(199,120): error TS1434: Unexpected keyword or identifier.
src/components/buyer/BuyerContractPreviewer.tsx(199,123): error TS1434: Unexpected keyword or identifier.
src/components/buyer/BuyerContractPreviewer.tsx(199,137): error TS1003: Identifier expected.
src/components/tinting/TintingServiceDiscovery.tsx(83,42): error TS1003: Identifier expected.
src/components/tinting/TintingServiceDiscovery.tsx(83,43): error TS1351: An identifier or keyword cannot immediately follow a numeric literal.
src/components/tinting/WindowTintingScheduler.tsx(96,27): error TS2657: JSX expressions must have one parent element.
src/components/tinting/WindowTintingScheduler.tsx(98,9): error TS1005: '}' expected.
src/hooks/escrow/EscrowOfficerHook.ts(2,1): error TS1435: Unknown keyword or identifier. Did you mean 'this'?
src/hooks/escrow/EscrowOfficerHook.ts(2,6): error TS1434: Unexpected keyword or identifier.
src/hooks/escrow/EscrowOfficerHook.ts(2,17): error TS1434: Unexpected keyword or identifier.
src/hooks/escrow/EscrowOfficerHook.ts(2,25): error TS1434: Unexpected keyword or identifier.
src/hooks/escrow/EscrowOfficerHook.ts(2,27): error TS1434: Unexpected keyword or identifier.
src/hooks/escrow/EscrowOfficerHook.ts(2,50): error TS1005: '=' expected.
src/hooks/escrow/EscrowOfficerHook.ts(2,54): error TS1005: ';' expected.
src/hooks/escrow/EscrowOfficerHook.ts(2,58): error TS1434: Unexpected keyword or identifier.
src/hooks/escrow/EscrowOfficerHook.ts(2,67): error TS1434: Unexpected keyword or identifier.
src/hooks/escrow/EscrowOfficerHook.ts(2,79): error TS1434: Unexpected keyword or identifier.
src/hooks/escrow/EscrowOfficerHook.ts(2,84): error TS1434: Unexpected keyword or identifier.
src/hooks/escrow/EscrowOfficerHook.ts(2,88): error TS1434: Unexpected keyword or identifier.
src/hooks/escrow/EscrowOfficerHook.ts(2,99): error TS1435: Unknown keyword or identifier. Did you mean 'type'?
src/hooks/escrow/EscrowOfficerHook.ts(2,105): error TS1434: Unexpected keyword or identifier.
src/hooks/escrow/EscrowOfficerHook.ts(2,109): error TS1434: Unexpected keyword or identifier.
src/hooks/escrow/EscrowOfficerHook.ts(2,115): error TS1435: Unknown keyword or identifier. Did you mean 'var iables'?
src/hooks/escrow/EscrowOfficerHook.ts(2,125): error TS1434: Unexpected keyword or identifier.
src/hooks/escrow/EscrowOfficerHook.ts(2,129): error TS1434: Unexpected keyword or identifier.
src/hooks/escrow/EscrowOfficerHook.ts(2,146): error TS1443: Module declaration names may only use ' or " quoted strings.
src/hooks/escrow/EscrowOfficerHook.ts(2,174): error TS1003: Identifier expected.
src/hooks/escrow/EscrowOfficerHook.ts(2,176): error TS1434: Unexpected keyword or identifier.
src/hooks/escrow/EscrowOfficerHook.ts(2,185): error TS1434: Unexpected keyword or identifier.
src/hooks/escrow/EscrowOfficerHook.ts(2,188): error TS1434: Unexpected keyword or identifier.
src/hooks/escrow/EscrowOfficerHook.ts(2,195): error TS1434: Unexpected keyword or identifier.
src/hooks/escrow/EscrowOfficerHook.ts(2,206): error TS1434: Unexpected keyword or identifier.
src/hooks/escrow/EscrowOfficerHook.ts(2,220): error TS1005: '(' expected.
src/hooks/escrow/EscrowOfficerHook.ts(2,226): error TS1005: ';' expected.
src/hooks/escrow/EscrowOfficerHook.ts(4,1): error TS1003: Identifier expected.
src/hooks/escrow/EscrowOfficerHook.ts(30,25): error TS1005: ';' expected.
src/hooks/escrow/EscrowOfficerHook.ts(30,36): error TS1005: ')' expected.
src/hooks/escrow/EscrowOfficerHook.ts(43,38): error TS1005: ';' expected.
src/hooks/escrow/EscrowOfficerHook.ts(43,45): error TS1434: Unexpected keyword or identifier.
src/utils/auction/auctionExportUtils.ts(119,1): error TS1109: Expression expected.
src/utils/auction/auctionExportUtils.ts(119,13): error TS1005: ';' expected.
src/utils/auction/auctionExportUtils.ts(119,22): error TS1109: Expression expected.
src/utils/auction/auctionExportUtils.ts(120,1): error TS17006: An unary expression with the '-' operator is not allowed in the left-hand side of an exponentiation expression. Consider enclosing the expression in parentheses.
src/utils/auction/auctionExportUtils.ts(120,3): error TS1109: Expression expected.
src/utils/auction/auctionExportUtils.ts(121,3): error TS17006: An unary expression with the '-' operator is not allowed in the left-hand side of an exponentiation expression. Consider enclosing the expression in parentheses.
src/utils/auction/auctionExportUtils.ts(121,5): error TS1109: Expression expected.
src/utils/auction/auctionExportUtils.ts(121,16): error TS1109: Expression expected.
src/utils/auction/auctionExportUtils.ts(121,18): error TS1435: Unknown keyword or identifier. Did you mean 'export'?
src/utils/auction/auctionExportUtils.ts(121,26): error TS1434: Unexpected keyword or identifier.
src/utils/auction/auctionExportUtils.ts(121,32): error TS1434: Unexpected keyword or identifier.
src/utils/auction/auctionExportUtils.ts(121,40): error TS1434: Unexpected keyword or identifier.
src/utils/auction/auctionExportUtils.ts(121,45): error TS1434: Unexpected keyword or identifier.
src/utils/auction/auctionExportUtils.ts(121,48): error TS1434: Unexpected keyword or identifier.
src/utils/auction/auctionExportUtils.ts(121,56): error TS1005: '(' expected.
src/utils/auction/auctionExportUtils.ts(121,61): error TS1005: ';' expected.
src/utils/auction/auctionExportUtils.ts(122,3): error TS1003: Identifier expected.
src/utils/auction/auctionExportUtils.ts(122,5): error TS1109: Expression expected.
src/utils/auction/auctionExportUtils.ts(122,15): error TS1109: Expression expected.
src/utils/auction/auctionExportUtils.ts(122,42): error TS1005: ';' expected.
src/utils/auction/auctionExportUtils.ts(122,45): error TS1434: Unexpected keyword or identifier.
src/utils/auction/auctionExportUtils.ts(122,53): error TS1435: Unknown keyword or identifier. Did you mean 'object'?
src/utils/auction/auctionExportUtils.ts(122,66): error TS1005: '(' expected.
src/utils/auction/auctionExportUtils.ts(123,3): error TS1003: Identifier expected.
src/utils/auction/auctionExportUtils.ts(123,5): error TS1109: Expression expected.
src/utils/auction/auctionExportUtils.ts(123,16): error TS1109: Expression expected.
src/utils/auction/auctionExportUtils.ts(123,31): error TS1005: ';' expected.
src/utils/auction/auctionExportUtils.ts(123,35): error TS1005: '(' expected.
src/utils/auction/auctionExportUtils.ts(123,39): error TS1005: ';' expected.
src/utils/auction/auctionExportUtils.ts(123,52): error TS1005: ';' expected.
src/utils/auction/auctionExportUtils.ts(123,56): error TS1005: ')' expected.
src/utils/auction/auctionExportUtils.ts(124,3): error TS1003: Identifier expected.
src/utils/auction/auctionExportUtils.ts(124,5): error TS1109: Expression expected.
src/utils/auction/auctionExportUtils.ts(124,21): error TS1109: Expression expected.
src/utils/auction/auctionExportUtils.ts(124,29): error TS1146: Declaration expected.
src/utils/auction/auctionExportUtils.ts(124,69): error TS1109: Expression expected.
src/utils/auction/auctionExportUtils.ts(125,3): error TS1109: Expression expected.
src/utils/auction/auctionExportUtils.ts(126,3): error TS17006: An unary expression with the '-' operator is not allowed in the left-hand side of an exponentiation expression. Consider enclosing the expression in parentheses.
src/utils/auction/auctionExportUtils.ts(126,5): error TS1109: Expression expected.
src/utils/auction/auctionExportUtils.ts(126,16): error TS1109: Expression expected.
src/utils/auction/auctionExportUtils.ts(126,18): error TS1435: Unknown keyword or identifier. Did you mean 'export'?
src/utils/auction/auctionExportUtils.ts(126,26): error TS1434: Unexpected keyword or identifier.
src/utils/auction/auctionExportUtils.ts(126,28): error TS1434: Unexpected keyword or identifier.
src/utils/auction/auctionExportUtils.ts(126,37): error TS1434: Unexpected keyword or identifier.
src/utils/auction/auctionExportUtils.ts(126,45): error TS1434: Unexpected keyword or identifier.
src/utils/auction/auctionExportUtils.ts(126,53): error TS1434: Unexpected keyword or identifier.
src/utils/auction/auctionExportUtils.ts(126,56): error TS1434: Unexpected keyword or identifier.
src/utils/auction/auctionExportUtils.ts(126,64): error TS1005: '(' expected.
src/utils/auction/auctionExportUtils.ts(126,75): error TS1005: ';' expected.
src/utils/auction/auctionExportUtils.ts(127,3): error TS1003: Identifier expected.
src/utils/auction/auctionExportUtils.ts(127,5): error TS1109: Expression expected.
src/utils/auction/auctionExportUtils.ts(127,15): error TS1109: Expression expected.
src/utils/auction/auctionExportUtils.ts(127,42): error TS1005: ';' expected.
src/utils/auction/auctionExportUtils.ts(127,45): error TS1434: Unexpected keyword or identifier.
src/utils/auction/auctionExportUtils.ts(127,93): error TS1005: ';' expected.
src/utils/auction/auctionExportUtils.ts(127,99): error TS1434: Unexpected keyword or identifier.
src/utils/auction/auctionExportUtils.ts(128,3): error TS1003: Identifier expected.
src/utils/auction/auctionExportUtils.ts(128,5): error TS1109: Expression expected.
src/utils/auction/auctionExportUtils.ts(128,16): error TS1109: Expression expected.
src/utils/auction/auctionExportUtils.ts(128,31): error TS1005: ';' expected.
src/utils/auction/auctionExportUtils.ts(128,35): error TS1005: '(' expected.
src/utils/auction/auctionExportUtils.ts(128,39): error TS1005: ';' expected.
src/utils/auction/auctionExportUtils.ts(128,52): error TS1005: ';' expected.
src/utils/auction/auctionExportUtils.ts(128,56): error TS1005: ')' expected.
src/utils/auction/auctionExportUtils.ts(129,3): error TS1003: Identifier expected.
src/utils/auction/auctionExportUtils.ts(129,5): error TS1109: Expression expected.
src/utils/auction/auctionExportUtils.ts(129,21): error TS1109: Expression expected.
src/utils/auction/auctionExportUtils.ts(129,29): error TS1146: Declaration expected.
src/utils/auction/auctionExportUtils.ts(129,69): error TS1109: Expression expected.
src/utils/auction/auctionExportUtils.ts(130,3): error TS1109: Expression expected.
src/utils/auction/auctionExportUtils.ts(131,3): error TS17006: An unary expression with the '-' operator is not allowed in the left-hand side of an exponentiation expression. Consider enclosing the expression in parentheses.
src/utils/auction/auctionExportUtils.ts(131,5): error TS1109: Expression expected.
src/utils/auction/auctionExportUtils.ts(131,16): error TS1109: Expression expected.
src/utils/auction/auctionExportUtils.ts(131,18): error TS1435: Unknown keyword or identifier. Did you mean 'export'?
src/utils/auction/auctionExportUtils.ts(131,26): error TS1434: Unexpected keyword or identifier.
src/utils/auction/auctionExportUtils.ts(131,28): error TS1434: Unexpected keyword or identifier.
src/utils/auction/auctionExportUtils.ts(131,36): error TS1434: Unexpected keyword or identifier.
src/utils/auction/auctionExportUtils.ts(131,43): error TS1434: Unexpected keyword or identifier.
src/utils/auction/auctionExportUtils.ts(131,51): error TS1434: Unexpected keyword or identifier.
src/utils/auction/auctionExportUtils.ts(131,54): error TS1434: Unexpected keyword or identifier.
src/utils/auction/auctionExportUtils.ts(131,62): error TS1005: '(' expected.
src/utils/auction/auctionExportUtils.ts(131,73): error TS1005: ';' expected.
src/utils/auction/auctionExportUtils.ts(132,3): error TS1003: Identifier expected.
src/utils/auction/auctionExportUtils.ts(132,5): error TS1109: Expression expected.
src/utils/auction/auctionExportUtils.ts(132,15): error TS1109: Expression expected.
src/utils/auction/auctionExportUtils.ts(132,42): error TS1005: ';' expected.
src/utils/auction/auctionExportUtils.ts(132,45): error TS1434: Unexpected keyword or identifier.
src/utils/auction/auctionExportUtils.ts(132,48): error TS1434: Unexpected keyword or identifier.
src/utils/auction/auctionExportUtils.ts(132,83): error TS1005: ';' expected.
src/utils/auction/auctionExportUtils.ts(132,86): error TS1434: Unexpected keyword or identifier.
src/utils/auction/auctionExportUtils.ts(132,91): error TS1435: Unknown keyword or identifier. Did you mean 'object'?
src/utils/auction/auctionExportUtils.ts(132,104): error TS1005: '(' expected.
src/utils/auction/auctionExportUtils.ts(132,109): error TS1005: ')' expected.
src/utils/auction/auctionExportUtils.ts(133,3): error TS1003: Identifier expected.
src/utils/auction/auctionExportUtils.ts(133,5): error TS1109: Expression expected.
src/utils/auction/auctionExportUtils.ts(133,16): error TS1109: Expression expected.
src/utils/auction/auctionExportUtils.ts(133,31): error TS1005: ';' expected.
src/utils/auction/auctionExportUtils.ts(133,35): error TS1005: '(' expected.
src/utils/auction/auctionExportUtils.ts(133,39): error TS1005: ';' expected.
src/utils/auction/auctionExportUtils.ts(133,52): error TS1005: ';' expected.
src/utils/auction/auctionExportUtils.ts(133,56): error TS1005: ')' expected.
src/utils/auction/auctionExportUtils.ts(134,3): error TS1003: Identifier expected.
src/utils/auction/auctionExportUtils.ts(134,5): error TS1109: Expression expected.
src/utils/auction/auctionExportUtils.ts(134,21): error TS1109: Expression expected.
src/utils/auction/auctionExportUtils.ts(134,29): error TS1146: Declaration expected.
src/utils/auction/auctionExportUtils.ts(134,69): error TS1109: Expression expected.
src/utils/graph/GraphExportService.ts(2,1): error TS1435: Unknown keyword or identifier. Did you mean 'this'?
src/utils/graph/GraphExportService.ts(2,6): error TS1434: Unexpected keyword or identifier.
src/utils/graph/GraphExportService.ts(2,11): error TS1228: A type predicate is only allowed in return type position for functions and methods.
src/utils/graph/GraphExportService.ts(2,14): error TS1434: Unexpected keyword or identifier.
src/utils/graph/GraphExportService.ts(2,20): error TS1434: Unexpected keyword or identifier.
src/utils/graph/GraphExportService.ts(4,1): error TS1003: Identifier expected.
src/utils/graph/GraphExportService.ts(4,3): error TS1443: Module declaration names may only use ' or " quoted strings.
src/utils/graph/GraphExportService.ts(18,61): error TS1443: Module declaration names may only use ' or " quoted strings.
src/utils/graph/GraphExportService.ts(18,79): error TS1443: Module declaration names may only use ' or " quoted strings.
src/utils/graph/GraphExportService.ts(18,90): error TS1146: Declaration expected.
src/utils/graph/GraphExportService.ts(19,25): error TS1005: ';' expected.
src/utils/graph/GraphExportService.ts(22,1): error TS1109: Expression expected.
src/utils/graph/GraphExportService.ts(89,4): error TS1160: Unterminated template literal.
src/utils/inspection/submitInspectionToBackend.ts(2,1): error TS1435: Unknown keyword or identifier. Did you mean 'this'?
src/utils/inspection/submitInspectionToBackend.ts(2,6): error TS1434: Unexpected keyword or identifier.
src/utils/inspection/submitInspectionToBackend.ts(2,17): error TS1434: Unexpected keyword or identifier.
src/utils/inspection/submitInspectionToBackend.ts(2,28): error TS1434: Unexpected keyword or identifier.
src/utils/inspection/submitInspectionToBackend.ts(2,36): error TS1435: Unknown keyword or identifier. Did you mean 'interface'?
src/utils/inspection/submitInspectionToBackend.ts(2,47): error TS1434: Unexpected keyword or identifier.
src/utils/inspection/submitInspectionToBackend.ts(2,50): error TS1434: Unexpected keyword or identifier.
src/utils/inspection/submitInspectionToBackend.ts(2,58): error TS1434: Unexpected keyword or identifier.
src/utils/inspection/submitInspectionToBackend.ts(2,65): error TS1434: Unexpected keyword or identifier.
src/utils/inspection/submitInspectionToBackend.ts(2,69): error TS1434: Unexpected keyword or identifier.
src/utils/inspection/submitInspectionToBackend.ts(2,78): error TS1434: Unexpected keyword or identifier.
src/utils/inspection/submitInspectionToBackend.ts(2,83): error TS1434: Unexpected keyword or identifier.
src/utils/inspection/submitInspectionToBackend.ts(2,93): error TS1434: Unexpected keyword or identifier.
src/utils/inspection/submitInspectionToBackend.ts(2,97): error TS1434: Unexpected keyword or identifier.
src/utils/inspection/submitInspectionToBackend.ts(2,102): error TS1434: Unexpected keyword or identifier.
src/utils/inspection/submitInspectionToBackend.ts(2,111): error TS1435: Unknown keyword or identifier. Did you mean 'type'?
src/utils/inspection/submitInspectionToBackend.ts(2,121): error TS1005: '(' expected.
src/utils/inspection/submitInspectionToBackend.ts(2,131): error TS1005: ';' expected.
src/utils/inspection/submitInspectionToBackend.ts(2,135): error TS1005: ';' expected.
src/utils/inspection/submitInspectionToBackend.ts(2,139): error TS1005: ')' expected.
src/utils/inspection/submitInspectionToBackend.ts(2,177): error TS1005: ';' expected.
src/utils/inspection/submitInspectionToBackend.ts(2,181): error TS1005: '(' expected.
src/utils/inspection/submitInspectionToBackend.ts(2,188): error TS1005: ';' expected.
src/utils/inspection/submitInspectionToBackend.ts(2,194): error TS1005: ';' expected.
src/utils/inspection/submitInspectionToBackend.ts(2,210): error TS1005: ')' expected.
src/utils/inspection/submitInspectionToBackend.ts(2,216): error TS1005: '{' expected.
src/utils/inspection/submitInspectionToBackend.ts(2,222): error TS1003: Identifier expected.
src/utils/inspection/submitInspectionToBackend.ts(4,1): error TS1127: Invalid character.
src/utils/inspection/submitInspectionToBackend.ts(4,2): error TS1127: Invalid character.
src/utils/inspection/submitInspectionToBackend.ts(4,3): error TS1127: Invalid character.
src/utils/inspection/submitInspectionToBackend.ts(6,3): error TS1443: Module declaration names may only use ' or " quoted strings.
src/utils/inspection/submitInspectionToBackend.ts(61,8): error TS1434: Unexpected keyword or identifier.
src/utils/inspection/submitInspectionToBackend.ts(61,60): error TS1005: ';' expected.
src/utils/inspection/submitInspectionToBackend.ts(61,67): error TS1161: Unterminated regular expression literal.
src/utils/inspection/submitInspectionToBackend.ts(71,5): error TS1128: Declaration or statement expected.
src/utils/inspection/submitInspectionToBackend.ts(80,3): error TS1128: Declaration or statement expected.
src/utils/inspection/submitInspectionToBackend.ts(80,5): error TS1005: 'try' expected.
src/utils/inspection/submitInspectionToBackend.ts(94,1): error TS1128: Declaration or statement expected.
src/utils/inspection/submitInspectionToBackend.ts(95,4): error TS1160: Unterminated template literal.
src/utils/RewardHelper.ts(2,1): error TS1435: Unknown keyword or identifier. Did you mean 'this'?
src/utils/RewardHelper.ts(2,6): error TS1434: Unexpected keyword or identifier.
src/utils/RewardHelper.ts(2,14): error TS1434: Unexpected keyword or identifier.
src/utils/RewardHelper.ts(2,23): error TS1434: Unexpected keyword or identifier.
src/utils/RewardHelper.ts(2,41): error TS1005: ';' expected.
src/utils/RewardHelper.ts(2,45): error TS1434: Unexpected keyword or identifier.
src/utils/RewardHelper.ts(2,50): error TS1435: Unknown keyword or identifier. Did you mean 'for mat'?
src/utils/RewardHelper.ts(2,57): error TS1434: Unexpected keyword or identifier.
src/utils/RewardHelper.ts(2,62): error TS1434: Unexpected keyword or identifier.
src/utils/RewardHelper.ts(4,1): error TS1003: Identifier expected.
src/utils/RewardHelper.ts(36,36): error TS1005: ';' expected.
src/utils/RewardHelper.ts(36,43): error TS1434: Unexpected keyword or identifier.
src/utils/RewardHelper.ts(36,66): error TS1005: ';' expected.
src/utils/RewardHelper.ts(36,76): error TS1003: Identifier expected.
src/utils/SocialShareHelper.ts(2,3): error TS1443: Module declaration names may only use ' or " quoted strings.
src/utils/SocialShareHelper.ts(16,59): error TS1443: Module declaration names may only use ' or " quoted strings.
src/utils/SocialShareHelper.ts(16,68): error TS1443: Module declaration names may only use ' or " quoted strings.
src/utils/SocialShareHelper.ts(16,95): error TS1146: Declaration expected.
src/utils/SocialShareHelper.ts(17,25): error TS1005: ';' expected.
src/utils/SocialShareHelper.ts(17,29): error TS1434: Unexpected keyword or identifier.
src/utils/SocialShareHelper.ts(18,1): error TS1109: Expression expected.
src/utils/SocialShareHelper.ts(18,32): error TS1005: ';' expected.
src/utils/SocialShareHelper.ts(19,1): error TS1109: Expression expected.
src/utils/SocialShareHelper.ts(19,27): error TS1005: ';' expected.
src/utils/SocialShareHelper.ts(20,1): error TS1109: Expression expected.
src/utils/SocialShareHelper.ts(20,28): error TS1005: ';' expected.
src/utils/SocialShareHelper.ts(21,1): error TS1109: Expression expected.
src/utils/SocialShareHelper.ts(21,28): error TS1005: ';' expected.
src/utils/SocialShareHelper.ts(22,1): error TS1109: Expression expected.
src/utils/SocialShareHelper.ts(22,26): error TS1005: ';' expected.
src/utils/SocialShareHelper.ts(22,41): error TS1003: Identifier expected.
src/utils/SocialShareHelper.ts(23,1): error TS1109: Expression expected.
src/utils/SocialShareHelper.ts(23,27): error TS1005: ';' expected.
src/utils/SocialShareHelper.ts(24,1): error TS1109: Expression expected.
src/utils/SocialShareHelper.ts(24,2): error TS1161: Unterminated regular expression literal.
src/utils/SocialShareHelper.ts(297,4): error TS1160: Unterminated template literal.
